09:50:09 DEBUG: Hooks - ***** START of Scenario: Contact successfully *****
09:50:09 INFO : InitDriver - ===============================================================
09:50:09 INFO : InitDriver - |          Environment : ft
09:50:09 INFO : InitDriver - |          Operating System : Windows 10
09:50:09 INFO : InitDriver - |          Browser: chrome
09:50:09 INFO : InitDriver - |          Browser config file: chrome.properties
09:50:09 INFO : InitDriver - ===============================================================

09:50:09 DEBUG: WebDriverConfig - File: chrome.properties exists
09:50:09 INFO : WebLocatorConfig - 
	weblocator.log.containers=false
	weblocator.log.useClassName=false
	weblocator.log.xPath=true
	weblocator.log.retryException=true
	weblocator.log.suggestions=true
	weblocator.highlight=true
	weblocator.generateCssSelector=false
	weblocator.defaults.renderMillis=5000
	weblocator.defaults.searchType=contains
	weblocator.defaults.labelPosition=/parent::*/following-sibling::div[1]//
	weblocator.min.chars.toType=-1
	driver.autoClose=true
	driver.implicitlyWait=150
	upload.exe.path=src\test\resources\upload\upload.exe
	weblocator.log.logXPathEnabled=true

09:50:09 INFO : WebDriverConfig - Browser is: chrome
09:50:09 INFO : WebDriverConfig - 
	browser=chrome
	browser.driver.path=src\test\resources\drivers\chromedriver.exe
	browser.download.dir=src/test/resources/downloads/
	options.arguments=--lang=en --allow-running-insecure-content --enable-logging --v=1 --test-type
	options.experimental.profile.default_content_setting_values.automatic_downloads=1
	options.experimental.profile.content_settings.pattern_pairs.*.multiple-automatic-downloads=1
	options.experimental.profile.default_content_settings.popups=0
	options.experimental.download.prompt_for_download=1

09:50:09 INFO : ChromeConfigReader - The properties was load with success: 
	browser=chrome
	browser.driver.path=src\test\resources\drivers\chromedriver.exe
	browser.download.dir=src/test/resources/downloads/
	options.arguments=--lang=en --allow-running-insecure-content --enable-logging --v=1 --test-type
	options.experimental.profile.default_content_setting_values.automatic_downloads=1
	options.experimental.profile.content_settings.pattern_pairs.*.multiple-automatic-downloads=1
	options.experimental.profile.default_content_settings.popups=0
	options.experimental.download.prompt_for_download=1

09:50:16 INFO : WebDriverConfig - ===============================================================
09:50:16 INFO : WebDriverConfig - |          Open Selenium Web Driver 
09:50:16 INFO : WebDriverConfig - ===============================================================

09:50:26 INFO : WebLocator - click on Contact
09:50:26 INFO : WebLocatorDriverExecutor - Set value(@placeholder=Name): 'Ruben'
09:50:26 INFO : WebLocatorDriverExecutor - Set value(@placeholder=Email): 'testare1984@gmail.com'
09:50:31 WARN : WebLocatorDriverExecutor - Element not found after 5000 millis; @placeholder=Message
09:50:31 DEBUG: WebLocatorDriverExecutor - 	$x("//input[@placeholder='Message']")
09:50:31 DEBUG: WebLocatorSuggestions - getSuggestion >> enter
09:50:40 DEBUG: WebLocatorSuggestions - No suggestions found for @placeholder=Message
09:50:40 DEBUG: WebLocatorSuggestions - getSuggestion << exit
09:50:40 WARN : Hooks - "Contact successfully" scenario has failed! Screenshot embedded in the report.
09:50:41 DEBUG: Hooks - ***** END of Scenario: Contact successfully *****
09:50:41 INFO : WebDriverConfig - ===============================================================
09:50:41 INFO : WebDriverConfig - |          Stopping driver (closing browser)                   |
09:50:41 INFO : WebDriverConfig - ===============================================================
09:50:43 DEBUG: WebDriverConfig - ===============================================================
09:50:43 DEBUG: WebDriverConfig - |         Driver stopped (browser closed)                     |
09:50:43 DEBUG: WebDriverConfig - ===============================================================

09:53:15 DEBUG: Hooks - ***** START of Scenario: Contact successfully *****
09:53:15 INFO : InitDriver - ===============================================================
09:53:15 INFO : InitDriver - |          Environment : ft
09:53:15 INFO : InitDriver - |          Operating System : Windows 10
09:53:15 INFO : InitDriver - |          Browser: chrome
09:53:15 INFO : InitDriver - |          Browser config file: chrome.properties
09:53:15 INFO : InitDriver - ===============================================================

09:53:15 DEBUG: WebDriverConfig - File: chrome.properties exists
09:53:15 INFO : WebLocatorConfig - 
	weblocator.log.containers=false
	weblocator.log.useClassName=false
	weblocator.log.xPath=true
	weblocator.log.retryException=true
	weblocator.log.suggestions=true
	weblocator.highlight=true
	weblocator.generateCssSelector=false
	weblocator.defaults.renderMillis=5000
	weblocator.defaults.searchType=contains
	weblocator.defaults.labelPosition=/parent::*/following-sibling::div[1]//
	weblocator.min.chars.toType=-1
	driver.autoClose=true
	driver.implicitlyWait=150
	upload.exe.path=src\test\resources\upload\upload.exe
	weblocator.log.logXPathEnabled=true

09:53:15 INFO : WebDriverConfig - Browser is: chrome
09:53:15 INFO : WebDriverConfig - 
	browser=chrome
	browser.driver.path=src\test\resources\drivers\chromedriver.exe
	browser.download.dir=src/test/resources/downloads/
	options.arguments=--lang=en --allow-running-insecure-content --enable-logging --v=1 --test-type
	options.experimental.profile.default_content_setting_values.automatic_downloads=1
	options.experimental.profile.content_settings.pattern_pairs.*.multiple-automatic-downloads=1
	options.experimental.profile.default_content_settings.popups=0
	options.experimental.download.prompt_for_download=1

09:53:15 INFO : ChromeConfigReader - The properties was load with success: 
	browser=chrome
	browser.driver.path=src\test\resources\drivers\chromedriver.exe
	browser.download.dir=src/test/resources/downloads/
	options.arguments=--lang=en --allow-running-insecure-content --enable-logging --v=1 --test-type
	options.experimental.profile.default_content_setting_values.automatic_downloads=1
	options.experimental.profile.content_settings.pattern_pairs.*.multiple-automatic-downloads=1
	options.experimental.profile.default_content_settings.popups=0
	options.experimental.download.prompt_for_download=1

09:53:19 INFO : WebDriverConfig - ===============================================================
09:53:19 INFO : WebDriverConfig - |          Open Selenium Web Driver 
09:53:19 INFO : WebDriverConfig - ===============================================================

09:53:28 INFO : WebLocator - click on Contact
09:53:28 INFO : WebLocatorDriverExecutor - Set value(@placeholder=Name): 'Ruben'
09:53:28 INFO : WebLocatorDriverExecutor - Set value(@placeholder=Email): 'testare1984@gmail.com'
09:53:34 WARN : WebLocatorDriverExecutor - Element not found after 5000 millis; @placeholder=Message
09:53:34 DEBUG: WebLocatorDriverExecutor - 	$x("//input[@placeholder='Message']")
09:53:34 DEBUG: WebLocatorSuggestions - getSuggestion >> enter
09:53:43 DEBUG: WebLocatorSuggestions - No suggestions found for @placeholder=Message
09:53:43 DEBUG: WebLocatorSuggestions - getSuggestion << exit
09:53:43 WARN : Hooks - "Contact successfully" scenario has failed! Screenshot embedded in the report.
09:53:44 DEBUG: Hooks - ***** END of Scenario: Contact successfully *****
09:53:44 INFO : WebDriverConfig - ===============================================================
09:53:44 INFO : WebDriverConfig - |          Stopping driver (closing browser)                   |
09:53:44 INFO : WebDriverConfig - ===============================================================
09:53:45 DEBUG: WebDriverConfig - ===============================================================
09:53:45 DEBUG: WebDriverConfig - |         Driver stopped (browser closed)                     |
09:53:45 DEBUG: WebDriverConfig - ===============================================================

09:54:52 DEBUG: Hooks - ***** START of Scenario: Contact successfully *****
09:54:52 INFO : InitDriver - ===============================================================
09:54:52 INFO : InitDriver - |          Environment : ft
09:54:52 INFO : InitDriver - |          Operating System : Windows 10
09:54:52 INFO : InitDriver - |          Browser: chrome
09:54:52 INFO : InitDriver - |          Browser config file: chrome.properties
09:54:52 INFO : InitDriver - ===============================================================

09:54:52 DEBUG: WebDriverConfig - File: chrome.properties exists
09:54:52 INFO : WebLocatorConfig - 
	weblocator.log.containers=false
	weblocator.log.useClassName=false
	weblocator.log.xPath=true
	weblocator.log.retryException=true
	weblocator.log.suggestions=true
	weblocator.highlight=true
	weblocator.generateCssSelector=false
	weblocator.defaults.renderMillis=5000
	weblocator.defaults.searchType=contains
	weblocator.defaults.labelPosition=/parent::*/following-sibling::div[1]//
	weblocator.min.chars.toType=-1
	driver.autoClose=true
	driver.implicitlyWait=150
	upload.exe.path=src\test\resources\upload\upload.exe
	weblocator.log.logXPathEnabled=true

09:54:52 INFO : WebDriverConfig - Browser is: chrome
09:54:52 INFO : WebDriverConfig - 
	browser=chrome
	browser.driver.path=src\test\resources\drivers\chromedriver.exe
	browser.download.dir=src/test/resources/downloads/
	options.arguments=--lang=en --allow-running-insecure-content --enable-logging --v=1 --test-type
	options.experimental.profile.default_content_setting_values.automatic_downloads=1
	options.experimental.profile.content_settings.pattern_pairs.*.multiple-automatic-downloads=1
	options.experimental.profile.default_content_settings.popups=0
	options.experimental.download.prompt_for_download=1

09:54:52 INFO : ChromeConfigReader - The properties was load with success: 
	browser=chrome
	browser.driver.path=src\test\resources\drivers\chromedriver.exe
	browser.download.dir=src/test/resources/downloads/
	options.arguments=--lang=en --allow-running-insecure-content --enable-logging --v=1 --test-type
	options.experimental.profile.default_content_setting_values.automatic_downloads=1
	options.experimental.profile.content_settings.pattern_pairs.*.multiple-automatic-downloads=1
	options.experimental.profile.default_content_settings.popups=0
	options.experimental.download.prompt_for_download=1

09:54:54 INFO : WebDriverConfig - ===============================================================
09:54:54 INFO : WebDriverConfig - |          Open Selenium Web Driver 
09:54:54 INFO : WebDriverConfig - ===============================================================

09:55:02 INFO : WebLocator - click on Contact
09:55:03 INFO : WebLocatorDriverExecutor - Set value(@placeholder=Name): 'Ruben'
09:55:03 INFO : WebLocatorDriverExecutor - Set value(@placeholder=Email): 'testare1984@gmail.com'
09:55:08 WARN : WebLocatorDriverExecutor - Element not found after 5000 millis; @placeholder=your-message
09:55:08 DEBUG: WebLocatorDriverExecutor - 	$x("//input[@placeholder='your-message']")
09:55:08 DEBUG: WebLocatorSuggestions - getSuggestion >> enter
09:55:13 DEBUG: WebLocatorSuggestions - No suggestions found for @placeholder=your-message
09:55:13 DEBUG: WebLocatorSuggestions - getSuggestion << exit
09:55:13 WARN : Hooks - "Contact successfully" scenario has failed! Screenshot embedded in the report.
09:55:13 INFO : WebDriverConfig - ===============================================================
09:55:13 INFO : WebDriverConfig - |          Stopping driver (closing browser)                   |
09:55:13 INFO : WebDriverConfig - ===============================================================
09:55:14 DEBUG: WebDriverConfig - ===============================================================
09:55:14 DEBUG: WebDriverConfig - |         Driver stopped (browser closed)                     |
09:55:14 DEBUG: WebDriverConfig - ===============================================================

09:58:45 DEBUG: Hooks - ***** START of Scenario: Contact successfully *****
09:58:45 INFO : InitDriver - ===============================================================
09:58:45 INFO : InitDriver - |          Environment : ft
09:58:45 INFO : InitDriver - |          Operating System : Windows 10
09:58:45 INFO : InitDriver - |          Browser: chrome
09:58:45 INFO : InitDriver - |          Browser config file: chrome.properties
09:58:45 INFO : InitDriver - ===============================================================

09:58:45 DEBUG: WebDriverConfig - File: chrome.properties exists
09:58:45 INFO : WebLocatorConfig - 
	weblocator.log.containers=false
	weblocator.log.useClassName=false
	weblocator.log.xPath=true
	weblocator.log.retryException=true
	weblocator.log.suggestions=true
	weblocator.highlight=true
	weblocator.generateCssSelector=false
	weblocator.defaults.renderMillis=5000
	weblocator.defaults.searchType=contains
	weblocator.defaults.labelPosition=/parent::*/following-sibling::div[1]//
	weblocator.min.chars.toType=-1
	driver.autoClose=true
	driver.implicitlyWait=150
	upload.exe.path=src\test\resources\upload\upload.exe
	weblocator.log.logXPathEnabled=true

09:58:45 INFO : WebDriverConfig - Browser is: chrome
09:58:45 INFO : WebDriverConfig - 
	browser=chrome
	browser.driver.path=src\test\resources\drivers\chromedriver.exe
	browser.download.dir=src/test/resources/downloads/
	options.arguments=--lang=en --allow-running-insecure-content --enable-logging --v=1 --test-type
	options.experimental.profile.default_content_setting_values.automatic_downloads=1
	options.experimental.profile.content_settings.pattern_pairs.*.multiple-automatic-downloads=1
	options.experimental.profile.default_content_settings.popups=0
	options.experimental.download.prompt_for_download=1

09:58:45 INFO : ChromeConfigReader - The properties was load with success: 
	browser=chrome
	browser.driver.path=src\test\resources\drivers\chromedriver.exe
	browser.download.dir=src/test/resources/downloads/
	options.arguments=--lang=en --allow-running-insecure-content --enable-logging --v=1 --test-type
	options.experimental.profile.default_content_setting_values.automatic_downloads=1
	options.experimental.profile.content_settings.pattern_pairs.*.multiple-automatic-downloads=1
	options.experimental.profile.default_content_settings.popups=0
	options.experimental.download.prompt_for_download=1

09:58:48 INFO : WebDriverConfig - ===============================================================
09:58:48 INFO : WebDriverConfig - |          Open Selenium Web Driver 
09:58:48 INFO : WebDriverConfig - ===============================================================

09:58:56 INFO : WebLocator - click on Contact
09:58:56 INFO : WebLocatorDriverExecutor - Set value(@placeholder=Name): 'Ruben'
09:58:56 INFO : WebLocatorDriverExecutor - Set value(@placeholder=Email): 'testare1984@gmail.com'
09:59:01 WARN : WebLocatorDriverExecutor - Element not found after 5000 millis; Message
09:59:01 DEBUG: WebLocatorDriverExecutor - 	$x("//label[text()='Message']//following-sibling::input[count(ancestor-or-self::*[contains(@style, 'display: none')]) = 0]")
09:59:01 DEBUG: WebLocatorSuggestions - getSuggestion >> enter
09:59:02 INFO : WebLocatorSuggestions - Could not find the label 'Message' using  tag 'label' and search type '[EQUALS]'
09:59:09 WARN : WebLocatorSuggestions - But found it using tag * and search types [STARTS_WITH, CONTAINS_ALL, TRIM]
09:59:09 DEBUG: WebLocatorSuggestions - getSuggestion << exit
09:59:09 WARN : Hooks - "Contact successfully" scenario has failed! Screenshot embedded in the report.
09:59:10 DEBUG: Hooks - ***** END of Scenario: Contact successfully *****
09:59:10 INFO : WebDriverConfig - ===============================================================
09:59:10 INFO : WebDriverConfig - |          Stopping driver (closing browser)                   |
09:59:10 INFO : WebDriverConfig - ===============================================================
09:59:11 DEBUG: WebDriverConfig - ===============================================================
09:59:11 DEBUG: WebDriverConfig - |         Driver stopped (browser closed)                     |
09:59:11 DEBUG: WebDriverConfig - ===============================================================

10:52:19 DEBUG: Hooks - ***** START of Scenario: Contact successfully *****
10:52:19 INFO : InitDriver - ===============================================================
10:52:19 INFO : InitDriver - |          Environment : ft
10:52:19 INFO : InitDriver - |          Operating System : Windows 10
10:52:19 INFO : InitDriver - |          Browser: chrome
10:52:19 INFO : InitDriver - |          Browser config file: chrome.properties
10:52:19 INFO : InitDriver - ===============================================================

10:52:19 DEBUG: WebDriverConfig - File: chrome.properties exists
10:52:19 INFO : WebLocatorConfig - 
	weblocator.log.containers=false
	weblocator.log.useClassName=false
	weblocator.log.xPath=true
	weblocator.log.retryException=true
	weblocator.log.suggestions=true
	weblocator.highlight=true
	weblocator.generateCssSelector=false
	weblocator.defaults.renderMillis=5000
	weblocator.defaults.searchType=contains
	weblocator.defaults.labelPosition=/parent::*/following-sibling::div[1]//
	weblocator.min.chars.toType=-1
	driver.autoClose=true
	driver.implicitlyWait=150
	upload.exe.path=src\test\resources\upload\upload.exe
	weblocator.log.logXPathEnabled=true

10:52:19 INFO : WebDriverConfig - Browser is: chrome
10:52:19 INFO : WebDriverConfig - 
	browser=chrome
	browser.driver.path=src\test\resources\drivers\chromedriver.exe
	browser.download.dir=src/test/resources/downloads/
	options.arguments=--lang=en --allow-running-insecure-content --enable-logging --v=1 --test-type
	options.experimental.profile.default_content_setting_values.automatic_downloads=1
	options.experimental.profile.content_settings.pattern_pairs.*.multiple-automatic-downloads=1
	options.experimental.profile.default_content_settings.popups=0
	options.experimental.download.prompt_for_download=1

10:52:19 INFO : ChromeConfigReader - The properties was load with success: 
	browser=chrome
	browser.driver.path=src\test\resources\drivers\chromedriver.exe
	browser.download.dir=src/test/resources/downloads/
	options.arguments=--lang=en --allow-running-insecure-content --enable-logging --v=1 --test-type
	options.experimental.profile.default_content_setting_values.automatic_downloads=1
	options.experimental.profile.content_settings.pattern_pairs.*.multiple-automatic-downloads=1
	options.experimental.profile.default_content_settings.popups=0
	options.experimental.download.prompt_for_download=1

10:52:22 INFO : WebDriverConfig - ===============================================================
10:52:22 INFO : WebDriverConfig - |          Open Selenium Web Driver 
10:52:22 INFO : WebDriverConfig - ===============================================================

10:52:32 INFO : WebLocator - click on Contact
10:52:32 INFO : WebLocatorDriverExecutor - Set value(@placeholder=Name): 'Ruben'
10:52:32 INFO : WebLocatorDriverExecutor - Set value(@placeholder=Email): 'testare1984@gmail.com'
10:52:33 ERROR: WebLocatorDriverExecutor - final ElementNotVisibleException in sendKeys: your-message
org.openqa.selenium.ElementNotVisibleException: element not visible
  (Session info: chrome=52.0.2743.116)
  (Driver info: chromedriver=2.18.343845 (73dd713ba7fbfb73cbb514e62641d8c96a94682a),platform=Windows NT 10.0 x86_64) (WARNING: The server did not provide any stacktrace information)
Command duration or timeout: 239 milliseconds
Build info: version: '2.53.0', revision: '35ae25b1534ae328c771e0856c93e187490ca824', time: '2016-03-15 10:43:46'
System info: host: 'DESKTOP-925GGRL', ip: '192.168.1.45', os.name: 'Windows 10', os.arch: 'amd64', os.version: '10.0', java.version: '1.8.0_91'
Driver info: org.openqa.selenium.chrome.ChromeDriver
Capabilities [{applicationCacheEnabled=false, rotatable=false, mobileEmulationEnabled=false, chrome={userDataDir=C:\Users\SICA-S~1\AppData\Local\Temp\scoped_dir2588_31979}, takesHeapSnapshot=true, databaseEnabled=false, handlesAlerts=true, hasTouchScreen=false, version=52.0.2743.116, platform=XP, browserConnectionEnabled=false, nativeEvents=true, acceptSslCerts=true, locationContextEnabled=true, webStorageEnabled=true, browserName=chrome, takesScreenshot=true, javascriptEnabled=true, cssSelectorsEnabled=true}]
Session ID: a6db2aa0b713808be0f60283f3234784
	at sun.reflect.NativeConstructorAccessorImpl.newInstance0(Native Method)
	at sun.reflect.NativeConstructorAccessorImpl.newInstance(NativeConstructorAccessorImpl.java:62)
	at sun.reflect.DelegatingConstructorAccessorImpl.newInstance(DelegatingConstructorAccessorImpl.java:45)
	at java.lang.reflect.Constructor.newInstance(Constructor.java:423)
	at org.openqa.selenium.remote.ErrorHandler.createThrowable(ErrorHandler.java:206)
	at org.openqa.selenium.remote.ErrorHandler.throwIfResponseFailed(ErrorHandler.java:158)
	at org.openqa.selenium.remote.RemoteWebDriver.execute(RemoteWebDriver.java:678)
	at org.openqa.selenium.remote.RemoteWebElement.execute(RemoteWebElement.java:327)
	at org.openqa.selenium.remote.RemoteWebElement.sendKeys(RemoteWebElement.java:122)
	at com.sdl.selenium.web.WebLocatorDriverExecutor.tryAgainDoSendKeys(WebLocatorDriverExecutor.java:208)
	at com.sdl.selenium.web.WebLocatorDriverExecutor.sendKeys(WebLocatorDriverExecutor.java:178)
	at com.sdl.selenium.web.WebLocator.sendKeys(WebLocator.java:241)
	at com.zikyo.utils.Recogroup.ContactView.setValue(ContactView.java:12)
	at com.zikyo.steps.contactSteps.ContactSteps.iTypeIntoCaptchaField(ContactSteps.java:14)
	at sun.reflect.NativeMethodAccessorImpl.invoke0(Native Method)
	at sun.reflect.NativeMethodAccessorImpl.invoke(NativeMethodAccessorImpl.java:62)
	at sun.reflect.DelegatingMethodAccessorImpl.invoke(DelegatingMethodAccessorImpl.java:43)
	at java.lang.reflect.Method.invoke(Method.java:498)
	at cucumber.runtime.Utils$1.call(Utils.java:37)
	at cucumber.runtime.Timeout.timeout(Timeout.java:13)
	at cucumber.runtime.Utils.invoke(Utils.java:31)
	at cucumber.runtime.java.JavaStepDefinition.execute(JavaStepDefinition.java:38)
	at cucumber.runtime.StepDefinitionMatch.runStep(StepDefinitionMatch.java:37)
	at cucumber.runtime.Runtime.runStep(Runtime.java:299)
	at cucumber.runtime.model.StepContainer.runStep(StepContainer.java:44)
	at cucumber.runtime.model.StepContainer.runSteps(StepContainer.java:39)
	at cucumber.runtime.model.CucumberScenario.run(CucumberScenario.java:44)
	at cucumber.runtime.model.CucumberFeature.run(CucumberFeature.java:165)
	at cucumber.runtime.Runtime.run(Runtime.java:121)
	at cucumber.api.cli.Main.run(Main.java:36)
	at cucumber.api.cli.Main.main(Main.java:18)
	at sun.reflect.NativeMethodAccessorImpl.invoke0(Native Method)
	at sun.reflect.NativeMethodAccessorImpl.invoke(NativeMethodAccessorImpl.java:62)
	at sun.reflect.DelegatingMethodAccessorImpl.invoke(DelegatingMethodAccessorImpl.java:43)
	at java.lang.reflect.Method.invoke(Method.java:498)
	at com.intellij.rt.execution.application.AppMain.main(AppMain.java:144)
10:52:33 WARN : Hooks - "Contact successfully" scenario has failed! Screenshot embedded in the report.
10:52:34 DEBUG: Hooks - ***** END of Scenario: Contact successfully *****
10:52:34 INFO : WebDriverConfig - ===============================================================
10:52:34 INFO : WebDriverConfig - |          Stopping driver (closing browser)                   |
10:52:34 INFO : WebDriverConfig - ===============================================================
10:52:36 DEBUG: WebDriverConfig - ===============================================================
10:52:36 DEBUG: WebDriverConfig - |         Driver stopped (browser closed)                     |
10:52:36 DEBUG: WebDriverConfig - ===============================================================

10:53:54 DEBUG: Hooks - ***** START of Scenario: Contact successfully *****
10:53:54 INFO : InitDriver - ===============================================================
10:53:54 INFO : InitDriver - |          Environment : ft
10:53:54 INFO : InitDriver - |          Operating System : Windows 10
10:53:54 INFO : InitDriver - |          Browser: chrome
10:53:54 INFO : InitDriver - |          Browser config file: chrome.properties
10:53:54 INFO : InitDriver - ===============================================================

10:53:54 DEBUG: WebDriverConfig - File: chrome.properties exists
10:53:54 INFO : WebLocatorConfig - 
	weblocator.log.containers=false
	weblocator.log.useClassName=false
	weblocator.log.xPath=true
	weblocator.log.retryException=true
	weblocator.log.suggestions=true
	weblocator.highlight=true
	weblocator.generateCssSelector=false
	weblocator.defaults.renderMillis=5000
	weblocator.defaults.searchType=contains
	weblocator.defaults.labelPosition=/parent::*/following-sibling::div[1]//
	weblocator.min.chars.toType=-1
	driver.autoClose=true
	driver.implicitlyWait=150
	upload.exe.path=src\test\resources\upload\upload.exe
	weblocator.log.logXPathEnabled=true

10:53:54 INFO : WebDriverConfig - Browser is: chrome
10:53:54 INFO : WebDriverConfig - 
	browser=chrome
	browser.driver.path=src\test\resources\drivers\chromedriver.exe
	browser.download.dir=src/test/resources/downloads/
	options.arguments=--lang=en --allow-running-insecure-content --enable-logging --v=1 --test-type
	options.experimental.profile.default_content_setting_values.automatic_downloads=1
	options.experimental.profile.content_settings.pattern_pairs.*.multiple-automatic-downloads=1
	options.experimental.profile.default_content_settings.popups=0
	options.experimental.download.prompt_for_download=1

10:53:54 INFO : ChromeConfigReader - The properties was load with success: 
	browser=chrome
	browser.driver.path=src\test\resources\drivers\chromedriver.exe
	browser.download.dir=src/test/resources/downloads/
	options.arguments=--lang=en --allow-running-insecure-content --enable-logging --v=1 --test-type
	options.experimental.profile.default_content_setting_values.automatic_downloads=1
	options.experimental.profile.content_settings.pattern_pairs.*.multiple-automatic-downloads=1
	options.experimental.profile.default_content_settings.popups=0
	options.experimental.download.prompt_for_download=1

10:53:57 INFO : WebDriverConfig - ===============================================================
10:53:57 INFO : WebDriverConfig - |          Open Selenium Web Driver 
10:53:57 INFO : WebDriverConfig - ===============================================================

10:54:04 INFO : WebLocator - click on Contact
10:54:04 INFO : WebLocatorDriverExecutor - Set value(@placeholder=Name): 'Ruben'
10:54:04 INFO : WebLocatorDriverExecutor - Set value(@placeholder=Email): 'testare1984@gmail.com'
10:54:05 ERROR: WebLocatorDriverExecutor - final ElementNotVisibleException in sendKeys: your-message
org.openqa.selenium.ElementNotVisibleException: element not visible
  (Session info: chrome=52.0.2743.116)
  (Driver info: chromedriver=2.18.343845 (73dd713ba7fbfb73cbb514e62641d8c96a94682a),platform=Windows NT 10.0 x86_64) (WARNING: The server did not provide any stacktrace information)
Command duration or timeout: 250 milliseconds
Build info: version: '2.53.0', revision: '35ae25b1534ae328c771e0856c93e187490ca824', time: '2016-03-15 10:43:46'
System info: host: 'DESKTOP-925GGRL', ip: '192.168.1.45', os.name: 'Windows 10', os.arch: 'amd64', os.version: '10.0', java.version: '1.8.0_91'
Driver info: org.openqa.selenium.chrome.ChromeDriver
Capabilities [{applicationCacheEnabled=false, rotatable=false, mobileEmulationEnabled=false, chrome={userDataDir=C:\Users\SICA-S~1\AppData\Local\Temp\scoped_dir7340_25152}, takesHeapSnapshot=true, databaseEnabled=false, handlesAlerts=true, hasTouchScreen=false, version=52.0.2743.116, platform=XP, browserConnectionEnabled=false, nativeEvents=true, acceptSslCerts=true, locationContextEnabled=true, webStorageEnabled=true, browserName=chrome, takesScreenshot=true, javascriptEnabled=true, cssSelectorsEnabled=true}]
Session ID: cba6c24e80a7c6d971a80bad157e7f50
	at sun.reflect.NativeConstructorAccessorImpl.newInstance0(Native Method)
	at sun.reflect.NativeConstructorAccessorImpl.newInstance(NativeConstructorAccessorImpl.java:62)
	at sun.reflect.DelegatingConstructorAccessorImpl.newInstance(DelegatingConstructorAccessorImpl.java:45)
	at java.lang.reflect.Constructor.newInstance(Constructor.java:423)
	at org.openqa.selenium.remote.ErrorHandler.createThrowable(ErrorHandler.java:206)
	at org.openqa.selenium.remote.ErrorHandler.throwIfResponseFailed(ErrorHandler.java:158)
	at org.openqa.selenium.remote.RemoteWebDriver.execute(RemoteWebDriver.java:678)
	at org.openqa.selenium.remote.RemoteWebElement.execute(RemoteWebElement.java:327)
	at org.openqa.selenium.remote.RemoteWebElement.sendKeys(RemoteWebElement.java:122)
	at com.sdl.selenium.web.WebLocatorDriverExecutor.tryAgainDoSendKeys(WebLocatorDriverExecutor.java:208)
	at com.sdl.selenium.web.WebLocatorDriverExecutor.sendKeys(WebLocatorDriverExecutor.java:178)
	at com.sdl.selenium.web.WebLocator.sendKeys(WebLocator.java:241)
	at com.zikyo.utils.Recogroup.ContactView.setValue(ContactView.java:12)
	at com.zikyo.steps.contactSteps.ContactSteps.iTypeIntoCaptchaField(ContactSteps.java:14)
	at sun.reflect.NativeMethodAccessorImpl.invoke0(Native Method)
	at sun.reflect.NativeMethodAccessorImpl.invoke(NativeMethodAccessorImpl.java:62)
	at sun.reflect.DelegatingMethodAccessorImpl.invoke(DelegatingMethodAccessorImpl.java:43)
	at java.lang.reflect.Method.invoke(Method.java:498)
	at cucumber.runtime.Utils$1.call(Utils.java:37)
	at cucumber.runtime.Timeout.timeout(Timeout.java:13)
	at cucumber.runtime.Utils.invoke(Utils.java:31)
	at cucumber.runtime.java.JavaStepDefinition.execute(JavaStepDefinition.java:38)
	at cucumber.runtime.StepDefinitionMatch.runStep(StepDefinitionMatch.java:37)
	at cucumber.runtime.Runtime.runStep(Runtime.java:299)
	at cucumber.runtime.model.StepContainer.runStep(StepContainer.java:44)
	at cucumber.runtime.model.StepContainer.runSteps(StepContainer.java:39)
	at cucumber.runtime.model.CucumberScenario.run(CucumberScenario.java:44)
	at cucumber.runtime.model.CucumberFeature.run(CucumberFeature.java:165)
	at cucumber.runtime.Runtime.run(Runtime.java:121)
	at cucumber.api.cli.Main.run(Main.java:36)
	at cucumber.api.cli.Main.main(Main.java:18)
	at sun.reflect.NativeMethodAccessorImpl.invoke0(Native Method)
	at sun.reflect.NativeMethodAccessorImpl.invoke(NativeMethodAccessorImpl.java:62)
	at sun.reflect.DelegatingMethodAccessorImpl.invoke(DelegatingMethodAccessorImpl.java:43)
	at java.lang.reflect.Method.invoke(Method.java:498)
	at com.intellij.rt.execution.application.AppMain.main(AppMain.java:144)
10:54:05 WARN : Hooks - "Contact successfully" scenario has failed! Screenshot embedded in the report.
10:54:06 DEBUG: Hooks - ***** END of Scenario: Contact successfully *****
10:54:06 INFO : WebDriverConfig - ===============================================================
10:54:06 INFO : WebDriverConfig - |          Stopping driver (closing browser)                   |
10:54:06 INFO : WebDriverConfig - ===============================================================
10:54:07 DEBUG: WebDriverConfig - ===============================================================
10:54:07 DEBUG: WebDriverConfig - |         Driver stopped (browser closed)                     |
10:54:07 DEBUG: WebDriverConfig - ===============================================================

10:55:27 DEBUG: Hooks - ***** START of Scenario: Contact successfully *****
10:55:27 INFO : InitDriver - ===============================================================
10:55:27 INFO : InitDriver - |          Environment : ft
10:55:27 INFO : InitDriver - |          Operating System : Windows 10
10:55:27 INFO : InitDriver - |          Browser: chrome
10:55:27 INFO : InitDriver - |          Browser config file: chrome.properties
10:55:27 INFO : InitDriver - ===============================================================

10:55:27 DEBUG: WebDriverConfig - File: chrome.properties exists
10:55:27 INFO : WebLocatorConfig - 
	weblocator.log.containers=false
	weblocator.log.useClassName=false
	weblocator.log.xPath=true
	weblocator.log.retryException=true
	weblocator.log.suggestions=true
	weblocator.highlight=true
	weblocator.generateCssSelector=false
	weblocator.defaults.renderMillis=5000
	weblocator.defaults.searchType=contains
	weblocator.defaults.labelPosition=/parent::*/following-sibling::div[1]//
	weblocator.min.chars.toType=-1
	driver.autoClose=true
	driver.implicitlyWait=150
	upload.exe.path=src\test\resources\upload\upload.exe
	weblocator.log.logXPathEnabled=true

10:55:27 INFO : WebDriverConfig - Browser is: chrome
10:55:27 INFO : WebDriverConfig - 
	browser=chrome
	browser.driver.path=src\test\resources\drivers\chromedriver.exe
	browser.download.dir=src/test/resources/downloads/
	options.arguments=--lang=en --allow-running-insecure-content --enable-logging --v=1 --test-type
	options.experimental.profile.default_content_setting_values.automatic_downloads=1
	options.experimental.profile.content_settings.pattern_pairs.*.multiple-automatic-downloads=1
	options.experimental.profile.default_content_settings.popups=0
	options.experimental.download.prompt_for_download=1

10:55:27 INFO : ChromeConfigReader - The properties was load with success: 
	browser=chrome
	browser.driver.path=src\test\resources\drivers\chromedriver.exe
	browser.download.dir=src/test/resources/downloads/
	options.arguments=--lang=en --allow-running-insecure-content --enable-logging --v=1 --test-type
	options.experimental.profile.default_content_setting_values.automatic_downloads=1
	options.experimental.profile.content_settings.pattern_pairs.*.multiple-automatic-downloads=1
	options.experimental.profile.default_content_settings.popups=0
	options.experimental.download.prompt_for_download=1

10:55:30 INFO : WebDriverConfig - ===============================================================
10:55:30 INFO : WebDriverConfig - |          Open Selenium Web Driver 
10:55:30 INFO : WebDriverConfig - ===============================================================

10:55:38 INFO : WebLocator - click on Contact
10:55:38 INFO : WebLocatorDriverExecutor - Set value(@placeholder=Name): 'Ruben'
10:55:39 INFO : WebLocatorDriverExecutor - Set value(@placeholder=Email): 'testare1984@gmail.com'
10:55:40 ERROR: WebLocatorDriverExecutor - final ElementNotVisibleException in sendKeys: your-message
org.openqa.selenium.ElementNotVisibleException: element not visible
  (Session info: chrome=52.0.2743.116)
  (Driver info: chromedriver=2.18.343845 (73dd713ba7fbfb73cbb514e62641d8c96a94682a),platform=Windows NT 10.0 x86_64) (WARNING: The server did not provide any stacktrace information)
Command duration or timeout: 231 milliseconds
Build info: version: '2.53.0', revision: '35ae25b1534ae328c771e0856c93e187490ca824', time: '2016-03-15 10:43:46'
System info: host: 'DESKTOP-925GGRL', ip: '192.168.1.45', os.name: 'Windows 10', os.arch: 'amd64', os.version: '10.0', java.version: '1.8.0_91'
Driver info: org.openqa.selenium.chrome.ChromeDriver
Capabilities [{applicationCacheEnabled=false, rotatable=false, mobileEmulationEnabled=false, chrome={userDataDir=C:\Users\SICA-S~1\AppData\Local\Temp\scoped_dir7080_8340}, takesHeapSnapshot=true, databaseEnabled=false, handlesAlerts=true, hasTouchScreen=false, version=52.0.2743.116, platform=XP, browserConnectionEnabled=false, nativeEvents=true, acceptSslCerts=true, locationContextEnabled=true, webStorageEnabled=true, browserName=chrome, takesScreenshot=true, javascriptEnabled=true, cssSelectorsEnabled=true}]
Session ID: 6b5c5cbe21f038966bc16f60f30aa098
	at sun.reflect.NativeConstructorAccessorImpl.newInstance0(Native Method)
	at sun.reflect.NativeConstructorAccessorImpl.newInstance(NativeConstructorAccessorImpl.java:62)
	at sun.reflect.DelegatingConstructorAccessorImpl.newInstance(DelegatingConstructorAccessorImpl.java:45)
	at java.lang.reflect.Constructor.newInstance(Constructor.java:423)
	at org.openqa.selenium.remote.ErrorHandler.createThrowable(ErrorHandler.java:206)
	at org.openqa.selenium.remote.ErrorHandler.throwIfResponseFailed(ErrorHandler.java:158)
	at org.openqa.selenium.remote.RemoteWebDriver.execute(RemoteWebDriver.java:678)
	at org.openqa.selenium.remote.RemoteWebElement.execute(RemoteWebElement.java:327)
	at org.openqa.selenium.remote.RemoteWebElement.sendKeys(RemoteWebElement.java:122)
	at com.sdl.selenium.web.WebLocatorDriverExecutor.tryAgainDoSendKeys(WebLocatorDriverExecutor.java:208)
	at com.sdl.selenium.web.WebLocatorDriverExecutor.sendKeys(WebLocatorDriverExecutor.java:178)
	at com.sdl.selenium.web.WebLocator.sendKeys(WebLocator.java:241)
	at com.zikyo.utils.Recogroup.ContactView.setValue(ContactView.java:12)
	at com.zikyo.steps.contactSteps.ContactSteps.iTypeIntoCaptchaField(ContactSteps.java:14)
	at sun.reflect.NativeMethodAccessorImpl.invoke0(Native Method)
	at sun.reflect.NativeMethodAccessorImpl.invoke(NativeMethodAccessorImpl.java:62)
	at sun.reflect.DelegatingMethodAccessorImpl.invoke(DelegatingMethodAccessorImpl.java:43)
	at java.lang.reflect.Method.invoke(Method.java:498)
	at cucumber.runtime.Utils$1.call(Utils.java:37)
	at cucumber.runtime.Timeout.timeout(Timeout.java:13)
	at cucumber.runtime.Utils.invoke(Utils.java:31)
	at cucumber.runtime.java.JavaStepDefinition.execute(JavaStepDefinition.java:38)
	at cucumber.runtime.StepDefinitionMatch.runStep(StepDefinitionMatch.java:37)
	at cucumber.runtime.Runtime.runStep(Runtime.java:299)
	at cucumber.runtime.model.StepContainer.runStep(StepContainer.java:44)
	at cucumber.runtime.model.StepContainer.runSteps(StepContainer.java:39)
	at cucumber.runtime.model.CucumberScenario.run(CucumberScenario.java:44)
	at cucumber.runtime.model.CucumberFeature.run(CucumberFeature.java:165)
	at cucumber.runtime.Runtime.run(Runtime.java:121)
	at cucumber.api.cli.Main.run(Main.java:36)
	at cucumber.api.cli.Main.main(Main.java:18)
	at sun.reflect.NativeMethodAccessorImpl.invoke0(Native Method)
	at sun.reflect.NativeMethodAccessorImpl.invoke(NativeMethodAccessorImpl.java:62)
	at sun.reflect.DelegatingMethodAccessorImpl.invoke(DelegatingMethodAccessorImpl.java:43)
	at java.lang.reflect.Method.invoke(Method.java:498)
	at com.intellij.rt.execution.application.AppMain.main(AppMain.java:144)
10:55:40 WARN : Hooks - "Contact successfully" scenario has failed! Screenshot embedded in the report.
10:55:40 DEBUG: Hooks - ***** END of Scenario: Contact successfully *****
10:55:40 INFO : WebDriverConfig - ===============================================================
10:55:40 INFO : WebDriverConfig - |          Stopping driver (closing browser)                   |
10:55:40 INFO : WebDriverConfig - ===============================================================
10:55:42 DEBUG: WebDriverConfig - ===============================================================
10:55:42 DEBUG: WebDriverConfig - |         Driver stopped (browser closed)                     |
10:55:42 DEBUG: WebDriverConfig - ===============================================================

10:57:06 DEBUG: Hooks - ***** START of Scenario: Contact successfully *****
10:57:06 INFO : InitDriver - ===============================================================
10:57:06 INFO : InitDriver - |          Environment : ft
10:57:06 INFO : InitDriver - |          Operating System : Windows 10
10:57:06 INFO : InitDriver - |          Browser: chrome
10:57:06 INFO : InitDriver - |          Browser config file: chrome.properties
10:57:06 INFO : InitDriver - ===============================================================

10:57:06 DEBUG: WebDriverConfig - File: chrome.properties exists
10:57:06 INFO : WebLocatorConfig - 
	weblocator.log.containers=false
	weblocator.log.useClassName=false
	weblocator.log.xPath=true
	weblocator.log.retryException=true
	weblocator.log.suggestions=true
	weblocator.highlight=true
	weblocator.generateCssSelector=false
	weblocator.defaults.renderMillis=5000
	weblocator.defaults.searchType=contains
	weblocator.defaults.labelPosition=/parent::*/following-sibling::div[1]//
	weblocator.min.chars.toType=-1
	driver.autoClose=true
	driver.implicitlyWait=150
	upload.exe.path=src\test\resources\upload\upload.exe
	weblocator.log.logXPathEnabled=true

10:57:06 INFO : WebDriverConfig - Browser is: chrome
10:57:06 INFO : WebDriverConfig - 
	browser=chrome
	browser.driver.path=src\test\resources\drivers\chromedriver.exe
	browser.download.dir=src/test/resources/downloads/
	options.arguments=--lang=en --allow-running-insecure-content --enable-logging --v=1 --test-type
	options.experimental.profile.default_content_setting_values.automatic_downloads=1
	options.experimental.profile.content_settings.pattern_pairs.*.multiple-automatic-downloads=1
	options.experimental.profile.default_content_settings.popups=0
	options.experimental.download.prompt_for_download=1

10:57:06 INFO : ChromeConfigReader - The properties was load with success: 
	browser=chrome
	browser.driver.path=src\test\resources\drivers\chromedriver.exe
	browser.download.dir=src/test/resources/downloads/
	options.arguments=--lang=en --allow-running-insecure-content --enable-logging --v=1 --test-type
	options.experimental.profile.default_content_setting_values.automatic_downloads=1
	options.experimental.profile.content_settings.pattern_pairs.*.multiple-automatic-downloads=1
	options.experimental.profile.default_content_settings.popups=0
	options.experimental.download.prompt_for_download=1

10:57:09 INFO : WebDriverConfig - ===============================================================
10:57:09 INFO : WebDriverConfig - |          Open Selenium Web Driver 
10:57:09 INFO : WebDriverConfig - ===============================================================

10:57:19 INFO : WebLocator - click on Contact
10:57:19 INFO : WebLocatorDriverExecutor - Set value(@placeholder=Name): 'Ruben'
10:57:19 INFO : WebLocatorDriverExecutor - Set value(@placeholder=Email): 'testare1984@gmail.com'
10:57:20 ERROR: WebLocatorDriverExecutor - final ElementNotVisibleException in sendKeys: your-message
org.openqa.selenium.ElementNotVisibleException: element not visible
  (Session info: chrome=52.0.2743.116)
  (Driver info: chromedriver=2.18.343845 (73dd713ba7fbfb73cbb514e62641d8c96a94682a),platform=Windows NT 10.0 x86_64) (WARNING: The server did not provide any stacktrace information)
Command duration or timeout: 241 milliseconds
Build info: version: '2.53.0', revision: '35ae25b1534ae328c771e0856c93e187490ca824', time: '2016-03-15 10:43:46'
System info: host: 'DESKTOP-925GGRL', ip: '192.168.1.45', os.name: 'Windows 10', os.arch: 'amd64', os.version: '10.0', java.version: '1.8.0_91'
Driver info: org.openqa.selenium.chrome.ChromeDriver
Capabilities [{applicationCacheEnabled=false, rotatable=false, mobileEmulationEnabled=false, chrome={userDataDir=C:\Users\SICA-S~1\AppData\Local\Temp\scoped_dir2788_17462}, takesHeapSnapshot=true, databaseEnabled=false, handlesAlerts=true, hasTouchScreen=false, version=52.0.2743.116, platform=XP, browserConnectionEnabled=false, nativeEvents=true, acceptSslCerts=true, locationContextEnabled=true, webStorageEnabled=true, browserName=chrome, takesScreenshot=true, javascriptEnabled=true, cssSelectorsEnabled=true}]
Session ID: d1aeafa7dd724f864525e0d2018812c9
	at sun.reflect.NativeConstructorAccessorImpl.newInstance0(Native Method)
	at sun.reflect.NativeConstructorAccessorImpl.newInstance(NativeConstructorAccessorImpl.java:62)
	at sun.reflect.DelegatingConstructorAccessorImpl.newInstance(DelegatingConstructorAccessorImpl.java:45)
	at java.lang.reflect.Constructor.newInstance(Constructor.java:423)
	at org.openqa.selenium.remote.ErrorHandler.createThrowable(ErrorHandler.java:206)
	at org.openqa.selenium.remote.ErrorHandler.throwIfResponseFailed(ErrorHandler.java:158)
	at org.openqa.selenium.remote.RemoteWebDriver.execute(RemoteWebDriver.java:678)
	at org.openqa.selenium.remote.RemoteWebElement.execute(RemoteWebElement.java:327)
	at org.openqa.selenium.remote.RemoteWebElement.sendKeys(RemoteWebElement.java:122)
	at com.sdl.selenium.web.WebLocatorDriverExecutor.tryAgainDoSendKeys(WebLocatorDriverExecutor.java:208)
	at com.sdl.selenium.web.WebLocatorDriverExecutor.sendKeys(WebLocatorDriverExecutor.java:178)
	at com.sdl.selenium.web.WebLocator.sendKeys(WebLocator.java:241)
	at com.zikyo.utils.Recogroup.ContactView.setValue(ContactView.java:12)
	at com.zikyo.steps.contactSteps.ContactSteps.iTypeIntoCaptchaField(ContactSteps.java:14)
	at sun.reflect.NativeMethodAccessorImpl.invoke0(Native Method)
	at sun.reflect.NativeMethodAccessorImpl.invoke(NativeMethodAccessorImpl.java:62)
	at sun.reflect.DelegatingMethodAccessorImpl.invoke(DelegatingMethodAccessorImpl.java:43)
	at java.lang.reflect.Method.invoke(Method.java:498)
	at cucumber.runtime.Utils$1.call(Utils.java:37)
	at cucumber.runtime.Timeout.timeout(Timeout.java:13)
	at cucumber.runtime.Utils.invoke(Utils.java:31)
	at cucumber.runtime.java.JavaStepDefinition.execute(JavaStepDefinition.java:38)
	at cucumber.runtime.StepDefinitionMatch.runStep(StepDefinitionMatch.java:37)
	at cucumber.runtime.Runtime.runStep(Runtime.java:299)
	at cucumber.runtime.model.StepContainer.runStep(StepContainer.java:44)
	at cucumber.runtime.model.StepContainer.runSteps(StepContainer.java:39)
	at cucumber.runtime.model.CucumberScenario.run(CucumberScenario.java:44)
	at cucumber.runtime.model.CucumberFeature.run(CucumberFeature.java:165)
	at cucumber.runtime.Runtime.run(Runtime.java:121)
	at cucumber.api.cli.Main.run(Main.java:36)
	at cucumber.api.cli.Main.main(Main.java:18)
	at sun.reflect.NativeMethodAccessorImpl.invoke0(Native Method)
	at sun.reflect.NativeMethodAccessorImpl.invoke(NativeMethodAccessorImpl.java:62)
	at sun.reflect.DelegatingMethodAccessorImpl.invoke(DelegatingMethodAccessorImpl.java:43)
	at java.lang.reflect.Method.invoke(Method.java:498)
	at com.intellij.rt.execution.application.AppMain.main(AppMain.java:144)
10:57:20 WARN : Hooks - "Contact successfully" scenario has failed! Screenshot embedded in the report.
10:57:21 DEBUG: Hooks - ***** END of Scenario: Contact successfully *****
10:57:21 INFO : WebDriverConfig - ===============================================================
10:57:21 INFO : WebDriverConfig - |          Stopping driver (closing browser)                   |
10:57:21 INFO : WebDriverConfig - ===============================================================
10:57:22 DEBUG: WebDriverConfig - ===============================================================
10:57:22 DEBUG: WebDriverConfig - |         Driver stopped (browser closed)                     |
10:57:22 DEBUG: WebDriverConfig - ===============================================================

11:11:01 DEBUG: Hooks - ***** START of Scenario: Contact successfully *****
11:11:01 INFO : InitDriver - ===============================================================
11:11:01 INFO : InitDriver - |          Environment : ft
11:11:01 INFO : InitDriver - |          Operating System : Windows 10
11:11:01 INFO : InitDriver - |          Browser: chrome
11:11:01 INFO : InitDriver - |          Browser config file: chrome.properties
11:11:01 INFO : InitDriver - ===============================================================

11:11:01 DEBUG: WebDriverConfig - File: chrome.properties exists
11:11:01 INFO : WebLocatorConfig - 
	weblocator.log.containers=false
	weblocator.log.useClassName=false
	weblocator.log.xPath=true
	weblocator.log.retryException=true
	weblocator.log.suggestions=true
	weblocator.highlight=true
	weblocator.generateCssSelector=false
	weblocator.defaults.renderMillis=5000
	weblocator.defaults.searchType=contains
	weblocator.defaults.labelPosition=/parent::*/following-sibling::div[1]//
	weblocator.min.chars.toType=-1
	driver.autoClose=true
	driver.implicitlyWait=150
	upload.exe.path=src\test\resources\upload\upload.exe
	weblocator.log.logXPathEnabled=true

11:11:01 INFO : WebDriverConfig - Browser is: chrome
11:11:01 INFO : WebDriverConfig - 
	browser=chrome
	browser.driver.path=src\test\resources\drivers\chromedriver.exe
	browser.download.dir=src/test/resources/downloads/
	options.arguments=--lang=en --allow-running-insecure-content --enable-logging --v=1 --test-type
	options.experimental.profile.default_content_setting_values.automatic_downloads=1
	options.experimental.profile.content_settings.pattern_pairs.*.multiple-automatic-downloads=1
	options.experimental.profile.default_content_settings.popups=0
	options.experimental.download.prompt_for_download=1

11:11:01 INFO : ChromeConfigReader - The properties was load with success: 
	browser=chrome
	browser.driver.path=src\test\resources\drivers\chromedriver.exe
	browser.download.dir=src/test/resources/downloads/
	options.arguments=--lang=en --allow-running-insecure-content --enable-logging --v=1 --test-type
	options.experimental.profile.default_content_setting_values.automatic_downloads=1
	options.experimental.profile.content_settings.pattern_pairs.*.multiple-automatic-downloads=1
	options.experimental.profile.default_content_settings.popups=0
	options.experimental.download.prompt_for_download=1

11:11:04 INFO : WebDriverConfig - ===============================================================
11:11:04 INFO : WebDriverConfig - |          Open Selenium Web Driver 
11:11:04 INFO : WebDriverConfig - ===============================================================

11:11:13 INFO : WebLocator - click on Contact
11:11:14 INFO : WebLocatorDriverExecutor - Set value(@placeholder=Name): 'Ruben'
11:11:14 INFO : WebLocatorDriverExecutor - Set value(@placeholder=Email): 'testare1984@gmail.com'
11:11:15 ERROR: WebLocatorDriverExecutor - final ElementNotVisibleException in sendKeys: your-message
org.openqa.selenium.ElementNotVisibleException: element not visible
  (Session info: chrome=52.0.2743.116)
  (Driver info: chromedriver=2.18.343845 (73dd713ba7fbfb73cbb514e62641d8c96a94682a),platform=Windows NT 10.0 x86_64) (WARNING: The server did not provide any stacktrace information)
Command duration or timeout: 238 milliseconds
Build info: version: '2.53.0', revision: '35ae25b1534ae328c771e0856c93e187490ca824', time: '2016-03-15 10:43:46'
System info: host: 'DESKTOP-925GGRL', ip: '192.168.1.45', os.name: 'Windows 10', os.arch: 'amd64', os.version: '10.0', java.version: '1.8.0_91'
Driver info: org.openqa.selenium.chrome.ChromeDriver
Capabilities [{applicationCacheEnabled=false, rotatable=false, mobileEmulationEnabled=false, chrome={userDataDir=C:\Users\SICA-S~1\AppData\Local\Temp\scoped_dir560_3173}, takesHeapSnapshot=true, databaseEnabled=false, handlesAlerts=true, hasTouchScreen=false, version=52.0.2743.116, platform=XP, browserConnectionEnabled=false, nativeEvents=true, acceptSslCerts=true, locationContextEnabled=true, webStorageEnabled=true, browserName=chrome, takesScreenshot=true, javascriptEnabled=true, cssSelectorsEnabled=true}]
Session ID: 5cd4768198119aa8e66a5b113b96747f
	at sun.reflect.NativeConstructorAccessorImpl.newInstance0(Native Method)
	at sun.reflect.NativeConstructorAccessorImpl.newInstance(NativeConstructorAccessorImpl.java:62)
	at sun.reflect.DelegatingConstructorAccessorImpl.newInstance(DelegatingConstructorAccessorImpl.java:45)
	at java.lang.reflect.Constructor.newInstance(Constructor.java:423)
	at org.openqa.selenium.remote.ErrorHandler.createThrowable(ErrorHandler.java:206)
	at org.openqa.selenium.remote.ErrorHandler.throwIfResponseFailed(ErrorHandler.java:158)
	at org.openqa.selenium.remote.RemoteWebDriver.execute(RemoteWebDriver.java:678)
	at org.openqa.selenium.remote.RemoteWebElement.execute(RemoteWebElement.java:327)
	at org.openqa.selenium.remote.RemoteWebElement.sendKeys(RemoteWebElement.java:122)
	at com.sdl.selenium.web.WebLocatorDriverExecutor.tryAgainDoSendKeys(WebLocatorDriverExecutor.java:208)
	at com.sdl.selenium.web.WebLocatorDriverExecutor.sendKeys(WebLocatorDriverExecutor.java:178)
	at com.sdl.selenium.web.WebLocator.sendKeys(WebLocator.java:241)
	at com.zikyo.utils.Recogroup.ContactView.setValue(ContactView.java:12)
	at com.zikyo.steps.contactSteps.ContactSteps.iTypeIntoCaptchaField(ContactSteps.java:14)
	at sun.reflect.NativeMethodAccessorImpl.invoke0(Native Method)
	at sun.reflect.NativeMethodAccessorImpl.invoke(NativeMethodAccessorImpl.java:62)
	at sun.reflect.DelegatingMethodAccessorImpl.invoke(DelegatingMethodAccessorImpl.java:43)
	at java.lang.reflect.Method.invoke(Method.java:498)
	at cucumber.runtime.Utils$1.call(Utils.java:37)
	at cucumber.runtime.Timeout.timeout(Timeout.java:13)
	at cucumber.runtime.Utils.invoke(Utils.java:31)
	at cucumber.runtime.java.JavaStepDefinition.execute(JavaStepDefinition.java:38)
	at cucumber.runtime.StepDefinitionMatch.runStep(StepDefinitionMatch.java:37)
	at cucumber.runtime.Runtime.runStep(Runtime.java:299)
	at cucumber.runtime.model.StepContainer.runStep(StepContainer.java:44)
	at cucumber.runtime.model.StepContainer.runSteps(StepContainer.java:39)
	at cucumber.runtime.model.CucumberScenario.run(CucumberScenario.java:44)
	at cucumber.runtime.model.CucumberFeature.run(CucumberFeature.java:165)
	at cucumber.runtime.Runtime.run(Runtime.java:121)
	at cucumber.api.cli.Main.run(Main.java:36)
	at cucumber.api.cli.Main.main(Main.java:18)
	at sun.reflect.NativeMethodAccessorImpl.invoke0(Native Method)
	at sun.reflect.NativeMethodAccessorImpl.invoke(NativeMethodAccessorImpl.java:62)
	at sun.reflect.DelegatingMethodAccessorImpl.invoke(DelegatingMethodAccessorImpl.java:43)
	at java.lang.reflect.Method.invoke(Method.java:498)
	at com.intellij.rt.execution.application.AppMain.main(AppMain.java:144)
11:11:15 WARN : Hooks - "Contact successfully" scenario has failed! Screenshot embedded in the report.
11:11:16 DEBUG: Hooks - ***** END of Scenario: Contact successfully *****
11:11:16 INFO : WebDriverConfig - ===============================================================
11:11:16 INFO : WebDriverConfig - |          Stopping driver (closing browser)                   |
11:11:16 INFO : WebDriverConfig - ===============================================================
11:11:17 DEBUG: WebDriverConfig - ===============================================================
11:11:17 DEBUG: WebDriverConfig - |         Driver stopped (browser closed)                     |
11:11:17 DEBUG: WebDriverConfig - ===============================================================

11:13:22 DEBUG: Hooks - ***** START of Scenario: Contact successfully *****
11:13:22 INFO : InitDriver - ===============================================================
11:13:22 INFO : InitDriver - |          Environment : ft
11:13:22 INFO : InitDriver - |          Operating System : Windows 10
11:13:22 INFO : InitDriver - |          Browser: chrome
11:13:22 INFO : InitDriver - |          Browser config file: chrome.properties
11:13:22 INFO : InitDriver - ===============================================================

11:13:22 DEBUG: WebDriverConfig - File: chrome.properties exists
11:13:22 INFO : WebLocatorConfig - 
	weblocator.log.containers=false
	weblocator.log.useClassName=false
	weblocator.log.xPath=true
	weblocator.log.retryException=true
	weblocator.log.suggestions=true
	weblocator.highlight=true
	weblocator.generateCssSelector=false
	weblocator.defaults.renderMillis=5000
	weblocator.defaults.searchType=contains
	weblocator.defaults.labelPosition=/parent::*/following-sibling::div[1]//
	weblocator.min.chars.toType=-1
	driver.autoClose=true
	driver.implicitlyWait=150
	upload.exe.path=src\test\resources\upload\upload.exe
	weblocator.log.logXPathEnabled=true

11:13:22 INFO : WebDriverConfig - Browser is: chrome
11:13:22 INFO : WebDriverConfig - 
	browser=chrome
	browser.driver.path=src\test\resources\drivers\chromedriver.exe
	browser.download.dir=src/test/resources/downloads/
	options.arguments=--lang=en --allow-running-insecure-content --enable-logging --v=1 --test-type
	options.experimental.profile.default_content_setting_values.automatic_downloads=1
	options.experimental.profile.content_settings.pattern_pairs.*.multiple-automatic-downloads=1
	options.experimental.profile.default_content_settings.popups=0
	options.experimental.download.prompt_for_download=1

11:13:22 INFO : ChromeConfigReader - The properties was load with success: 
	browser=chrome
	browser.driver.path=src\test\resources\drivers\chromedriver.exe
	browser.download.dir=src/test/resources/downloads/
	options.arguments=--lang=en --allow-running-insecure-content --enable-logging --v=1 --test-type
	options.experimental.profile.default_content_setting_values.automatic_downloads=1
	options.experimental.profile.content_settings.pattern_pairs.*.multiple-automatic-downloads=1
	options.experimental.profile.default_content_settings.popups=0
	options.experimental.download.prompt_for_download=1

11:13:25 INFO : WebDriverConfig - ===============================================================
11:13:25 INFO : WebDriverConfig - |          Open Selenium Web Driver 
11:13:25 INFO : WebDriverConfig - ===============================================================

11:13:34 INFO : WebLocator - click on Contact
11:13:34 INFO : WebLocatorDriverExecutor - Set value(@placeholder=Name): 'Ruben'
11:13:34 INFO : WebLocatorDriverExecutor - Set value(@placeholder=Email): 'testare1984@gmail.com'
11:13:35 ERROR: WebLocatorDriverExecutor - final ElementNotVisibleException in sendKeys: your-message
org.openqa.selenium.ElementNotVisibleException: element not visible
  (Session info: chrome=52.0.2743.116)
  (Driver info: chromedriver=2.18.343845 (73dd713ba7fbfb73cbb514e62641d8c96a94682a),platform=Windows NT 10.0 x86_64) (WARNING: The server did not provide any stacktrace information)
Command duration or timeout: 244 milliseconds
Build info: version: '2.53.0', revision: '35ae25b1534ae328c771e0856c93e187490ca824', time: '2016-03-15 10:43:46'
System info: host: 'DESKTOP-925GGRL', ip: '192.168.1.45', os.name: 'Windows 10', os.arch: 'amd64', os.version: '10.0', java.version: '1.8.0_91'
Driver info: org.openqa.selenium.chrome.ChromeDriver
Capabilities [{applicationCacheEnabled=false, rotatable=false, mobileEmulationEnabled=false, chrome={userDataDir=C:\Users\SICA-S~1\AppData\Local\Temp\scoped_dir6984_9260}, takesHeapSnapshot=true, databaseEnabled=false, handlesAlerts=true, hasTouchScreen=false, version=52.0.2743.116, platform=XP, browserConnectionEnabled=false, nativeEvents=true, acceptSslCerts=true, locationContextEnabled=true, webStorageEnabled=true, browserName=chrome, takesScreenshot=true, javascriptEnabled=true, cssSelectorsEnabled=true}]
Session ID: bca0b72e39cf8d348573c87a5abb4789
	at sun.reflect.NativeConstructorAccessorImpl.newInstance0(Native Method)
	at sun.reflect.NativeConstructorAccessorImpl.newInstance(NativeConstructorAccessorImpl.java:62)
	at sun.reflect.DelegatingConstructorAccessorImpl.newInstance(DelegatingConstructorAccessorImpl.java:45)
	at java.lang.reflect.Constructor.newInstance(Constructor.java:423)
	at org.openqa.selenium.remote.ErrorHandler.createThrowable(ErrorHandler.java:206)
	at org.openqa.selenium.remote.ErrorHandler.throwIfResponseFailed(ErrorHandler.java:158)
	at org.openqa.selenium.remote.RemoteWebDriver.execute(RemoteWebDriver.java:678)
	at org.openqa.selenium.remote.RemoteWebElement.execute(RemoteWebElement.java:327)
	at org.openqa.selenium.remote.RemoteWebElement.sendKeys(RemoteWebElement.java:122)
	at com.sdl.selenium.web.WebLocatorDriverExecutor.tryAgainDoSendKeys(WebLocatorDriverExecutor.java:208)
	at com.sdl.selenium.web.WebLocatorDriverExecutor.sendKeys(WebLocatorDriverExecutor.java:178)
	at com.sdl.selenium.web.WebLocator.sendKeys(WebLocator.java:241)
	at com.zikyo.utils.Recogroup.ContactView.setValue(ContactView.java:12)
	at com.zikyo.steps.contactSteps.ContactSteps.iTypeIntoCaptchaField(ContactSteps.java:14)
	at sun.reflect.NativeMethodAccessorImpl.invoke0(Native Method)
	at sun.reflect.NativeMethodAccessorImpl.invoke(NativeMethodAccessorImpl.java:62)
	at sun.reflect.DelegatingMethodAccessorImpl.invoke(DelegatingMethodAccessorImpl.java:43)
	at java.lang.reflect.Method.invoke(Method.java:498)
	at cucumber.runtime.Utils$1.call(Utils.java:37)
	at cucumber.runtime.Timeout.timeout(Timeout.java:13)
	at cucumber.runtime.Utils.invoke(Utils.java:31)
	at cucumber.runtime.java.JavaStepDefinition.execute(JavaStepDefinition.java:38)
	at cucumber.runtime.StepDefinitionMatch.runStep(StepDefinitionMatch.java:37)
	at cucumber.runtime.Runtime.runStep(Runtime.java:299)
	at cucumber.runtime.model.StepContainer.runStep(StepContainer.java:44)
	at cucumber.runtime.model.StepContainer.runSteps(StepContainer.java:39)
	at cucumber.runtime.model.CucumberScenario.run(CucumberScenario.java:44)
	at cucumber.runtime.model.CucumberFeature.run(CucumberFeature.java:165)
	at cucumber.runtime.Runtime.run(Runtime.java:121)
	at cucumber.api.cli.Main.run(Main.java:36)
	at cucumber.api.cli.Main.main(Main.java:18)
	at sun.reflect.NativeMethodAccessorImpl.invoke0(Native Method)
	at sun.reflect.NativeMethodAccessorImpl.invoke(NativeMethodAccessorImpl.java:62)
	at sun.reflect.DelegatingMethodAccessorImpl.invoke(DelegatingMethodAccessorImpl.java:43)
	at java.lang.reflect.Method.invoke(Method.java:498)
	at com.intellij.rt.execution.application.AppMain.main(AppMain.java:144)
11:13:35 WARN : Hooks - "Contact successfully" scenario has failed! Screenshot embedded in the report.
11:13:36 DEBUG: Hooks - ***** END of Scenario: Contact successfully *****
11:13:36 INFO : WebDriverConfig - ===============================================================
11:13:36 INFO : WebDriverConfig - |          Stopping driver (closing browser)                   |
11:13:36 INFO : WebDriverConfig - ===============================================================
11:13:38 DEBUG: WebDriverConfig - ===============================================================
11:13:38 DEBUG: WebDriverConfig - |         Driver stopped (browser closed)                     |
11:13:38 DEBUG: WebDriverConfig - ===============================================================

11:14:07 DEBUG: Hooks - ***** START of Scenario: Contact successfully *****
11:14:07 INFO : InitDriver - ===============================================================
11:14:07 INFO : InitDriver - |          Environment : ft
11:14:07 INFO : InitDriver - |          Operating System : Windows 10
11:14:07 INFO : InitDriver - |          Browser: chrome
11:14:07 INFO : InitDriver - |          Browser config file: chrome.properties
11:14:07 INFO : InitDriver - ===============================================================

11:14:07 DEBUG: WebDriverConfig - File: chrome.properties exists
11:14:07 INFO : WebLocatorConfig - 
	weblocator.log.containers=false
	weblocator.log.useClassName=false
	weblocator.log.xPath=true
	weblocator.log.retryException=true
	weblocator.log.suggestions=true
	weblocator.highlight=true
	weblocator.generateCssSelector=false
	weblocator.defaults.renderMillis=5000
	weblocator.defaults.searchType=contains
	weblocator.defaults.labelPosition=/parent::*/following-sibling::div[1]//
	weblocator.min.chars.toType=-1
	driver.autoClose=true
	driver.implicitlyWait=150
	upload.exe.path=src\test\resources\upload\upload.exe
	weblocator.log.logXPathEnabled=true

11:14:07 INFO : WebDriverConfig - Browser is: chrome
11:14:07 INFO : WebDriverConfig - 
	browser=chrome
	browser.driver.path=src\test\resources\drivers\chromedriver.exe
	browser.download.dir=src/test/resources/downloads/
	options.arguments=--lang=en --allow-running-insecure-content --enable-logging --v=1 --test-type
	options.experimental.profile.default_content_setting_values.automatic_downloads=1
	options.experimental.profile.content_settings.pattern_pairs.*.multiple-automatic-downloads=1
	options.experimental.profile.default_content_settings.popups=0
	options.experimental.download.prompt_for_download=1

11:14:07 INFO : ChromeConfigReader - The properties was load with success: 
	browser=chrome
	browser.driver.path=src\test\resources\drivers\chromedriver.exe
	browser.download.dir=src/test/resources/downloads/
	options.arguments=--lang=en --allow-running-insecure-content --enable-logging --v=1 --test-type
	options.experimental.profile.default_content_setting_values.automatic_downloads=1
	options.experimental.profile.content_settings.pattern_pairs.*.multiple-automatic-downloads=1
	options.experimental.profile.default_content_settings.popups=0
	options.experimental.download.prompt_for_download=1

11:14:10 INFO : WebDriverConfig - ===============================================================
11:14:10 INFO : WebDriverConfig - |          Open Selenium Web Driver 
11:14:10 INFO : WebDriverConfig - ===============================================================

11:14:19 INFO : WebLocator - click on Contact
11:14:19 INFO : WebLocatorDriverExecutor - Set value(@placeholder=Name): 'Ruben'
11:14:20 ERROR: WebLocatorDriverExecutor - final ElementNotVisibleException in sendKeys: your-message
org.openqa.selenium.ElementNotVisibleException: element not visible
  (Session info: chrome=52.0.2743.116)
  (Driver info: chromedriver=2.18.343845 (73dd713ba7fbfb73cbb514e62641d8c96a94682a),platform=Windows NT 10.0 x86_64) (WARNING: The server did not provide any stacktrace information)
Command duration or timeout: 247 milliseconds
Build info: version: '2.53.0', revision: '35ae25b1534ae328c771e0856c93e187490ca824', time: '2016-03-15 10:43:46'
System info: host: 'DESKTOP-925GGRL', ip: '192.168.1.45', os.name: 'Windows 10', os.arch: 'amd64', os.version: '10.0', java.version: '1.8.0_91'
Driver info: org.openqa.selenium.chrome.ChromeDriver
Capabilities [{applicationCacheEnabled=false, rotatable=false, mobileEmulationEnabled=false, chrome={userDataDir=C:\Users\SICA-S~1\AppData\Local\Temp\scoped_dir2180_4956}, takesHeapSnapshot=true, databaseEnabled=false, handlesAlerts=true, hasTouchScreen=false, version=52.0.2743.116, platform=XP, browserConnectionEnabled=false, nativeEvents=true, acceptSslCerts=true, locationContextEnabled=true, webStorageEnabled=true, browserName=chrome, takesScreenshot=true, javascriptEnabled=true, cssSelectorsEnabled=true}]
Session ID: 6a038b7da042da87d118d1de31ff4605
	at sun.reflect.NativeConstructorAccessorImpl.newInstance0(Native Method)
	at sun.reflect.NativeConstructorAccessorImpl.newInstance(NativeConstructorAccessorImpl.java:62)
	at sun.reflect.DelegatingConstructorAccessorImpl.newInstance(DelegatingConstructorAccessorImpl.java:45)
	at java.lang.reflect.Constructor.newInstance(Constructor.java:423)
	at org.openqa.selenium.remote.ErrorHandler.createThrowable(ErrorHandler.java:206)
	at org.openqa.selenium.remote.ErrorHandler.throwIfResponseFailed(ErrorHandler.java:158)
	at org.openqa.selenium.remote.RemoteWebDriver.execute(RemoteWebDriver.java:678)
	at org.openqa.selenium.remote.RemoteWebElement.execute(RemoteWebElement.java:327)
	at org.openqa.selenium.remote.RemoteWebElement.sendKeys(RemoteWebElement.java:122)
	at com.sdl.selenium.web.WebLocatorDriverExecutor.tryAgainDoSendKeys(WebLocatorDriverExecutor.java:208)
	at com.sdl.selenium.web.WebLocatorDriverExecutor.sendKeys(WebLocatorDriverExecutor.java:178)
	at com.sdl.selenium.web.WebLocator.sendKeys(WebLocator.java:241)
	at com.zikyo.utils.Recogroup.ContactView.setValue(ContactView.java:12)
	at com.zikyo.steps.contactSteps.ContactSteps.iTypeIntoCaptchaField(ContactSteps.java:14)
	at sun.reflect.NativeMethodAccessorImpl.invoke0(Native Method)
	at sun.reflect.NativeMethodAccessorImpl.invoke(NativeMethodAccessorImpl.java:62)
	at sun.reflect.DelegatingMethodAccessorImpl.invoke(DelegatingMethodAccessorImpl.java:43)
	at java.lang.reflect.Method.invoke(Method.java:498)
	at cucumber.runtime.Utils$1.call(Utils.java:37)
	at cucumber.runtime.Timeout.timeout(Timeout.java:13)
	at cucumber.runtime.Utils.invoke(Utils.java:31)
	at cucumber.runtime.java.JavaStepDefinition.execute(JavaStepDefinition.java:38)
	at cucumber.runtime.StepDefinitionMatch.runStep(StepDefinitionMatch.java:37)
	at cucumber.runtime.Runtime.runStep(Runtime.java:299)
	at cucumber.runtime.model.StepContainer.runStep(StepContainer.java:44)
	at cucumber.runtime.model.StepContainer.runSteps(StepContainer.java:39)
	at cucumber.runtime.model.CucumberScenario.run(CucumberScenario.java:44)
	at cucumber.runtime.model.CucumberFeature.run(CucumberFeature.java:165)
	at cucumber.runtime.Runtime.run(Runtime.java:121)
	at cucumber.api.cli.Main.run(Main.java:36)
	at cucumber.api.cli.Main.main(Main.java:18)
	at sun.reflect.NativeMethodAccessorImpl.invoke0(Native Method)
	at sun.reflect.NativeMethodAccessorImpl.invoke(NativeMethodAccessorImpl.java:62)
	at sun.reflect.DelegatingMethodAccessorImpl.invoke(DelegatingMethodAccessorImpl.java:43)
	at java.lang.reflect.Method.invoke(Method.java:498)
	at com.intellij.rt.execution.application.AppMain.main(AppMain.java:144)
11:14:20 WARN : Hooks - "Contact successfully" scenario has failed! Screenshot embedded in the report.
11:14:22 DEBUG: Hooks - ***** END of Scenario: Contact successfully *****
11:14:22 INFO : WebDriverConfig - ===============================================================
11:14:22 INFO : WebDriverConfig - |          Stopping driver (closing browser)                   |
11:14:22 INFO : WebDriverConfig - ===============================================================
11:14:23 DEBUG: WebDriverConfig - ===============================================================
11:14:23 DEBUG: WebDriverConfig - |         Driver stopped (browser closed)                     |
11:14:23 DEBUG: WebDriverConfig - ===============================================================

11:15:26 DEBUG: Hooks - ***** START of Scenario: Contact successfully *****
11:15:26 INFO : InitDriver - ===============================================================
11:15:26 INFO : InitDriver - |          Environment : ft
11:15:26 INFO : InitDriver - |          Operating System : Windows 10
11:15:26 INFO : InitDriver - |          Browser: chrome
11:15:26 INFO : InitDriver - |          Browser config file: chrome.properties
11:15:26 INFO : InitDriver - ===============================================================

11:15:26 DEBUG: WebDriverConfig - File: chrome.properties exists
11:15:26 INFO : WebLocatorConfig - 
	weblocator.log.containers=false
	weblocator.log.useClassName=false
	weblocator.log.xPath=true
	weblocator.log.retryException=true
	weblocator.log.suggestions=true
	weblocator.highlight=true
	weblocator.generateCssSelector=false
	weblocator.defaults.renderMillis=5000
	weblocator.defaults.searchType=contains
	weblocator.defaults.labelPosition=/parent::*/following-sibling::div[1]//
	weblocator.min.chars.toType=-1
	driver.autoClose=true
	driver.implicitlyWait=150
	upload.exe.path=src\test\resources\upload\upload.exe
	weblocator.log.logXPathEnabled=true

11:15:26 INFO : WebDriverConfig - Browser is: chrome
11:15:26 INFO : WebDriverConfig - 
	browser=chrome
	browser.driver.path=src\test\resources\drivers\chromedriver.exe
	browser.download.dir=src/test/resources/downloads/
	options.arguments=--lang=en --allow-running-insecure-content --enable-logging --v=1 --test-type
	options.experimental.profile.default_content_setting_values.automatic_downloads=1
	options.experimental.profile.content_settings.pattern_pairs.*.multiple-automatic-downloads=1
	options.experimental.profile.default_content_settings.popups=0
	options.experimental.download.prompt_for_download=1

11:15:26 INFO : ChromeConfigReader - The properties was load with success: 
	browser=chrome
	browser.driver.path=src\test\resources\drivers\chromedriver.exe
	browser.download.dir=src/test/resources/downloads/
	options.arguments=--lang=en --allow-running-insecure-content --enable-logging --v=1 --test-type
	options.experimental.profile.default_content_setting_values.automatic_downloads=1
	options.experimental.profile.content_settings.pattern_pairs.*.multiple-automatic-downloads=1
	options.experimental.profile.default_content_settings.popups=0
	options.experimental.download.prompt_for_download=1

11:15:29 INFO : WebDriverConfig - ===============================================================
11:15:29 INFO : WebDriverConfig - |          Open Selenium Web Driver 
11:15:29 INFO : WebDriverConfig - ===============================================================

11:15:38 INFO : WebLocator - click on Contact
11:15:39 INFO : WebLocatorDriverExecutor - Set value(@placeholder=Name): 'Ruben'
11:15:41 ERROR: WebLocatorDriverExecutor - final ElementNotVisibleException in sendKeys: your-message
org.openqa.selenium.ElementNotVisibleException: element not visible
  (Session info: chrome=52.0.2743.116)
  (Driver info: chromedriver=2.18.343845 (73dd713ba7fbfb73cbb514e62641d8c96a94682a),platform=Windows NT 10.0 x86_64) (WARNING: The server did not provide any stacktrace information)
Command duration or timeout: 240 milliseconds
Build info: version: '2.53.0', revision: '35ae25b1534ae328c771e0856c93e187490ca824', time: '2016-03-15 10:43:46'
System info: host: 'DESKTOP-925GGRL', ip: '192.168.1.45', os.name: 'Windows 10', os.arch: 'amd64', os.version: '10.0', java.version: '1.8.0_91'
Driver info: org.openqa.selenium.chrome.ChromeDriver
Capabilities [{applicationCacheEnabled=false, rotatable=false, mobileEmulationEnabled=false, chrome={userDataDir=C:\Users\SICA-S~1\AppData\Local\Temp\scoped_dir3824_2139}, takesHeapSnapshot=true, databaseEnabled=false, handlesAlerts=true, hasTouchScreen=false, version=52.0.2743.116, platform=XP, browserConnectionEnabled=false, nativeEvents=true, acceptSslCerts=true, locationContextEnabled=true, webStorageEnabled=true, browserName=chrome, takesScreenshot=true, javascriptEnabled=true, cssSelectorsEnabled=true}]
Session ID: 5a170e84de7a1e9607578b19708764c3
	at sun.reflect.NativeConstructorAccessorImpl.newInstance0(Native Method)
	at sun.reflect.NativeConstructorAccessorImpl.newInstance(NativeConstructorAccessorImpl.java:62)
	at sun.reflect.DelegatingConstructorAccessorImpl.newInstance(DelegatingConstructorAccessorImpl.java:45)
	at java.lang.reflect.Constructor.newInstance(Constructor.java:423)
	at org.openqa.selenium.remote.ErrorHandler.createThrowable(ErrorHandler.java:206)
	at org.openqa.selenium.remote.ErrorHandler.throwIfResponseFailed(ErrorHandler.java:158)
	at org.openqa.selenium.remote.RemoteWebDriver.execute(RemoteWebDriver.java:678)
	at org.openqa.selenium.remote.RemoteWebElement.execute(RemoteWebElement.java:327)
	at org.openqa.selenium.remote.RemoteWebElement.sendKeys(RemoteWebElement.java:122)
	at com.sdl.selenium.web.WebLocatorDriverExecutor.tryAgainDoSendKeys(WebLocatorDriverExecutor.java:208)
	at com.sdl.selenium.web.WebLocatorDriverExecutor.sendKeys(WebLocatorDriverExecutor.java:178)
	at com.sdl.selenium.web.WebLocator.sendKeys(WebLocator.java:241)
	at com.zikyo.utils.Recogroup.ContactView.setValue(ContactView.java:12)
	at com.zikyo.steps.contactSteps.ContactSteps.iTypeIntoCaptchaField(ContactSteps.java:14)
	at sun.reflect.NativeMethodAccessorImpl.invoke0(Native Method)
	at sun.reflect.NativeMethodAccessorImpl.invoke(NativeMethodAccessorImpl.java:62)
	at sun.reflect.DelegatingMethodAccessorImpl.invoke(DelegatingMethodAccessorImpl.java:43)
	at java.lang.reflect.Method.invoke(Method.java:498)
	at cucumber.runtime.Utils$1.call(Utils.java:37)
	at cucumber.runtime.Timeout.timeout(Timeout.java:13)
	at cucumber.runtime.Utils.invoke(Utils.java:31)
	at cucumber.runtime.java.JavaStepDefinition.execute(JavaStepDefinition.java:38)
	at cucumber.runtime.StepDefinitionMatch.runStep(StepDefinitionMatch.java:37)
	at cucumber.runtime.Runtime.runStep(Runtime.java:299)
	at cucumber.runtime.model.StepContainer.runStep(StepContainer.java:44)
	at cucumber.runtime.model.StepContainer.runSteps(StepContainer.java:39)
	at cucumber.runtime.model.CucumberScenario.run(CucumberScenario.java:44)
	at cucumber.runtime.model.CucumberFeature.run(CucumberFeature.java:165)
	at cucumber.runtime.Runtime.run(Runtime.java:121)
	at cucumber.api.cli.Main.run(Main.java:36)
	at cucumber.api.cli.Main.main(Main.java:18)
	at sun.reflect.NativeMethodAccessorImpl.invoke0(Native Method)
	at sun.reflect.NativeMethodAccessorImpl.invoke(NativeMethodAccessorImpl.java:62)
	at sun.reflect.DelegatingMethodAccessorImpl.invoke(DelegatingMethodAccessorImpl.java:43)
	at java.lang.reflect.Method.invoke(Method.java:498)
	at com.intellij.rt.execution.application.AppMain.main(AppMain.java:144)
11:15:41 WARN : Hooks - "Contact successfully" scenario has failed! Screenshot embedded in the report.
11:15:43 DEBUG: Hooks - ***** END of Scenario: Contact successfully *****
11:15:43 INFO : WebDriverConfig - ===============================================================
11:15:43 INFO : WebDriverConfig - |          Stopping driver (closing browser)                   |
11:15:43 INFO : WebDriverConfig - ===============================================================
11:15:44 DEBUG: WebDriverConfig - ===============================================================
11:15:44 DEBUG: WebDriverConfig - |         Driver stopped (browser closed)                     |
11:15:44 DEBUG: WebDriverConfig - ===============================================================

11:19:09 DEBUG: Hooks - ***** START of Scenario: Contact successfully *****
11:19:09 INFO : InitDriver - ===============================================================
11:19:09 INFO : InitDriver - |          Environment : ft
11:19:09 INFO : InitDriver - |          Operating System : Windows 10
11:19:09 INFO : InitDriver - |          Browser: chrome
11:19:09 INFO : InitDriver - |          Browser config file: chrome.properties
11:19:09 INFO : InitDriver - ===============================================================

11:19:09 DEBUG: WebDriverConfig - File: chrome.properties exists
11:19:09 INFO : WebLocatorConfig - 
	weblocator.log.containers=false
	weblocator.log.useClassName=false
	weblocator.log.xPath=true
	weblocator.log.retryException=true
	weblocator.log.suggestions=true
	weblocator.highlight=true
	weblocator.generateCssSelector=false
	weblocator.defaults.renderMillis=5000
	weblocator.defaults.searchType=contains
	weblocator.defaults.labelPosition=/parent::*/following-sibling::div[1]//
	weblocator.min.chars.toType=-1
	driver.autoClose=true
	driver.implicitlyWait=150
	upload.exe.path=src\test\resources\upload\upload.exe
	weblocator.log.logXPathEnabled=true

11:19:09 INFO : WebDriverConfig - Browser is: chrome
11:19:09 INFO : WebDriverConfig - 
	browser=chrome
	browser.driver.path=src\test\resources\drivers\chromedriver.exe
	browser.download.dir=src/test/resources/downloads/
	options.arguments=--lang=en --allow-running-insecure-content --enable-logging --v=1 --test-type
	options.experimental.profile.default_content_setting_values.automatic_downloads=1
	options.experimental.profile.content_settings.pattern_pairs.*.multiple-automatic-downloads=1
	options.experimental.profile.default_content_settings.popups=0
	options.experimental.download.prompt_for_download=1

11:19:09 INFO : ChromeConfigReader - The properties was load with success: 
	browser=chrome
	browser.driver.path=src\test\resources\drivers\chromedriver.exe
	browser.download.dir=src/test/resources/downloads/
	options.arguments=--lang=en --allow-running-insecure-content --enable-logging --v=1 --test-type
	options.experimental.profile.default_content_setting_values.automatic_downloads=1
	options.experimental.profile.content_settings.pattern_pairs.*.multiple-automatic-downloads=1
	options.experimental.profile.default_content_settings.popups=0
	options.experimental.download.prompt_for_download=1

11:19:12 INFO : WebDriverConfig - ===============================================================
11:19:12 INFO : WebDriverConfig - |          Open Selenium Web Driver 
11:19:12 INFO : WebDriverConfig - ===============================================================

11:19:20 INFO : WebLocator - click on Contact
11:19:20 INFO : WebLocatorDriverExecutor - Set value(@placeholder=Name): 'Ruben'
11:19:21 ERROR: WebLocatorDriverExecutor - final ElementNotVisibleException in sendKeys: your-message
org.openqa.selenium.ElementNotVisibleException: element not visible
  (Session info: chrome=52.0.2743.116)
  (Driver info: chromedriver=2.18.343845 (73dd713ba7fbfb73cbb514e62641d8c96a94682a),platform=Windows NT 10.0 x86_64) (WARNING: The server did not provide any stacktrace information)
Command duration or timeout: 281 milliseconds
Build info: version: '2.53.0', revision: '35ae25b1534ae328c771e0856c93e187490ca824', time: '2016-03-15 10:43:46'
System info: host: 'DESKTOP-925GGRL', ip: '192.168.1.45', os.name: 'Windows 10', os.arch: 'amd64', os.version: '10.0', java.version: '1.8.0_91'
Driver info: org.openqa.selenium.chrome.ChromeDriver
Capabilities [{applicationCacheEnabled=false, rotatable=false, mobileEmulationEnabled=false, chrome={userDataDir=C:\Users\SICA-S~1\AppData\Local\Temp\scoped_dir2224_25519}, takesHeapSnapshot=true, databaseEnabled=false, handlesAlerts=true, hasTouchScreen=false, version=52.0.2743.116, platform=XP, browserConnectionEnabled=false, nativeEvents=true, acceptSslCerts=true, locationContextEnabled=true, webStorageEnabled=true, browserName=chrome, takesScreenshot=true, javascriptEnabled=true, cssSelectorsEnabled=true}]
Session ID: 6a913c4dc3457995bc15802acf870ef4
	at sun.reflect.NativeConstructorAccessorImpl.newInstance0(Native Method)
	at sun.reflect.NativeConstructorAccessorImpl.newInstance(NativeConstructorAccessorImpl.java:62)
	at sun.reflect.DelegatingConstructorAccessorImpl.newInstance(DelegatingConstructorAccessorImpl.java:45)
	at java.lang.reflect.Constructor.newInstance(Constructor.java:423)
	at org.openqa.selenium.remote.ErrorHandler.createThrowable(ErrorHandler.java:206)
	at org.openqa.selenium.remote.ErrorHandler.throwIfResponseFailed(ErrorHandler.java:158)
	at org.openqa.selenium.remote.RemoteWebDriver.execute(RemoteWebDriver.java:678)
	at org.openqa.selenium.remote.RemoteWebElement.execute(RemoteWebElement.java:327)
	at org.openqa.selenium.remote.RemoteWebElement.sendKeys(RemoteWebElement.java:122)
	at com.sdl.selenium.web.WebLocatorDriverExecutor.tryAgainDoSendKeys(WebLocatorDriverExecutor.java:208)
	at com.sdl.selenium.web.WebLocatorDriverExecutor.sendKeys(WebLocatorDriverExecutor.java:178)
	at com.sdl.selenium.web.WebLocator.sendKeys(WebLocator.java:241)
	at com.zikyo.utils.Recogroup.ContactView.setValue(ContactView.java:12)
	at com.zikyo.steps.contactSteps.ContactSteps.iTypeIntoCaptchaField(ContactSteps.java:14)
	at sun.reflect.NativeMethodAccessorImpl.invoke0(Native Method)
	at sun.reflect.NativeMethodAccessorImpl.invoke(NativeMethodAccessorImpl.java:62)
	at sun.reflect.DelegatingMethodAccessorImpl.invoke(DelegatingMethodAccessorImpl.java:43)
	at java.lang.reflect.Method.invoke(Method.java:498)
	at cucumber.runtime.Utils$1.call(Utils.java:37)
	at cucumber.runtime.Timeout.timeout(Timeout.java:13)
	at cucumber.runtime.Utils.invoke(Utils.java:31)
	at cucumber.runtime.java.JavaStepDefinition.execute(JavaStepDefinition.java:38)
	at cucumber.runtime.StepDefinitionMatch.runStep(StepDefinitionMatch.java:37)
	at cucumber.runtime.Runtime.runStep(Runtime.java:299)
	at cucumber.runtime.model.StepContainer.runStep(StepContainer.java:44)
	at cucumber.runtime.model.StepContainer.runSteps(StepContainer.java:39)
	at cucumber.runtime.model.CucumberScenario.run(CucumberScenario.java:44)
	at cucumber.runtime.model.CucumberFeature.run(CucumberFeature.java:165)
	at cucumber.runtime.Runtime.run(Runtime.java:121)
	at cucumber.api.cli.Main.run(Main.java:36)
	at cucumber.api.cli.Main.main(Main.java:18)
	at sun.reflect.NativeMethodAccessorImpl.invoke0(Native Method)
	at sun.reflect.NativeMethodAccessorImpl.invoke(NativeMethodAccessorImpl.java:62)
	at sun.reflect.DelegatingMethodAccessorImpl.invoke(DelegatingMethodAccessorImpl.java:43)
	at java.lang.reflect.Method.invoke(Method.java:498)
	at com.intellij.rt.execution.application.AppMain.main(AppMain.java:144)
11:19:21 WARN : Hooks - "Contact successfully" scenario has failed! Screenshot embedded in the report.
11:19:23 DEBUG: Hooks - ***** END of Scenario: Contact successfully *****
11:19:23 INFO : WebDriverConfig - ===============================================================
11:19:23 INFO : WebDriverConfig - |          Stopping driver (closing browser)                   |
11:19:23 INFO : WebDriverConfig - ===============================================================
11:19:24 DEBUG: WebDriverConfig - ===============================================================
11:19:24 DEBUG: WebDriverConfig - |         Driver stopped (browser closed)                     |
11:19:24 DEBUG: WebDriverConfig - ===============================================================

11:22:16 DEBUG: Hooks - ***** START of Scenario: Contact successfully *****
11:22:16 INFO : InitDriver - ===============================================================
11:22:16 INFO : InitDriver - |          Environment : ft
11:22:16 INFO : InitDriver - |          Operating System : Windows 10
11:22:16 INFO : InitDriver - |          Browser: chrome
11:22:16 INFO : InitDriver - |          Browser config file: chrome.properties
11:22:16 INFO : InitDriver - ===============================================================

11:22:16 DEBUG: WebDriverConfig - File: chrome.properties exists
11:22:16 INFO : WebLocatorConfig - 
	weblocator.log.containers=false
	weblocator.log.useClassName=false
	weblocator.log.xPath=true
	weblocator.log.retryException=true
	weblocator.log.suggestions=true
	weblocator.highlight=true
	weblocator.generateCssSelector=false
	weblocator.defaults.renderMillis=5000
	weblocator.defaults.searchType=contains
	weblocator.defaults.labelPosition=/parent::*/following-sibling::div[1]//
	weblocator.min.chars.toType=-1
	driver.autoClose=true
	driver.implicitlyWait=150
	upload.exe.path=src\test\resources\upload\upload.exe
	weblocator.log.logXPathEnabled=true

11:22:16 INFO : WebDriverConfig - Browser is: chrome
11:22:16 INFO : WebDriverConfig - 
	browser=chrome
	browser.driver.path=src\test\resources\drivers\chromedriver.exe
	browser.download.dir=src/test/resources/downloads/
	options.arguments=--lang=en --allow-running-insecure-content --enable-logging --v=1 --test-type
	options.experimental.profile.default_content_setting_values.automatic_downloads=1
	options.experimental.profile.content_settings.pattern_pairs.*.multiple-automatic-downloads=1
	options.experimental.profile.default_content_settings.popups=0
	options.experimental.download.prompt_for_download=1

11:22:16 INFO : ChromeConfigReader - The properties was load with success: 
	browser=chrome
	browser.driver.path=src\test\resources\drivers\chromedriver.exe
	browser.download.dir=src/test/resources/downloads/
	options.arguments=--lang=en --allow-running-insecure-content --enable-logging --v=1 --test-type
	options.experimental.profile.default_content_setting_values.automatic_downloads=1
	options.experimental.profile.content_settings.pattern_pairs.*.multiple-automatic-downloads=1
	options.experimental.profile.default_content_settings.popups=0
	options.experimental.download.prompt_for_download=1

11:22:19 INFO : WebDriverConfig - ===============================================================
11:22:19 INFO : WebDriverConfig - |          Open Selenium Web Driver 
11:22:19 INFO : WebDriverConfig - ===============================================================

11:22:26 INFO : WebLocator - click on Contact
11:22:27 INFO : WebLocatorDriverExecutor - Set value(@placeholder=Name): 'Ruben'
11:22:27 INFO : WebLocatorDriverExecutor - Set value(@placeholder=Email): 'testare1984@gmail.com'
11:22:32 WARN : WebLocatorDriverExecutor - Element not found after 5000 millis; Message
11:22:32 DEBUG: WebLocatorDriverExecutor - 	$x("//*[contains(text(),'Message')]")
11:22:32 DEBUG: WebLocatorSuggestions - getSuggestion >> enter
11:22:35 WARN : WebLocatorSuggestions - Found the element using text search type [STARTS_WITH, CONTAINS_ALL, TRIM]
11:22:35 DEBUG: WebLocatorSuggestions - getSuggestion << exit
11:22:35 WARN : Hooks - "Contact successfully" scenario has failed! Screenshot embedded in the report.
11:22:36 DEBUG: Hooks - ***** END of Scenario: Contact successfully *****
11:22:36 INFO : WebDriverConfig - ===============================================================
11:22:36 INFO : WebDriverConfig - |          Stopping driver (closing browser)                   |
11:22:36 INFO : WebDriverConfig - ===============================================================
11:22:37 DEBUG: WebDriverConfig - ===============================================================
11:22:37 DEBUG: WebDriverConfig - |         Driver stopped (browser closed)                     |
11:22:37 DEBUG: WebDriverConfig - ===============================================================

11:28:32 DEBUG: Hooks - ***** START of Scenario: Contact successfully *****
11:28:32 INFO : InitDriver - ===============================================================
11:28:32 INFO : InitDriver - |          Environment : ft
11:28:32 INFO : InitDriver - |          Operating System : Windows 10
11:28:32 INFO : InitDriver - |          Browser: chrome
11:28:32 INFO : InitDriver - |          Browser config file: chrome.properties
11:28:32 INFO : InitDriver - ===============================================================

11:28:32 DEBUG: WebDriverConfig - File: chrome.properties exists
11:28:32 INFO : WebLocatorConfig - 
	weblocator.log.containers=false
	weblocator.log.useClassName=false
	weblocator.log.xPath=true
	weblocator.log.retryException=true
	weblocator.log.suggestions=true
	weblocator.highlight=true
	weblocator.generateCssSelector=false
	weblocator.defaults.renderMillis=5000
	weblocator.defaults.searchType=contains
	weblocator.defaults.labelPosition=/parent::*/following-sibling::div[1]//
	weblocator.min.chars.toType=-1
	driver.autoClose=true
	driver.implicitlyWait=150
	upload.exe.path=src\test\resources\upload\upload.exe
	weblocator.log.logXPathEnabled=true

11:28:32 INFO : WebDriverConfig - Browser is: chrome
11:28:32 INFO : WebDriverConfig - 
	browser=chrome
	browser.driver.path=src\test\resources\drivers\chromedriver.exe
	browser.download.dir=src/test/resources/downloads/
	options.arguments=--lang=en --allow-running-insecure-content --enable-logging --v=1 --test-type
	options.experimental.profile.default_content_setting_values.automatic_downloads=1
	options.experimental.profile.content_settings.pattern_pairs.*.multiple-automatic-downloads=1
	options.experimental.profile.default_content_settings.popups=0
	options.experimental.download.prompt_for_download=1

11:28:32 INFO : ChromeConfigReader - The properties was load with success: 
	browser=chrome
	browser.driver.path=src\test\resources\drivers\chromedriver.exe
	browser.download.dir=src/test/resources/downloads/
	options.arguments=--lang=en --allow-running-insecure-content --enable-logging --v=1 --test-type
	options.experimental.profile.default_content_setting_values.automatic_downloads=1
	options.experimental.profile.content_settings.pattern_pairs.*.multiple-automatic-downloads=1
	options.experimental.profile.default_content_settings.popups=0
	options.experimental.download.prompt_for_download=1

11:28:35 INFO : WebDriverConfig - ===============================================================
11:28:35 INFO : WebDriverConfig - |          Open Selenium Web Driver 
11:28:35 INFO : WebDriverConfig - ===============================================================

11:28:43 INFO : WebLocator - click on Contact
11:28:43 INFO : WebLocatorDriverExecutor - Set value(@placeholder=Name): 'Ruben'
11:28:44 INFO : WebLocatorDriverExecutor - Set value(@placeholder=Email): 'testare1984@gmail.com'
11:28:44 INFO : WebLocator - sendKeys value(contact-message): 'hapte cooll'
11:28:54 DEBUG: Hooks - ***** END of Scenario: Contact successfully *****
11:28:54 INFO : WebDriverConfig - ===============================================================
11:28:54 INFO : WebDriverConfig - |          Stopping driver (closing browser)                   |
11:28:54 INFO : WebDriverConfig - ===============================================================
11:28:55 DEBUG: WebDriverConfig - ===============================================================
11:28:55 DEBUG: WebDriverConfig - |         Driver stopped (browser closed)                     |
11:28:55 DEBUG: WebDriverConfig - ===============================================================

11:29:29 DEBUG: Hooks - ***** START of Scenario: Contact successfully *****
11:29:29 INFO : InitDriver - ===============================================================
11:29:29 INFO : InitDriver - |          Environment : ft
11:29:29 INFO : InitDriver - |          Operating System : Windows 10
11:29:29 INFO : InitDriver - |          Browser: chrome
11:29:29 INFO : InitDriver - |          Browser config file: chrome.properties
11:29:29 INFO : InitDriver - ===============================================================

11:29:29 DEBUG: WebDriverConfig - File: chrome.properties exists
11:29:29 INFO : WebLocatorConfig - 
	weblocator.log.containers=false
	weblocator.log.useClassName=false
	weblocator.log.xPath=true
	weblocator.log.retryException=true
	weblocator.log.suggestions=true
	weblocator.highlight=true
	weblocator.generateCssSelector=false
	weblocator.defaults.renderMillis=5000
	weblocator.defaults.searchType=contains
	weblocator.defaults.labelPosition=/parent::*/following-sibling::div[1]//
	weblocator.min.chars.toType=-1
	driver.autoClose=true
	driver.implicitlyWait=150
	upload.exe.path=src\test\resources\upload\upload.exe
	weblocator.log.logXPathEnabled=true

11:29:29 INFO : WebDriverConfig - Browser is: chrome
11:29:29 INFO : WebDriverConfig - 
	browser=chrome
	browser.driver.path=src\test\resources\drivers\chromedriver.exe
	browser.download.dir=src/test/resources/downloads/
	options.arguments=--lang=en --allow-running-insecure-content --enable-logging --v=1 --test-type
	options.experimental.profile.default_content_setting_values.automatic_downloads=1
	options.experimental.profile.content_settings.pattern_pairs.*.multiple-automatic-downloads=1
	options.experimental.profile.default_content_settings.popups=0
	options.experimental.download.prompt_for_download=1

11:29:30 INFO : ChromeConfigReader - The properties was load with success: 
	browser=chrome
	browser.driver.path=src\test\resources\drivers\chromedriver.exe
	browser.download.dir=src/test/resources/downloads/
	options.arguments=--lang=en --allow-running-insecure-content --enable-logging --v=1 --test-type
	options.experimental.profile.default_content_setting_values.automatic_downloads=1
	options.experimental.profile.content_settings.pattern_pairs.*.multiple-automatic-downloads=1
	options.experimental.profile.default_content_settings.popups=0
	options.experimental.download.prompt_for_download=1

11:29:33 INFO : WebDriverConfig - ===============================================================
11:29:33 INFO : WebDriverConfig - |          Open Selenium Web Driver 
11:29:33 INFO : WebDriverConfig - ===============================================================

11:29:42 INFO : WebLocator - click on Contact
11:29:42 INFO : WebLocatorDriverExecutor - Set value(@placeholder=Name): 'Ruben'
11:29:43 INFO : WebLocatorDriverExecutor - Set value(@placeholder=Email): 'testare1984@gmail.com'
11:29:43 INFO : WebLocator - sendKeys value(contact-message): 'hapte cooll'
11:30:03 DEBUG: Hooks - ***** END of Scenario: Contact successfully *****
11:30:03 INFO : WebDriverConfig - ===============================================================
11:30:03 INFO : WebDriverConfig - |          Stopping driver (closing browser)                   |
11:30:03 INFO : WebDriverConfig - ===============================================================
11:30:04 DEBUG: WebDriverConfig - ===============================================================
11:30:04 DEBUG: WebDriverConfig - |         Driver stopped (browser closed)                     |
11:30:04 DEBUG: WebDriverConfig - ===============================================================

11:35:53 DEBUG: Hooks - ***** START of Scenario: Contact successfully *****
11:35:53 INFO : InitDriver - ===============================================================
11:35:53 INFO : InitDriver - |          Environment : ft
11:35:53 INFO : InitDriver - |          Operating System : Windows 10
11:35:53 INFO : InitDriver - |          Browser: chrome
11:35:53 INFO : InitDriver - |          Browser config file: chrome.properties
11:35:53 INFO : InitDriver - ===============================================================

11:35:53 DEBUG: WebDriverConfig - File: chrome.properties exists
11:35:53 INFO : WebLocatorConfig - 
	weblocator.log.containers=false
	weblocator.log.useClassName=false
	weblocator.log.xPath=true
	weblocator.log.retryException=true
	weblocator.log.suggestions=true
	weblocator.highlight=true
	weblocator.generateCssSelector=false
	weblocator.defaults.renderMillis=5000
	weblocator.defaults.searchType=contains
	weblocator.defaults.labelPosition=/parent::*/following-sibling::div[1]//
	weblocator.min.chars.toType=-1
	driver.autoClose=true
	driver.implicitlyWait=150
	upload.exe.path=src\test\resources\upload\upload.exe
	weblocator.log.logXPathEnabled=true

11:35:53 INFO : WebDriverConfig - Browser is: chrome
11:35:53 INFO : WebDriverConfig - 
	browser=chrome
	browser.driver.path=src\test\resources\drivers\chromedriver.exe
	browser.download.dir=src/test/resources/downloads/
	options.arguments=--lang=en --allow-running-insecure-content --enable-logging --v=1 --test-type
	options.experimental.profile.default_content_setting_values.automatic_downloads=1
	options.experimental.profile.content_settings.pattern_pairs.*.multiple-automatic-downloads=1
	options.experimental.profile.default_content_settings.popups=0
	options.experimental.download.prompt_for_download=1

11:35:53 INFO : ChromeConfigReader - The properties was load with success: 
	browser=chrome
	browser.driver.path=src\test\resources\drivers\chromedriver.exe
	browser.download.dir=src/test/resources/downloads/
	options.arguments=--lang=en --allow-running-insecure-content --enable-logging --v=1 --test-type
	options.experimental.profile.default_content_setting_values.automatic_downloads=1
	options.experimental.profile.content_settings.pattern_pairs.*.multiple-automatic-downloads=1
	options.experimental.profile.default_content_settings.popups=0
	options.experimental.download.prompt_for_download=1

11:35:55 INFO : WebDriverConfig - ===============================================================
11:35:55 INFO : WebDriverConfig - |          Open Selenium Web Driver 
11:35:55 INFO : WebDriverConfig - ===============================================================

11:36:03 INFO : WebLocator - click on Contact
11:36:04 INFO : WebLocatorDriverExecutor - Set value(@placeholder=Name): 'Ruben'
11:36:04 INFO : WebLocatorDriverExecutor - Set value(@placeholder=Email): 'testare1984@gmail.com'
11:36:09 WARN : WebLocatorDriverExecutor - Element not found after 5000 millis; Message
11:36:09 DEBUG: WebLocatorDriverExecutor - 	$x("//*[contains(text(),'Message')]")
11:36:09 DEBUG: WebLocatorSuggestions - getSuggestion >> enter
11:36:11 WARN : WebLocatorSuggestions - Found the element using text search type [STARTS_WITH, CONTAINS_ALL, TRIM]
11:36:11 DEBUG: WebLocatorSuggestions - getSuggestion << exit
11:36:11 WARN : Hooks - "Contact successfully" scenario has failed! Screenshot embedded in the report.
11:36:12 DEBUG: Hooks - ***** END of Scenario: Contact successfully *****
11:36:12 INFO : WebDriverConfig - ===============================================================
11:36:12 INFO : WebDriverConfig - |          Stopping driver (closing browser)                   |
11:36:12 INFO : WebDriverConfig - ===============================================================
11:36:14 DEBUG: WebDriverConfig - ===============================================================
11:36:14 DEBUG: WebDriverConfig - |         Driver stopped (browser closed)                     |
11:36:14 DEBUG: WebDriverConfig - ===============================================================

11:42:58 DEBUG: Hooks - ***** START of Scenario: Contact successfully *****
11:42:58 INFO : InitDriver - ===============================================================
11:42:58 INFO : InitDriver - |          Environment : ft
11:42:58 INFO : InitDriver - |          Operating System : Windows 10
11:42:58 INFO : InitDriver - |          Browser: chrome
11:42:58 INFO : InitDriver - |          Browser config file: chrome.properties
11:42:58 INFO : InitDriver - ===============================================================

11:42:58 DEBUG: WebDriverConfig - File: chrome.properties exists
11:42:58 INFO : WebLocatorConfig - 
	weblocator.log.containers=false
	weblocator.log.useClassName=false
	weblocator.log.xPath=true
	weblocator.log.retryException=true
	weblocator.log.suggestions=true
	weblocator.highlight=true
	weblocator.generateCssSelector=false
	weblocator.defaults.renderMillis=5000
	weblocator.defaults.searchType=contains
	weblocator.defaults.labelPosition=/parent::*/following-sibling::div[1]//
	weblocator.min.chars.toType=-1
	driver.autoClose=true
	driver.implicitlyWait=150
	upload.exe.path=src\test\resources\upload\upload.exe
	weblocator.log.logXPathEnabled=true

11:42:58 INFO : WebDriverConfig - Browser is: chrome
11:42:58 INFO : WebDriverConfig - 
	browser=chrome
	browser.driver.path=src\test\resources\drivers\chromedriver.exe
	browser.download.dir=src/test/resources/downloads/
	options.arguments=--lang=en --allow-running-insecure-content --enable-logging --v=1 --test-type
	options.experimental.profile.default_content_setting_values.automatic_downloads=1
	options.experimental.profile.content_settings.pattern_pairs.*.multiple-automatic-downloads=1
	options.experimental.profile.default_content_settings.popups=0
	options.experimental.download.prompt_for_download=1

11:42:58 INFO : ChromeConfigReader - The properties was load with success: 
	browser=chrome
	browser.driver.path=src\test\resources\drivers\chromedriver.exe
	browser.download.dir=src/test/resources/downloads/
	options.arguments=--lang=en --allow-running-insecure-content --enable-logging --v=1 --test-type
	options.experimental.profile.default_content_setting_values.automatic_downloads=1
	options.experimental.profile.content_settings.pattern_pairs.*.multiple-automatic-downloads=1
	options.experimental.profile.default_content_settings.popups=0
	options.experimental.download.prompt_for_download=1

11:43:00 INFO : WebDriverConfig - ===============================================================
11:43:00 INFO : WebDriverConfig - |          Open Selenium Web Driver 
11:43:00 INFO : WebDriverConfig - ===============================================================

11:43:07 INFO : WebLocator - click on Contact
11:43:07 INFO : WebLocatorDriverExecutor - Set value(@placeholder=Name): 'Ruben'
11:43:07 INFO : WebLocatorDriverExecutor - Set value(@placeholder=Email): 'testare1984@gmail.com'
11:43:12 WARN : WebLocatorDriverExecutor - Element not found after 5000 millis; @placeholder=Message
11:43:12 DEBUG: WebLocatorDriverExecutor - 	$x("//input[@placeholder='Message']")
11:43:12 DEBUG: WebLocatorSuggestions - getSuggestion >> enter
11:43:22 DEBUG: WebLocatorSuggestions - No suggestions found for @placeholder=Message
11:43:22 DEBUG: WebLocatorSuggestions - getSuggestion << exit
11:43:22 WARN : Hooks - "Contact successfully" scenario has failed! Screenshot embedded in the report.
11:43:23 DEBUG: Hooks - ***** END of Scenario: Contact successfully *****
11:43:23 INFO : WebDriverConfig - ===============================================================
11:43:23 INFO : WebDriverConfig - |          Stopping driver (closing browser)                   |
11:43:23 INFO : WebDriverConfig - ===============================================================
11:43:24 DEBUG: WebDriverConfig - ===============================================================
11:43:24 DEBUG: WebDriverConfig - |         Driver stopped (browser closed)                     |
11:43:24 DEBUG: WebDriverConfig - ===============================================================

11:45:28 DEBUG: Hooks - ***** START of Scenario: Contact successfully *****
11:45:28 INFO : InitDriver - ===============================================================
11:45:28 INFO : InitDriver - |          Environment : ft
11:45:28 INFO : InitDriver - |          Operating System : Windows 10
11:45:28 INFO : InitDriver - |          Browser: chrome
11:45:28 INFO : InitDriver - |          Browser config file: chrome.properties
11:45:28 INFO : InitDriver - ===============================================================

11:45:28 DEBUG: WebDriverConfig - File: chrome.properties exists
11:45:28 INFO : WebLocatorConfig - 
	weblocator.log.containers=false
	weblocator.log.useClassName=false
	weblocator.log.xPath=true
	weblocator.log.retryException=true
	weblocator.log.suggestions=true
	weblocator.highlight=true
	weblocator.generateCssSelector=false
	weblocator.defaults.renderMillis=5000
	weblocator.defaults.searchType=contains
	weblocator.defaults.labelPosition=/parent::*/following-sibling::div[1]//
	weblocator.min.chars.toType=-1
	driver.autoClose=true
	driver.implicitlyWait=150
	upload.exe.path=src\test\resources\upload\upload.exe
	weblocator.log.logXPathEnabled=true

11:45:28 INFO : WebDriverConfig - Browser is: chrome
11:45:28 INFO : WebDriverConfig - 
	browser=chrome
	browser.driver.path=src\test\resources\drivers\chromedriver.exe
	browser.download.dir=src/test/resources/downloads/
	options.arguments=--lang=en --allow-running-insecure-content --enable-logging --v=1 --test-type
	options.experimental.profile.default_content_setting_values.automatic_downloads=1
	options.experimental.profile.content_settings.pattern_pairs.*.multiple-automatic-downloads=1
	options.experimental.profile.default_content_settings.popups=0
	options.experimental.download.prompt_for_download=1

11:45:28 INFO : ChromeConfigReader - The properties was load with success: 
	browser=chrome
	browser.driver.path=src\test\resources\drivers\chromedriver.exe
	browser.download.dir=src/test/resources/downloads/
	options.arguments=--lang=en --allow-running-insecure-content --enable-logging --v=1 --test-type
	options.experimental.profile.default_content_setting_values.automatic_downloads=1
	options.experimental.profile.content_settings.pattern_pairs.*.multiple-automatic-downloads=1
	options.experimental.profile.default_content_settings.popups=0
	options.experimental.download.prompt_for_download=1

11:45:30 INFO : WebDriverConfig - ===============================================================
11:45:30 INFO : WebDriverConfig - |          Open Selenium Web Driver 
11:45:30 INFO : WebDriverConfig - ===============================================================

11:45:39 INFO : WebLocator - click on Contact
11:45:40 INFO : WebLocatorDriverExecutor - Set value(@placeholder=Name): 'Ruben'
11:45:40 INFO : WebLocatorDriverExecutor - Set value(@placeholder=Email): 'testare1984@gmail.com'
11:45:45 WARN : WebLocatorDriverExecutor - Element not found after 5000 millis; Message
11:45:45 DEBUG: WebLocatorDriverExecutor - 	$x("//input[contains(text(),'Message')]")
11:45:45 DEBUG: WebLocatorSuggestions - getSuggestion >> enter
11:45:48 WARN : WebLocatorSuggestions - Found the element using text search type [STARTS_WITH, CONTAINS_ALL, TRIM]
11:45:48 DEBUG: WebLocatorSuggestions - getSuggestion << exit
11:45:48 WARN : Hooks - "Contact successfully" scenario has failed! Screenshot embedded in the report.
11:45:49 DEBUG: Hooks - ***** END of Scenario: Contact successfully *****
11:45:49 INFO : WebDriverConfig - ===============================================================
11:45:49 INFO : WebDriverConfig - |          Stopping driver (closing browser)                   |
11:45:49 INFO : WebDriverConfig - ===============================================================
11:45:50 DEBUG: WebDriverConfig - ===============================================================
11:45:50 DEBUG: WebDriverConfig - |         Driver stopped (browser closed)                     |
11:45:50 DEBUG: WebDriverConfig - ===============================================================

11:48:52 DEBUG: Hooks - ***** START of Scenario: Contact successfully *****
11:48:52 INFO : InitDriver - ===============================================================
11:48:52 INFO : InitDriver - |          Environment : ft
11:48:52 INFO : InitDriver - |          Operating System : Windows 10
11:48:52 INFO : InitDriver - |          Browser: chrome
11:48:52 INFO : InitDriver - |          Browser config file: chrome.properties
11:48:52 INFO : InitDriver - ===============================================================

11:48:52 DEBUG: WebDriverConfig - File: chrome.properties exists
11:48:52 INFO : WebLocatorConfig - 
	weblocator.log.containers=false
	weblocator.log.useClassName=false
	weblocator.log.xPath=true
	weblocator.log.retryException=true
	weblocator.log.suggestions=true
	weblocator.highlight=true
	weblocator.generateCssSelector=false
	weblocator.defaults.renderMillis=5000
	weblocator.defaults.searchType=contains
	weblocator.defaults.labelPosition=/parent::*/following-sibling::div[1]//
	weblocator.min.chars.toType=-1
	driver.autoClose=true
	driver.implicitlyWait=150
	upload.exe.path=src\test\resources\upload\upload.exe
	weblocator.log.logXPathEnabled=true

11:48:52 INFO : WebDriverConfig - Browser is: chrome
11:48:52 INFO : WebDriverConfig - 
	browser=chrome
	browser.driver.path=src\test\resources\drivers\chromedriver.exe
	browser.download.dir=src/test/resources/downloads/
	options.arguments=--lang=en --allow-running-insecure-content --enable-logging --v=1 --test-type
	options.experimental.profile.default_content_setting_values.automatic_downloads=1
	options.experimental.profile.content_settings.pattern_pairs.*.multiple-automatic-downloads=1
	options.experimental.profile.default_content_settings.popups=0
	options.experimental.download.prompt_for_download=1

11:48:52 INFO : ChromeConfigReader - The properties was load with success: 
	browser=chrome
	browser.driver.path=src\test\resources\drivers\chromedriver.exe
	browser.download.dir=src/test/resources/downloads/
	options.arguments=--lang=en --allow-running-insecure-content --enable-logging --v=1 --test-type
	options.experimental.profile.default_content_setting_values.automatic_downloads=1
	options.experimental.profile.content_settings.pattern_pairs.*.multiple-automatic-downloads=1
	options.experimental.profile.default_content_settings.popups=0
	options.experimental.download.prompt_for_download=1

11:48:55 INFO : WebDriverConfig - ===============================================================
11:48:55 INFO : WebDriverConfig - |          Open Selenium Web Driver 
11:48:55 INFO : WebDriverConfig - ===============================================================

11:49:02 INFO : WebLocator - click on Contact
11:49:03 INFO : WebLocatorDriverExecutor - Set value(@placeholder=Name): 'Ruben'
11:49:03 INFO : WebLocatorDriverExecutor - Set value(@placeholder=Email): 'testare1984@gmail.com'
11:49:03 INFO : WebLocator - sendKeys value(your-message): 'hapte cooll'
11:49:23 DEBUG: Hooks - ***** END of Scenario: Contact successfully *****
11:49:23 INFO : WebDriverConfig - ===============================================================
11:49:23 INFO : WebDriverConfig - |          Stopping driver (closing browser)                   |
11:49:23 INFO : WebDriverConfig - ===============================================================
11:49:25 DEBUG: WebDriverConfig - ===============================================================
11:49:25 DEBUG: WebDriverConfig - |         Driver stopped (browser closed)                     |
11:49:25 DEBUG: WebDriverConfig - ===============================================================

13:58:41 DEBUG: Hooks - ***** START of Scenario: SeniorSoftware successfully *****
13:58:41 INFO : InitDriver - ===============================================================
13:58:41 INFO : InitDriver - |          Environment : ft
13:58:41 INFO : InitDriver - |          Operating System : Windows 10
13:58:41 INFO : InitDriver - |          Browser: chrome
13:58:41 INFO : InitDriver - |          Browser config file: chrome.properties
13:58:41 INFO : InitDriver - ===============================================================

13:58:41 DEBUG: WebDriverConfig - File: chrome.properties exists
13:58:41 INFO : WebLocatorConfig - 
	weblocator.log.containers=false
	weblocator.log.useClassName=false
	weblocator.log.xPath=true
	weblocator.log.retryException=true
	weblocator.log.suggestions=true
	weblocator.highlight=true
	weblocator.generateCssSelector=false
	weblocator.defaults.renderMillis=5000
	weblocator.defaults.searchType=contains
	weblocator.defaults.labelPosition=/parent::*/following-sibling::div[1]//
	weblocator.min.chars.toType=-1
	driver.autoClose=true
	driver.implicitlyWait=150
	upload.exe.path=src\test\resources\upload\upload.exe
	weblocator.log.logXPathEnabled=true

13:58:41 INFO : WebDriverConfig - Browser is: chrome
13:58:41 INFO : WebDriverConfig - 
	browser=chrome
	browser.driver.path=src\test\resources\drivers\chromedriver.exe
	browser.download.dir=src/test/resources/downloads/
	options.arguments=--lang=en --allow-running-insecure-content --enable-logging --v=1 --test-type
	options.experimental.profile.default_content_setting_values.automatic_downloads=1
	options.experimental.profile.content_settings.pattern_pairs.*.multiple-automatic-downloads=1
	options.experimental.profile.default_content_settings.popups=0
	options.experimental.download.prompt_for_download=1

13:58:41 INFO : ChromeConfigReader - The properties was load with success: 
	browser=chrome
	browser.driver.path=src\test\resources\drivers\chromedriver.exe
	browser.download.dir=src/test/resources/downloads/
	options.arguments=--lang=en --allow-running-insecure-content --enable-logging --v=1 --test-type
	options.experimental.profile.default_content_setting_values.automatic_downloads=1
	options.experimental.profile.content_settings.pattern_pairs.*.multiple-automatic-downloads=1
	options.experimental.profile.default_content_settings.popups=0
	options.experimental.download.prompt_for_download=1

13:58:43 INFO : WebDriverConfig - ===============================================================
13:58:43 INFO : WebDriverConfig - |          Open Selenium Web Driver 
13:58:43 INFO : WebDriverConfig - ===============================================================

13:58:50 DEBUG: Hooks - ***** END of Scenario: SeniorSoftware successfully *****
13:58:50 INFO : WebDriverConfig - ===============================================================
13:58:50 INFO : WebDriverConfig - |          Stopping driver (closing browser)                   |
13:58:50 INFO : WebDriverConfig - ===============================================================
13:58:51 DEBUG: WebDriverConfig - ===============================================================
13:58:51 DEBUG: WebDriverConfig - |         Driver stopped (browser closed)                     |
13:58:51 DEBUG: WebDriverConfig - ===============================================================

14:00:10 DEBUG: Hooks - ***** START of Scenario: SeniorSoftware successfully *****
14:00:10 INFO : InitDriver - ===============================================================
14:00:10 INFO : InitDriver - |          Environment : ft
14:00:10 INFO : InitDriver - |          Operating System : Windows 10
14:00:10 INFO : InitDriver - |          Browser: chrome
14:00:10 INFO : InitDriver - |          Browser config file: chrome.properties
14:00:10 INFO : InitDriver - ===============================================================

14:00:10 DEBUG: WebDriverConfig - File: chrome.properties exists
14:00:10 INFO : WebLocatorConfig - 
	weblocator.log.containers=false
	weblocator.log.useClassName=false
	weblocator.log.xPath=true
	weblocator.log.retryException=true
	weblocator.log.suggestions=true
	weblocator.highlight=true
	weblocator.generateCssSelector=false
	weblocator.defaults.renderMillis=5000
	weblocator.defaults.searchType=contains
	weblocator.defaults.labelPosition=/parent::*/following-sibling::div[1]//
	weblocator.min.chars.toType=-1
	driver.autoClose=true
	driver.implicitlyWait=150
	upload.exe.path=src\test\resources\upload\upload.exe
	weblocator.log.logXPathEnabled=true

14:00:10 INFO : WebDriverConfig - Browser is: chrome
14:00:10 INFO : WebDriverConfig - 
	browser=chrome
	browser.driver.path=src\test\resources\drivers\chromedriver.exe
	browser.download.dir=src/test/resources/downloads/
	options.arguments=--lang=en --allow-running-insecure-content --enable-logging --v=1 --test-type
	options.experimental.profile.default_content_setting_values.automatic_downloads=1
	options.experimental.profile.content_settings.pattern_pairs.*.multiple-automatic-downloads=1
	options.experimental.profile.default_content_settings.popups=0
	options.experimental.download.prompt_for_download=1

14:00:10 INFO : ChromeConfigReader - The properties was load with success: 
	browser=chrome
	browser.driver.path=src\test\resources\drivers\chromedriver.exe
	browser.download.dir=src/test/resources/downloads/
	options.arguments=--lang=en --allow-running-insecure-content --enable-logging --v=1 --test-type
	options.experimental.profile.default_content_setting_values.automatic_downloads=1
	options.experimental.profile.content_settings.pattern_pairs.*.multiple-automatic-downloads=1
	options.experimental.profile.default_content_settings.popups=0
	options.experimental.download.prompt_for_download=1

14:00:13 INFO : WebDriverConfig - ===============================================================
14:00:13 INFO : WebDriverConfig - |          Open Selenium Web Driver 
14:00:13 INFO : WebDriverConfig - ===============================================================

14:00:20 ERROR: WebLocatorDriverExecutor - WebDriverException in doClick: Latest Vacancies
14:00:20 WARN : Hooks - "SeniorSoftware successfully" scenario has failed! Screenshot embedded in the report.
14:00:21 DEBUG: Hooks - ***** END of Scenario: SeniorSoftware successfully *****
14:00:21 INFO : WebDriverConfig - ===============================================================
14:00:21 INFO : WebDriverConfig - |          Stopping driver (closing browser)                   |
14:00:21 INFO : WebDriverConfig - ===============================================================
14:00:22 DEBUG: WebDriverConfig - ===============================================================
14:00:22 DEBUG: WebDriverConfig - |         Driver stopped (browser closed)                     |
14:00:22 DEBUG: WebDriverConfig - ===============================================================

14:04:04 DEBUG: Hooks - ***** START of Scenario: SeniorSoftware successfully *****
14:04:04 INFO : InitDriver - ===============================================================
14:04:04 INFO : InitDriver - |          Environment : ft
14:04:04 INFO : InitDriver - |          Operating System : Windows 10
14:04:04 INFO : InitDriver - |          Browser: chrome
14:04:04 INFO : InitDriver - |          Browser config file: chrome.properties
14:04:04 INFO : InitDriver - ===============================================================

14:04:04 DEBUG: WebDriverConfig - File: chrome.properties exists
14:04:04 INFO : WebLocatorConfig - 
	weblocator.log.containers=false
	weblocator.log.useClassName=false
	weblocator.log.xPath=true
	weblocator.log.retryException=true
	weblocator.log.suggestions=true
	weblocator.highlight=true
	weblocator.generateCssSelector=false
	weblocator.defaults.renderMillis=5000
	weblocator.defaults.searchType=contains
	weblocator.defaults.labelPosition=/parent::*/following-sibling::div[1]//
	weblocator.min.chars.toType=-1
	driver.autoClose=true
	driver.implicitlyWait=150
	upload.exe.path=src\test\resources\upload\upload.exe
	weblocator.log.logXPathEnabled=true

14:04:04 INFO : WebDriverConfig - Browser is: chrome
14:04:04 INFO : WebDriverConfig - 
	browser=chrome
	browser.driver.path=src\test\resources\drivers\chromedriver.exe
	browser.download.dir=src/test/resources/downloads/
	options.arguments=--lang=en --allow-running-insecure-content --enable-logging --v=1 --test-type
	options.experimental.profile.default_content_setting_values.automatic_downloads=1
	options.experimental.profile.content_settings.pattern_pairs.*.multiple-automatic-downloads=1
	options.experimental.profile.default_content_settings.popups=0
	options.experimental.download.prompt_for_download=1

14:04:04 INFO : ChromeConfigReader - The properties was load with success: 
	browser=chrome
	browser.driver.path=src\test\resources\drivers\chromedriver.exe
	browser.download.dir=src/test/resources/downloads/
	options.arguments=--lang=en --allow-running-insecure-content --enable-logging --v=1 --test-type
	options.experimental.profile.default_content_setting_values.automatic_downloads=1
	options.experimental.profile.content_settings.pattern_pairs.*.multiple-automatic-downloads=1
	options.experimental.profile.default_content_settings.popups=0
	options.experimental.download.prompt_for_download=1

14:04:06 INFO : WebDriverConfig - ===============================================================
14:04:06 INFO : WebDriverConfig - |          Open Selenium Web Driver 
14:04:06 INFO : WebDriverConfig - ===============================================================

14:04:18 WARN : WebLocatorDriverExecutor - Element not found after 5000 millis; Latest Vacancies
14:04:18 DEBUG: WebLocatorDriverExecutor - 	$x("//a[count(*//text()[normalize-space(.)='Latest Vacancies']) > 0]")
14:04:18 DEBUG: WebLocatorSuggestions - getSuggestion >> enter
14:04:19 WARN : WebLocatorSuggestions - Found the element using text search type [EQUALS, TRIM]
14:04:19 DEBUG: WebLocatorSuggestions - getSuggestion << exit
14:04:19 WARN : Hooks - "SeniorSoftware successfully" scenario has failed! Screenshot embedded in the report.
14:04:20 DEBUG: Hooks - ***** END of Scenario: SeniorSoftware successfully *****
14:04:20 INFO : WebDriverConfig - ===============================================================
14:04:20 INFO : WebDriverConfig - |          Stopping driver (closing browser)                   |
14:04:20 INFO : WebDriverConfig - ===============================================================
14:04:22 DEBUG: WebDriverConfig - ===============================================================
14:04:22 DEBUG: WebDriverConfig - |         Driver stopped (browser closed)                     |
14:04:22 DEBUG: WebDriverConfig - ===============================================================

14:37:22 DEBUG: Hooks - ***** START of Scenario: SeniorSoftware successfully *****
14:37:22 INFO : InitDriver - ===============================================================
14:37:22 INFO : InitDriver - |          Environment : ft
14:37:22 INFO : InitDriver - |          Operating System : Windows 10
14:37:22 INFO : InitDriver - |          Browser: chrome
14:37:22 INFO : InitDriver - |          Browser config file: chrome.properties
14:37:22 INFO : InitDriver - ===============================================================

14:37:22 DEBUG: WebDriverConfig - File: chrome.properties exists
14:37:22 INFO : WebLocatorConfig - 
	weblocator.log.containers=false
	weblocator.log.useClassName=false
	weblocator.log.xPath=true
	weblocator.log.retryException=true
	weblocator.log.suggestions=true
	weblocator.highlight=true
	weblocator.generateCssSelector=false
	weblocator.defaults.renderMillis=5000
	weblocator.defaults.searchType=contains
	weblocator.defaults.labelPosition=/parent::*/following-sibling::div[1]//
	weblocator.min.chars.toType=-1
	driver.autoClose=true
	driver.implicitlyWait=150
	upload.exe.path=src\test\resources\upload\upload.exe
	weblocator.log.logXPathEnabled=true

14:37:22 INFO : WebDriverConfig - Browser is: chrome
14:37:22 INFO : WebDriverConfig - 
	browser=chrome
	browser.driver.path=src\test\resources\drivers\chromedriver.exe
	browser.download.dir=src/test/resources/downloads/
	options.arguments=--lang=en --allow-running-insecure-content --enable-logging --v=1 --test-type
	options.experimental.profile.default_content_setting_values.automatic_downloads=1
	options.experimental.profile.content_settings.pattern_pairs.*.multiple-automatic-downloads=1
	options.experimental.profile.default_content_settings.popups=0
	options.experimental.download.prompt_for_download=1

14:37:22 INFO : ChromeConfigReader - The properties was load with success: 
	browser=chrome
	browser.driver.path=src\test\resources\drivers\chromedriver.exe
	browser.download.dir=src/test/resources/downloads/
	options.arguments=--lang=en --allow-running-insecure-content --enable-logging --v=1 --test-type
	options.experimental.profile.default_content_setting_values.automatic_downloads=1
	options.experimental.profile.content_settings.pattern_pairs.*.multiple-automatic-downloads=1
	options.experimental.profile.default_content_settings.popups=0
	options.experimental.download.prompt_for_download=1

14:37:24 INFO : WebDriverConfig - ===============================================================
14:37:24 INFO : WebDriverConfig - |          Open Selenium Web Driver 
14:37:24 INFO : WebDriverConfig - ===============================================================

14:37:37 WARN : WebLocatorDriverExecutor - Element not found after 5000 millis; menu-item-231
14:37:37 DEBUG: WebLocatorDriverExecutor - 	$x("//a[@id='menu-item-231']")
14:37:37 DEBUG: WebLocatorSuggestions - getSuggestion >> enter
14:37:46 DEBUG: WebLocatorSuggestions - No suggestions found for menu-item-231
14:37:46 DEBUG: WebLocatorSuggestions - getSuggestion << exit
14:37:46 WARN : Hooks - "SeniorSoftware successfully" scenario has failed! Screenshot embedded in the report.
14:37:47 DEBUG: Hooks - ***** END of Scenario: SeniorSoftware successfully *****
14:37:47 INFO : WebDriverConfig - ===============================================================
14:37:47 INFO : WebDriverConfig - |          Stopping driver (closing browser)                   |
14:37:47 INFO : WebDriverConfig - ===============================================================
14:37:48 DEBUG: WebDriverConfig - ===============================================================
14:37:48 DEBUG: WebDriverConfig - |         Driver stopped (browser closed)                     |
14:37:48 DEBUG: WebDriverConfig - ===============================================================

14:49:17 DEBUG: Hooks - ***** START of Scenario: SeniorSoftware successfully *****
14:49:17 INFO : InitDriver - ===============================================================
14:49:17 INFO : InitDriver - |          Environment : ft
14:49:17 INFO : InitDriver - |          Operating System : Windows 10
14:49:17 INFO : InitDriver - |          Browser: chrome
14:49:17 INFO : InitDriver - |          Browser config file: chrome.properties
14:49:17 INFO : InitDriver - ===============================================================

14:49:17 DEBUG: WebDriverConfig - File: chrome.properties exists
14:49:17 INFO : WebLocatorConfig - 
	weblocator.log.containers=false
	weblocator.log.useClassName=false
	weblocator.log.xPath=true
	weblocator.log.retryException=true
	weblocator.log.suggestions=true
	weblocator.highlight=true
	weblocator.generateCssSelector=false
	weblocator.defaults.renderMillis=5000
	weblocator.defaults.searchType=contains
	weblocator.defaults.labelPosition=/parent::*/following-sibling::div[1]//
	weblocator.min.chars.toType=-1
	driver.autoClose=true
	driver.implicitlyWait=150
	upload.exe.path=src\test\resources\upload\upload.exe
	weblocator.log.logXPathEnabled=true

14:49:17 INFO : WebDriverConfig - Browser is: chrome
14:49:17 INFO : WebDriverConfig - 
	browser=chrome
	browser.driver.path=src\test\resources\drivers\chromedriver.exe
	browser.download.dir=src/test/resources/downloads/
	options.arguments=--lang=en --allow-running-insecure-content --enable-logging --v=1 --test-type
	options.experimental.profile.default_content_setting_values.automatic_downloads=1
	options.experimental.profile.content_settings.pattern_pairs.*.multiple-automatic-downloads=1
	options.experimental.profile.default_content_settings.popups=0
	options.experimental.download.prompt_for_download=1

14:49:17 INFO : ChromeConfigReader - The properties was load with success: 
	browser=chrome
	browser.driver.path=src\test\resources\drivers\chromedriver.exe
	browser.download.dir=src/test/resources/downloads/
	options.arguments=--lang=en --allow-running-insecure-content --enable-logging --v=1 --test-type
	options.experimental.profile.default_content_setting_values.automatic_downloads=1
	options.experimental.profile.content_settings.pattern_pairs.*.multiple-automatic-downloads=1
	options.experimental.profile.default_content_settings.popups=0
	options.experimental.download.prompt_for_download=1

14:49:19 INFO : WebDriverConfig - ===============================================================
14:49:19 INFO : WebDriverConfig - |          Open Selenium Web Driver 
14:49:19 INFO : WebDriverConfig - ===============================================================

14:49:35 WARN : WebLocatorDriverExecutor - Element not found after 5000 millis; menu-item-231
14:49:35 DEBUG: WebLocatorDriverExecutor - 	$x("//a[@id='menu-item-231']")
14:49:35 DEBUG: WebLocatorSuggestions - getSuggestion >> enter
14:49:45 DEBUG: WebLocatorSuggestions - No suggestions found for menu-item-231
14:49:45 DEBUG: WebLocatorSuggestions - getSuggestion << exit
14:49:45 WARN : Hooks - "SeniorSoftware successfully" scenario has failed! Screenshot embedded in the report.
14:49:45 DEBUG: Hooks - ***** END of Scenario: SeniorSoftware successfully *****
14:49:45 INFO : WebDriverConfig - ===============================================================
14:49:45 INFO : WebDriverConfig - |          Stopping driver (closing browser)                   |
14:49:45 INFO : WebDriverConfig - ===============================================================
14:49:46 DEBUG: WebDriverConfig - ===============================================================
14:49:46 DEBUG: WebDriverConfig - |         Driver stopped (browser closed)                     |
14:49:46 DEBUG: WebDriverConfig - ===============================================================

14:52:51 DEBUG: Hooks - ***** START of Scenario: SeniorSoftware successfully *****
14:52:51 INFO : InitDriver - ===============================================================
14:52:51 INFO : InitDriver - |          Environment : ft
14:52:51 INFO : InitDriver - |          Operating System : Windows 10
14:52:51 INFO : InitDriver - |          Browser: chrome
14:52:51 INFO : InitDriver - |          Browser config file: chrome.properties
14:52:51 INFO : InitDriver - ===============================================================

14:52:51 DEBUG: WebDriverConfig - File: chrome.properties exists
14:52:51 INFO : WebLocatorConfig - 
	weblocator.log.containers=false
	weblocator.log.useClassName=false
	weblocator.log.xPath=true
	weblocator.log.retryException=true
	weblocator.log.suggestions=true
	weblocator.highlight=true
	weblocator.generateCssSelector=false
	weblocator.defaults.renderMillis=5000
	weblocator.defaults.searchType=contains
	weblocator.defaults.labelPosition=/parent::*/following-sibling::div[1]//
	weblocator.min.chars.toType=-1
	driver.autoClose=true
	driver.implicitlyWait=150
	upload.exe.path=src\test\resources\upload\upload.exe
	weblocator.log.logXPathEnabled=true

14:52:51 INFO : WebDriverConfig - Browser is: chrome
14:52:51 INFO : WebDriverConfig - 
	browser=chrome
	browser.driver.path=src\test\resources\drivers\chromedriver.exe
	browser.download.dir=src/test/resources/downloads/
	options.arguments=--lang=en --allow-running-insecure-content --enable-logging --v=1 --test-type
	options.experimental.profile.default_content_setting_values.automatic_downloads=1
	options.experimental.profile.content_settings.pattern_pairs.*.multiple-automatic-downloads=1
	options.experimental.profile.default_content_settings.popups=0
	options.experimental.download.prompt_for_download=1

14:52:51 INFO : ChromeConfigReader - The properties was load with success: 
	browser=chrome
	browser.driver.path=src\test\resources\drivers\chromedriver.exe
	browser.download.dir=src/test/resources/downloads/
	options.arguments=--lang=en --allow-running-insecure-content --enable-logging --v=1 --test-type
	options.experimental.profile.default_content_setting_values.automatic_downloads=1
	options.experimental.profile.content_settings.pattern_pairs.*.multiple-automatic-downloads=1
	options.experimental.profile.default_content_settings.popups=0
	options.experimental.download.prompt_for_download=1

14:52:54 INFO : WebDriverConfig - ===============================================================
14:52:54 INFO : WebDriverConfig - |          Open Selenium Web Driver 
14:52:54 INFO : WebDriverConfig - ===============================================================

14:53:06 WARN : WebLocatorDriverExecutor - Element not found after 5000 millis; menu-item-231
14:53:06 DEBUG: WebLocatorDriverExecutor - 	$x("//a[@id='menu-item-231']")
14:53:06 DEBUG: WebLocatorSuggestions - getSuggestion >> enter
14:53:15 DEBUG: WebLocatorSuggestions - No suggestions found for menu-item-231
14:53:15 DEBUG: WebLocatorSuggestions - getSuggestion << exit
14:53:15 WARN : Hooks - "SeniorSoftware successfully" scenario has failed! Screenshot embedded in the report.
14:53:16 DEBUG: Hooks - ***** END of Scenario: SeniorSoftware successfully *****
14:53:16 INFO : WebDriverConfig - ===============================================================
14:53:16 INFO : WebDriverConfig - |          Stopping driver (closing browser)                   |
14:53:16 INFO : WebDriverConfig - ===============================================================
14:53:17 DEBUG: WebDriverConfig - ===============================================================
14:53:17 DEBUG: WebDriverConfig - |         Driver stopped (browser closed)                     |
14:53:17 DEBUG: WebDriverConfig - ===============================================================

14:54:35 DEBUG: Hooks - ***** START of Scenario: SeniorSoftware successfully *****
14:54:35 INFO : InitDriver - ===============================================================
14:54:35 INFO : InitDriver - |          Environment : ft
14:54:35 INFO : InitDriver - |          Operating System : Windows 10
14:54:35 INFO : InitDriver - |          Browser: chrome
14:54:35 INFO : InitDriver - |          Browser config file: chrome.properties
14:54:35 INFO : InitDriver - ===============================================================

14:54:35 DEBUG: WebDriverConfig - File: chrome.properties exists
14:54:35 INFO : WebLocatorConfig - 
	weblocator.log.containers=false
	weblocator.log.useClassName=false
	weblocator.log.xPath=true
	weblocator.log.retryException=true
	weblocator.log.suggestions=true
	weblocator.highlight=true
	weblocator.generateCssSelector=false
	weblocator.defaults.renderMillis=5000
	weblocator.defaults.searchType=contains
	weblocator.defaults.labelPosition=/parent::*/following-sibling::div[1]//
	weblocator.min.chars.toType=-1
	driver.autoClose=true
	driver.implicitlyWait=150
	upload.exe.path=src\test\resources\upload\upload.exe
	weblocator.log.logXPathEnabled=true

14:54:35 INFO : WebDriverConfig - Browser is: chrome
14:54:35 INFO : WebDriverConfig - 
	browser=chrome
	browser.driver.path=src\test\resources\drivers\chromedriver.exe
	browser.download.dir=src/test/resources/downloads/
	options.arguments=--lang=en --allow-running-insecure-content --enable-logging --v=1 --test-type
	options.experimental.profile.default_content_setting_values.automatic_downloads=1
	options.experimental.profile.content_settings.pattern_pairs.*.multiple-automatic-downloads=1
	options.experimental.profile.default_content_settings.popups=0
	options.experimental.download.prompt_for_download=1

14:54:35 INFO : ChromeConfigReader - The properties was load with success: 
	browser=chrome
	browser.driver.path=src\test\resources\drivers\chromedriver.exe
	browser.download.dir=src/test/resources/downloads/
	options.arguments=--lang=en --allow-running-insecure-content --enable-logging --v=1 --test-type
	options.experimental.profile.default_content_setting_values.automatic_downloads=1
	options.experimental.profile.content_settings.pattern_pairs.*.multiple-automatic-downloads=1
	options.experimental.profile.default_content_settings.popups=0
	options.experimental.download.prompt_for_download=1

14:54:37 INFO : WebDriverConfig - ===============================================================
14:54:37 INFO : WebDriverConfig - |          Open Selenium Web Driver 
14:54:37 INFO : WebDriverConfig - ===============================================================

14:54:51 WARN : WebLocatorDriverExecutor - Element not found after 5000 millis; menu-item-231
14:54:51 DEBUG: WebLocatorDriverExecutor - 	$x("//a[@id='menu-item-231']")
14:54:51 DEBUG: WebLocatorSuggestions - getSuggestion >> enter
14:55:00 DEBUG: WebLocatorSuggestions - No suggestions found for menu-item-231
14:55:00 DEBUG: WebLocatorSuggestions - getSuggestion << exit
14:55:00 WARN : Hooks - "SeniorSoftware successfully" scenario has failed! Screenshot embedded in the report.
14:55:00 DEBUG: Hooks - ***** END of Scenario: SeniorSoftware successfully *****
14:55:00 INFO : WebDriverConfig - ===============================================================
14:55:00 INFO : WebDriverConfig - |          Stopping driver (closing browser)                   |
14:55:00 INFO : WebDriverConfig - ===============================================================
14:55:02 DEBUG: WebDriverConfig - ===============================================================
14:55:02 DEBUG: WebDriverConfig - |         Driver stopped (browser closed)                     |
14:55:02 DEBUG: WebDriverConfig - ===============================================================

14:58:23 DEBUG: Hooks - ***** START of Scenario: SeniorSoftware successfully *****
14:58:23 INFO : InitDriver - ===============================================================
14:58:23 INFO : InitDriver - |          Environment : ft
14:58:23 INFO : InitDriver - |          Operating System : Windows 10
14:58:23 INFO : InitDriver - |          Browser: chrome
14:58:23 INFO : InitDriver - |          Browser config file: chrome.properties
14:58:23 INFO : InitDriver - ===============================================================

14:58:23 DEBUG: WebDriverConfig - File: chrome.properties exists
14:58:23 INFO : WebLocatorConfig - 
	weblocator.log.containers=false
	weblocator.log.useClassName=false
	weblocator.log.xPath=true
	weblocator.log.retryException=true
	weblocator.log.suggestions=true
	weblocator.highlight=true
	weblocator.generateCssSelector=false
	weblocator.defaults.renderMillis=5000
	weblocator.defaults.searchType=contains
	weblocator.defaults.labelPosition=/parent::*/following-sibling::div[1]//
	weblocator.min.chars.toType=-1
	driver.autoClose=true
	driver.implicitlyWait=150
	upload.exe.path=src\test\resources\upload\upload.exe
	weblocator.log.logXPathEnabled=true

14:58:23 INFO : WebDriverConfig - Browser is: chrome
14:58:23 INFO : WebDriverConfig - 
	browser=chrome
	browser.driver.path=src\test\resources\drivers\chromedriver.exe
	browser.download.dir=src/test/resources/downloads/
	options.arguments=--lang=en --allow-running-insecure-content --enable-logging --v=1 --test-type
	options.experimental.profile.default_content_setting_values.automatic_downloads=1
	options.experimental.profile.content_settings.pattern_pairs.*.multiple-automatic-downloads=1
	options.experimental.profile.default_content_settings.popups=0
	options.experimental.download.prompt_for_download=1

14:58:23 INFO : ChromeConfigReader - The properties was load with success: 
	browser=chrome
	browser.driver.path=src\test\resources\drivers\chromedriver.exe
	browser.download.dir=src/test/resources/downloads/
	options.arguments=--lang=en --allow-running-insecure-content --enable-logging --v=1 --test-type
	options.experimental.profile.default_content_setting_values.automatic_downloads=1
	options.experimental.profile.content_settings.pattern_pairs.*.multiple-automatic-downloads=1
	options.experimental.profile.default_content_settings.popups=0
	options.experimental.download.prompt_for_download=1

14:58:25 INFO : WebDriverConfig - ===============================================================
14:58:25 INFO : WebDriverConfig - |          Open Selenium Web Driver 
14:58:25 INFO : WebDriverConfig - ===============================================================

14:58:32 ERROR: WebLocatorDriverExecutor - WebDriverException in doClick: menu-item-231
14:58:32 WARN : Hooks - "SeniorSoftware successfully" scenario has failed! Screenshot embedded in the report.
14:58:33 DEBUG: Hooks - ***** END of Scenario: SeniorSoftware successfully *****
14:58:33 INFO : WebDriverConfig - ===============================================================
14:58:33 INFO : WebDriverConfig - |          Stopping driver (closing browser)                   |
14:58:33 INFO : WebDriverConfig - ===============================================================
14:58:34 DEBUG: WebDriverConfig - ===============================================================
14:58:34 DEBUG: WebDriverConfig - |         Driver stopped (browser closed)                     |
14:58:34 DEBUG: WebDriverConfig - ===============================================================

15:06:44 DEBUG: Hooks - ***** START of Scenario: SeniorSoftware successfully *****
15:06:44 INFO : InitDriver - ===============================================================
15:06:44 INFO : InitDriver - |          Environment : ft
15:06:44 INFO : InitDriver - |          Operating System : Windows 10
15:06:44 INFO : InitDriver - |          Browser: chrome
15:06:44 INFO : InitDriver - |          Browser config file: chrome.properties
15:06:44 INFO : InitDriver - ===============================================================

15:06:44 DEBUG: WebDriverConfig - File: chrome.properties exists
15:06:44 INFO : WebLocatorConfig - 
	weblocator.log.containers=false
	weblocator.log.useClassName=false
	weblocator.log.xPath=true
	weblocator.log.retryException=true
	weblocator.log.suggestions=true
	weblocator.highlight=true
	weblocator.generateCssSelector=false
	weblocator.defaults.renderMillis=5000
	weblocator.defaults.searchType=contains
	weblocator.defaults.labelPosition=/parent::*/following-sibling::div[1]//
	weblocator.min.chars.toType=-1
	driver.autoClose=true
	driver.implicitlyWait=150
	upload.exe.path=src\test\resources\upload\upload.exe
	weblocator.log.logXPathEnabled=true

15:06:44 INFO : WebDriverConfig - Browser is: chrome
15:06:44 INFO : WebDriverConfig - 
	browser=chrome
	browser.driver.path=src\test\resources\drivers\chromedriver.exe
	browser.download.dir=src/test/resources/downloads/
	options.arguments=--lang=en --allow-running-insecure-content --enable-logging --v=1 --test-type
	options.experimental.profile.default_content_setting_values.automatic_downloads=1
	options.experimental.profile.content_settings.pattern_pairs.*.multiple-automatic-downloads=1
	options.experimental.profile.default_content_settings.popups=0
	options.experimental.download.prompt_for_download=1

15:06:45 INFO : ChromeConfigReader - The properties was load with success: 
	browser=chrome
	browser.driver.path=src\test\resources\drivers\chromedriver.exe
	browser.download.dir=src/test/resources/downloads/
	options.arguments=--lang=en --allow-running-insecure-content --enable-logging --v=1 --test-type
	options.experimental.profile.default_content_setting_values.automatic_downloads=1
	options.experimental.profile.content_settings.pattern_pairs.*.multiple-automatic-downloads=1
	options.experimental.profile.default_content_settings.popups=0
	options.experimental.download.prompt_for_download=1

15:06:47 INFO : WebDriverConfig - ===============================================================
15:06:47 INFO : WebDriverConfig - |          Open Selenium Web Driver 
15:06:47 INFO : WebDriverConfig - ===============================================================

15:07:01 WARN : WebLocatorDriverExecutor - Element not found after 5000 millis; menu-item-231
15:07:01 DEBUG: WebLocatorDriverExecutor - 	$x("//a[@id='menu-item-231']")
15:07:01 DEBUG: WebLocatorSuggestions - getSuggestion >> enter
15:07:10 DEBUG: WebLocatorSuggestions - No suggestions found for menu-item-231
15:07:10 DEBUG: WebLocatorSuggestions - getSuggestion << exit
15:07:10 WARN : Hooks - "SeniorSoftware successfully" scenario has failed! Screenshot embedded in the report.
15:07:11 DEBUG: Hooks - ***** END of Scenario: SeniorSoftware successfully *****
15:07:11 INFO : WebDriverConfig - ===============================================================
15:07:11 INFO : WebDriverConfig - |          Stopping driver (closing browser)                   |
15:07:11 INFO : WebDriverConfig - ===============================================================
15:07:12 DEBUG: WebDriverConfig - ===============================================================
15:07:12 DEBUG: WebDriverConfig - |         Driver stopped (browser closed)                     |
15:07:12 DEBUG: WebDriverConfig - ===============================================================

15:14:04 DEBUG: Hooks - ***** START of Scenario: SeniorSoftware successfully *****
15:14:04 INFO : InitDriver - ===============================================================
15:14:04 INFO : InitDriver - |          Environment : ft
15:14:04 INFO : InitDriver - |          Operating System : Windows 10
15:14:04 INFO : InitDriver - |          Browser: chrome
15:14:04 INFO : InitDriver - |          Browser config file: chrome.properties
15:14:04 INFO : InitDriver - ===============================================================

15:14:04 DEBUG: WebDriverConfig - File: chrome.properties exists
15:14:04 INFO : WebLocatorConfig - 
	weblocator.log.containers=false
	weblocator.log.useClassName=false
	weblocator.log.xPath=true
	weblocator.log.retryException=true
	weblocator.log.suggestions=true
	weblocator.highlight=true
	weblocator.generateCssSelector=false
	weblocator.defaults.renderMillis=5000
	weblocator.defaults.searchType=contains
	weblocator.defaults.labelPosition=/parent::*/following-sibling::div[1]//
	weblocator.min.chars.toType=-1
	driver.autoClose=true
	driver.implicitlyWait=150
	upload.exe.path=src\test\resources\upload\upload.exe
	weblocator.log.logXPathEnabled=true

15:14:04 INFO : WebDriverConfig - Browser is: chrome
15:14:04 INFO : WebDriverConfig - 
	browser=chrome
	browser.driver.path=src\test\resources\drivers\chromedriver.exe
	browser.download.dir=src/test/resources/downloads/
	options.arguments=--lang=en --allow-running-insecure-content --enable-logging --v=1 --test-type
	options.experimental.profile.default_content_setting_values.automatic_downloads=1
	options.experimental.profile.content_settings.pattern_pairs.*.multiple-automatic-downloads=1
	options.experimental.profile.default_content_settings.popups=0
	options.experimental.download.prompt_for_download=1

15:14:04 INFO : ChromeConfigReader - The properties was load with success: 
	browser=chrome
	browser.driver.path=src\test\resources\drivers\chromedriver.exe
	browser.download.dir=src/test/resources/downloads/
	options.arguments=--lang=en --allow-running-insecure-content --enable-logging --v=1 --test-type
	options.experimental.profile.default_content_setting_values.automatic_downloads=1
	options.experimental.profile.content_settings.pattern_pairs.*.multiple-automatic-downloads=1
	options.experimental.profile.default_content_settings.popups=0
	options.experimental.download.prompt_for_download=1

15:14:07 INFO : WebDriverConfig - ===============================================================
15:14:07 INFO : WebDriverConfig - |          Open Selenium Web Driver 
15:14:07 INFO : WebDriverConfig - ===============================================================

15:14:14 ERROR: WebLocatorDriverExecutor - WebDriverException in doClick: WebLocator
15:14:14 WARN : Hooks - "SeniorSoftware successfully" scenario has failed! Screenshot embedded in the report.
15:14:15 DEBUG: Hooks - ***** END of Scenario: SeniorSoftware successfully *****
15:14:15 INFO : WebDriverConfig - ===============================================================
15:14:15 INFO : WebDriverConfig - |          Stopping driver (closing browser)                   |
15:14:15 INFO : WebDriverConfig - ===============================================================
15:14:16 DEBUG: WebDriverConfig - ===============================================================
15:14:16 DEBUG: WebDriverConfig - |         Driver stopped (browser closed)                     |
15:14:16 DEBUG: WebDriverConfig - ===============================================================

15:15:35 DEBUG: Hooks - ***** START of Scenario: SeniorSoftware successfully *****
15:15:35 INFO : InitDriver - ===============================================================
15:15:35 INFO : InitDriver - |          Environment : ft
15:15:35 INFO : InitDriver - |          Operating System : Windows 10
15:15:35 INFO : InitDriver - |          Browser: chrome
15:15:35 INFO : InitDriver - |          Browser config file: chrome.properties
15:15:35 INFO : InitDriver - ===============================================================

15:15:35 DEBUG: WebDriverConfig - File: chrome.properties exists
15:15:35 INFO : WebLocatorConfig - 
	weblocator.log.containers=false
	weblocator.log.useClassName=false
	weblocator.log.xPath=true
	weblocator.log.retryException=true
	weblocator.log.suggestions=true
	weblocator.highlight=true
	weblocator.generateCssSelector=false
	weblocator.defaults.renderMillis=5000
	weblocator.defaults.searchType=contains
	weblocator.defaults.labelPosition=/parent::*/following-sibling::div[1]//
	weblocator.min.chars.toType=-1
	driver.autoClose=true
	driver.implicitlyWait=150
	upload.exe.path=src\test\resources\upload\upload.exe
	weblocator.log.logXPathEnabled=true

15:15:35 INFO : WebDriverConfig - Browser is: chrome
15:15:35 INFO : WebDriverConfig - 
	browser=chrome
	browser.driver.path=src\test\resources\drivers\chromedriver.exe
	browser.download.dir=src/test/resources/downloads/
	options.arguments=--lang=en --allow-running-insecure-content --enable-logging --v=1 --test-type
	options.experimental.profile.default_content_setting_values.automatic_downloads=1
	options.experimental.profile.content_settings.pattern_pairs.*.multiple-automatic-downloads=1
	options.experimental.profile.default_content_settings.popups=0
	options.experimental.download.prompt_for_download=1

15:15:35 INFO : ChromeConfigReader - The properties was load with success: 
	browser=chrome
	browser.driver.path=src\test\resources\drivers\chromedriver.exe
	browser.download.dir=src/test/resources/downloads/
	options.arguments=--lang=en --allow-running-insecure-content --enable-logging --v=1 --test-type
	options.experimental.profile.default_content_setting_values.automatic_downloads=1
	options.experimental.profile.content_settings.pattern_pairs.*.multiple-automatic-downloads=1
	options.experimental.profile.default_content_settings.popups=0
	options.experimental.download.prompt_for_download=1

15:15:37 INFO : WebDriverConfig - ===============================================================
15:15:37 INFO : WebDriverConfig - |          Open Selenium Web Driver 
15:15:37 INFO : WebDriverConfig - ===============================================================

15:15:45 ERROR: WebLocatorDriverExecutor - WebDriverException in doClick: WebLocator
15:15:45 WARN : Hooks - "SeniorSoftware successfully" scenario has failed! Screenshot embedded in the report.
15:15:46 DEBUG: Hooks - ***** END of Scenario: SeniorSoftware successfully *****
15:15:46 INFO : WebDriverConfig - ===============================================================
15:15:46 INFO : WebDriverConfig - |          Stopping driver (closing browser)                   |
15:15:46 INFO : WebDriverConfig - ===============================================================
15:15:47 DEBUG: WebDriverConfig - ===============================================================
15:15:47 DEBUG: WebDriverConfig - |         Driver stopped (browser closed)                     |
15:15:47 DEBUG: WebDriverConfig - ===============================================================

15:18:56 DEBUG: Hooks - ***** START of Scenario: SeniorSoftware successfully *****
15:18:56 INFO : InitDriver - ===============================================================
15:18:56 INFO : InitDriver - |          Environment : ft
15:18:56 INFO : InitDriver - |          Operating System : Windows 10
15:18:56 INFO : InitDriver - |          Browser: chrome
15:18:56 INFO : InitDriver - |          Browser config file: chrome.properties
15:18:56 INFO : InitDriver - ===============================================================

15:18:56 DEBUG: WebDriverConfig - File: chrome.properties exists
15:18:56 INFO : WebLocatorConfig - 
	weblocator.log.containers=false
	weblocator.log.useClassName=false
	weblocator.log.xPath=true
	weblocator.log.retryException=true
	weblocator.log.suggestions=true
	weblocator.highlight=true
	weblocator.generateCssSelector=false
	weblocator.defaults.renderMillis=5000
	weblocator.defaults.searchType=contains
	weblocator.defaults.labelPosition=/parent::*/following-sibling::div[1]//
	weblocator.min.chars.toType=-1
	driver.autoClose=true
	driver.implicitlyWait=150
	upload.exe.path=src\test\resources\upload\upload.exe
	weblocator.log.logXPathEnabled=true

15:18:56 INFO : WebDriverConfig - Browser is: chrome
15:18:56 INFO : WebDriverConfig - 
	browser=chrome
	browser.driver.path=src\test\resources\drivers\chromedriver.exe
	browser.download.dir=src/test/resources/downloads/
	options.arguments=--lang=en --allow-running-insecure-content --enable-logging --v=1 --test-type
	options.experimental.profile.default_content_setting_values.automatic_downloads=1
	options.experimental.profile.content_settings.pattern_pairs.*.multiple-automatic-downloads=1
	options.experimental.profile.default_content_settings.popups=0
	options.experimental.download.prompt_for_download=1

15:18:56 INFO : ChromeConfigReader - The properties was load with success: 
	browser=chrome
	browser.driver.path=src\test\resources\drivers\chromedriver.exe
	browser.download.dir=src/test/resources/downloads/
	options.arguments=--lang=en --allow-running-insecure-content --enable-logging --v=1 --test-type
	options.experimental.profile.default_content_setting_values.automatic_downloads=1
	options.experimental.profile.content_settings.pattern_pairs.*.multiple-automatic-downloads=1
	options.experimental.profile.default_content_settings.popups=0
	options.experimental.download.prompt_for_download=1

15:18:58 INFO : WebDriverConfig - ===============================================================
15:18:58 INFO : WebDriverConfig - |          Open Selenium Web Driver 
15:18:58 INFO : WebDriverConfig - ===============================================================

15:19:05 ERROR: WebLocatorDriverExecutor - WebDriverException in doClick: WebLocator
15:19:05 WARN : Hooks - "SeniorSoftware successfully" scenario has failed! Screenshot embedded in the report.
15:19:05 DEBUG: Hooks - ***** END of Scenario: SeniorSoftware successfully *****
15:19:05 INFO : WebDriverConfig - ===============================================================
15:19:05 INFO : WebDriverConfig - |          Stopping driver (closing browser)                   |
15:19:05 INFO : WebDriverConfig - ===============================================================
15:19:07 DEBUG: WebDriverConfig - ===============================================================
15:19:07 DEBUG: WebDriverConfig - |         Driver stopped (browser closed)                     |
15:19:07 DEBUG: WebDriverConfig - ===============================================================

15:23:38 DEBUG: Hooks - ***** START of Scenario: SeniorSoftware successfully *****
15:23:38 INFO : InitDriver - ===============================================================
15:23:38 INFO : InitDriver - |          Environment : ft
15:23:38 INFO : InitDriver - |          Operating System : Windows 10
15:23:38 INFO : InitDriver - |          Browser: chrome
15:23:38 INFO : InitDriver - |          Browser config file: chrome.properties
15:23:38 INFO : InitDriver - ===============================================================

15:23:38 DEBUG: WebDriverConfig - File: chrome.properties exists
15:23:38 INFO : WebLocatorConfig - 
	weblocator.log.containers=false
	weblocator.log.useClassName=false
	weblocator.log.xPath=true
	weblocator.log.retryException=true
	weblocator.log.suggestions=true
	weblocator.highlight=true
	weblocator.generateCssSelector=false
	weblocator.defaults.renderMillis=5000
	weblocator.defaults.searchType=contains
	weblocator.defaults.labelPosition=/parent::*/following-sibling::div[1]//
	weblocator.min.chars.toType=-1
	driver.autoClose=true
	driver.implicitlyWait=150
	upload.exe.path=src\test\resources\upload\upload.exe
	weblocator.log.logXPathEnabled=true

15:23:38 INFO : WebDriverConfig - Browser is: chrome
15:23:38 INFO : WebDriverConfig - 
	browser=chrome
	browser.driver.path=src\test\resources\drivers\chromedriver.exe
	browser.download.dir=src/test/resources/downloads/
	options.arguments=--lang=en --allow-running-insecure-content --enable-logging --v=1 --test-type
	options.experimental.profile.default_content_setting_values.automatic_downloads=1
	options.experimental.profile.content_settings.pattern_pairs.*.multiple-automatic-downloads=1
	options.experimental.profile.default_content_settings.popups=0
	options.experimental.download.prompt_for_download=1

15:23:38 INFO : ChromeConfigReader - The properties was load with success: 
	browser=chrome
	browser.driver.path=src\test\resources\drivers\chromedriver.exe
	browser.download.dir=src/test/resources/downloads/
	options.arguments=--lang=en --allow-running-insecure-content --enable-logging --v=1 --test-type
	options.experimental.profile.default_content_setting_values.automatic_downloads=1
	options.experimental.profile.content_settings.pattern_pairs.*.multiple-automatic-downloads=1
	options.experimental.profile.default_content_settings.popups=0
	options.experimental.download.prompt_for_download=1

15:23:40 INFO : WebDriverConfig - ===============================================================
15:23:40 INFO : WebDriverConfig - |          Open Selenium Web Driver 
15:23:40 INFO : WebDriverConfig - ===============================================================

15:23:47 ERROR: WebLocatorDriverExecutor - WebDriverException in doClick: menu-item-231
15:23:47 WARN : Hooks - "SeniorSoftware successfully" scenario has failed! Screenshot embedded in the report.
15:23:47 DEBUG: Hooks - ***** END of Scenario: SeniorSoftware successfully *****
15:23:47 INFO : WebDriverConfig - ===============================================================
15:23:47 INFO : WebDriverConfig - |          Stopping driver (closing browser)                   |
15:23:47 INFO : WebDriverConfig - ===============================================================
15:23:49 DEBUG: WebDriverConfig - ===============================================================
15:23:49 DEBUG: WebDriverConfig - |         Driver stopped (browser closed)                     |
15:23:49 DEBUG: WebDriverConfig - ===============================================================

15:24:24 DEBUG: Hooks - ***** START of Scenario: SeniorSoftware successfully *****
15:24:24 INFO : InitDriver - ===============================================================
15:24:24 INFO : InitDriver - |          Environment : ft
15:24:24 INFO : InitDriver - |          Operating System : Windows 10
15:24:24 INFO : InitDriver - |          Browser: chrome
15:24:24 INFO : InitDriver - |          Browser config file: chrome.properties
15:24:24 INFO : InitDriver - ===============================================================

15:24:24 DEBUG: WebDriverConfig - File: chrome.properties exists
15:24:24 INFO : WebLocatorConfig - 
	weblocator.log.containers=false
	weblocator.log.useClassName=false
	weblocator.log.xPath=true
	weblocator.log.retryException=true
	weblocator.log.suggestions=true
	weblocator.highlight=true
	weblocator.generateCssSelector=false
	weblocator.defaults.renderMillis=5000
	weblocator.defaults.searchType=contains
	weblocator.defaults.labelPosition=/parent::*/following-sibling::div[1]//
	weblocator.min.chars.toType=-1
	driver.autoClose=true
	driver.implicitlyWait=150
	upload.exe.path=src\test\resources\upload\upload.exe
	weblocator.log.logXPathEnabled=true

15:24:24 INFO : WebDriverConfig - Browser is: chrome
15:24:24 INFO : WebDriverConfig - 
	browser=chrome
	browser.driver.path=src\test\resources\drivers\chromedriver.exe
	browser.download.dir=src/test/resources/downloads/
	options.arguments=--lang=en --allow-running-insecure-content --enable-logging --v=1 --test-type
	options.experimental.profile.default_content_setting_values.automatic_downloads=1
	options.experimental.profile.content_settings.pattern_pairs.*.multiple-automatic-downloads=1
	options.experimental.profile.default_content_settings.popups=0
	options.experimental.download.prompt_for_download=1

15:24:24 INFO : ChromeConfigReader - The properties was load with success: 
	browser=chrome
	browser.driver.path=src\test\resources\drivers\chromedriver.exe
	browser.download.dir=src/test/resources/downloads/
	options.arguments=--lang=en --allow-running-insecure-content --enable-logging --v=1 --test-type
	options.experimental.profile.default_content_setting_values.automatic_downloads=1
	options.experimental.profile.content_settings.pattern_pairs.*.multiple-automatic-downloads=1
	options.experimental.profile.default_content_settings.popups=0
	options.experimental.download.prompt_for_download=1

15:24:27 INFO : WebDriverConfig - ===============================================================
15:24:27 INFO : WebDriverConfig - |          Open Selenium Web Driver 
15:24:27 INFO : WebDriverConfig - ===============================================================

15:24:34 INFO : WebLocator - click on menu-item-231
15:24:44 DEBUG: Hooks - ***** END of Scenario: SeniorSoftware successfully *****
15:24:44 INFO : WebDriverConfig - ===============================================================
15:24:44 INFO : WebDriverConfig - |          Stopping driver (closing browser)                   |
15:24:44 INFO : WebDriverConfig - ===============================================================
15:24:45 DEBUG: WebDriverConfig - ===============================================================
15:24:45 DEBUG: WebDriverConfig - |         Driver stopped (browser closed)                     |
15:24:45 DEBUG: WebDriverConfig - ===============================================================

15:36:42 DEBUG: Hooks - ***** START of Scenario: SeniorSoftware successfully *****
15:36:42 INFO : InitDriver - ===============================================================
15:36:42 INFO : InitDriver - |          Environment : ft
15:36:42 INFO : InitDriver - |          Operating System : Windows 10
15:36:42 INFO : InitDriver - |          Browser: chrome
15:36:42 INFO : InitDriver - |          Browser config file: chrome.properties
15:36:42 INFO : InitDriver - ===============================================================

15:36:42 DEBUG: WebDriverConfig - File: chrome.properties exists
15:36:42 INFO : WebLocatorConfig - 
	weblocator.log.containers=false
	weblocator.log.useClassName=false
	weblocator.log.xPath=true
	weblocator.log.retryException=true
	weblocator.log.suggestions=true
	weblocator.highlight=true
	weblocator.generateCssSelector=false
	weblocator.defaults.renderMillis=5000
	weblocator.defaults.searchType=contains
	weblocator.defaults.labelPosition=/parent::*/following-sibling::div[1]//
	weblocator.min.chars.toType=-1
	driver.autoClose=true
	driver.implicitlyWait=150
	upload.exe.path=src\test\resources\upload\upload.exe
	weblocator.log.logXPathEnabled=true

15:36:42 INFO : WebDriverConfig - Browser is: chrome
15:36:42 INFO : WebDriverConfig - 
	browser=chrome
	browser.driver.path=src\test\resources\drivers\chromedriver.exe
	browser.download.dir=src/test/resources/downloads/
	options.arguments=--lang=en --allow-running-insecure-content --enable-logging --v=1 --test-type
	options.experimental.profile.default_content_setting_values.automatic_downloads=1
	options.experimental.profile.content_settings.pattern_pairs.*.multiple-automatic-downloads=1
	options.experimental.profile.default_content_settings.popups=0
	options.experimental.download.prompt_for_download=1

15:36:42 INFO : ChromeConfigReader - The properties was load with success: 
	browser=chrome
	browser.driver.path=src\test\resources\drivers\chromedriver.exe
	browser.download.dir=src/test/resources/downloads/
	options.arguments=--lang=en --allow-running-insecure-content --enable-logging --v=1 --test-type
	options.experimental.profile.default_content_setting_values.automatic_downloads=1
	options.experimental.profile.content_settings.pattern_pairs.*.multiple-automatic-downloads=1
	options.experimental.profile.default_content_settings.popups=0
	options.experimental.download.prompt_for_download=1

15:36:45 INFO : WebDriverConfig - ===============================================================
15:36:45 INFO : WebDriverConfig - |          Open Selenium Web Driver 
15:36:45 INFO : WebDriverConfig - ===============================================================

15:36:54 INFO : WebLocator - click on menu-item-231
15:36:54 ERROR: WebLocatorDriverExecutor - WebDriverException in doClick: WebLocator
15:36:54 WARN : Hooks - "SeniorSoftware successfully" scenario has failed! Screenshot embedded in the report.
15:36:55 DEBUG: Hooks - ***** END of Scenario: SeniorSoftware successfully *****
15:36:55 INFO : WebDriverConfig - ===============================================================
15:36:55 INFO : WebDriverConfig - |          Stopping driver (closing browser)                   |
15:36:55 INFO : WebDriverConfig - ===============================================================
15:36:56 DEBUG: WebDriverConfig - ===============================================================
15:36:56 DEBUG: WebDriverConfig - |         Driver stopped (browser closed)                     |
15:36:56 DEBUG: WebDriverConfig - ===============================================================

15:48:22 DEBUG: Hooks - ***** START of Scenario: SeniorSoftware successfully *****
15:48:22 INFO : InitDriver - ===============================================================
15:48:22 INFO : InitDriver - |          Environment : ft
15:48:22 INFO : InitDriver - |          Operating System : Windows 10
15:48:22 INFO : InitDriver - |          Browser: chrome
15:48:22 INFO : InitDriver - |          Browser config file: chrome.properties
15:48:22 INFO : InitDriver - ===============================================================

15:48:22 DEBUG: WebDriverConfig - File: chrome.properties exists
15:48:22 INFO : WebLocatorConfig - 
	weblocator.log.containers=false
	weblocator.log.useClassName=false
	weblocator.log.xPath=true
	weblocator.log.retryException=true
	weblocator.log.suggestions=true
	weblocator.highlight=true
	weblocator.generateCssSelector=false
	weblocator.defaults.renderMillis=5000
	weblocator.defaults.searchType=contains
	weblocator.defaults.labelPosition=/parent::*/following-sibling::div[1]//
	weblocator.min.chars.toType=-1
	driver.autoClose=true
	driver.implicitlyWait=150
	upload.exe.path=src\test\resources\upload\upload.exe
	weblocator.log.logXPathEnabled=true

15:48:22 INFO : WebDriverConfig - Browser is: chrome
15:48:22 INFO : WebDriverConfig - 
	browser=chrome
	browser.driver.path=src\test\resources\drivers\chromedriver.exe
	browser.download.dir=src/test/resources/downloads/
	options.arguments=--lang=en --allow-running-insecure-content --enable-logging --v=1 --test-type
	options.experimental.profile.default_content_setting_values.automatic_downloads=1
	options.experimental.profile.content_settings.pattern_pairs.*.multiple-automatic-downloads=1
	options.experimental.profile.default_content_settings.popups=0
	options.experimental.download.prompt_for_download=1

15:48:22 INFO : ChromeConfigReader - The properties was load with success: 
	browser=chrome
	browser.driver.path=src\test\resources\drivers\chromedriver.exe
	browser.download.dir=src/test/resources/downloads/
	options.arguments=--lang=en --allow-running-insecure-content --enable-logging --v=1 --test-type
	options.experimental.profile.default_content_setting_values.automatic_downloads=1
	options.experimental.profile.content_settings.pattern_pairs.*.multiple-automatic-downloads=1
	options.experimental.profile.default_content_settings.popups=0
	options.experimental.download.prompt_for_download=1

15:48:24 INFO : WebDriverConfig - ===============================================================
15:48:24 INFO : WebDriverConfig - |          Open Selenium Web Driver 
15:48:24 INFO : WebDriverConfig - ===============================================================

15:48:33 INFO : WebLocator - click on menu-item-231
15:48:34 ERROR: WebLocatorDriverExecutor - WebDriverException in doClick: WebLocator
15:48:34 WARN : Hooks - "SeniorSoftware successfully" scenario has failed! Screenshot embedded in the report.
15:48:34 DEBUG: Hooks - ***** END of Scenario: SeniorSoftware successfully *****
15:48:34 INFO : WebDriverConfig - ===============================================================
15:48:34 INFO : WebDriverConfig - |          Stopping driver (closing browser)                   |
15:48:34 INFO : WebDriverConfig - ===============================================================
15:48:36 DEBUG: WebDriverConfig - ===============================================================
15:48:36 DEBUG: WebDriverConfig - |         Driver stopped (browser closed)                     |
15:48:36 DEBUG: WebDriverConfig - ===============================================================

15:53:26 DEBUG: Hooks - ***** START of Scenario: SeniorSoftware successfully *****
15:53:26 INFO : InitDriver - ===============================================================
15:53:26 INFO : InitDriver - |          Environment : ft
15:53:26 INFO : InitDriver - |          Operating System : Windows 10
15:53:26 INFO : InitDriver - |          Browser: chrome
15:53:26 INFO : InitDriver - |          Browser config file: chrome.properties
15:53:26 INFO : InitDriver - ===============================================================

15:53:26 DEBUG: WebDriverConfig - File: chrome.properties exists
15:53:26 INFO : WebLocatorConfig - 
	weblocator.log.containers=false
	weblocator.log.useClassName=false
	weblocator.log.xPath=true
	weblocator.log.retryException=true
	weblocator.log.suggestions=true
	weblocator.highlight=true
	weblocator.generateCssSelector=false
	weblocator.defaults.renderMillis=5000
	weblocator.defaults.searchType=contains
	weblocator.defaults.labelPosition=/parent::*/following-sibling::div[1]//
	weblocator.min.chars.toType=-1
	driver.autoClose=true
	driver.implicitlyWait=150
	upload.exe.path=src\test\resources\upload\upload.exe
	weblocator.log.logXPathEnabled=true

15:53:26 INFO : WebDriverConfig - Browser is: chrome
15:53:26 INFO : WebDriverConfig - 
	browser=chrome
	browser.driver.path=src\test\resources\drivers\chromedriver.exe
	browser.download.dir=src/test/resources/downloads/
	options.arguments=--lang=en --allow-running-insecure-content --enable-logging --v=1 --test-type
	options.experimental.profile.default_content_setting_values.automatic_downloads=1
	options.experimental.profile.content_settings.pattern_pairs.*.multiple-automatic-downloads=1
	options.experimental.profile.default_content_settings.popups=0
	options.experimental.download.prompt_for_download=1

15:53:27 INFO : ChromeConfigReader - The properties was load with success: 
	browser=chrome
	browser.driver.path=src\test\resources\drivers\chromedriver.exe
	browser.download.dir=src/test/resources/downloads/
	options.arguments=--lang=en --allow-running-insecure-content --enable-logging --v=1 --test-type
	options.experimental.profile.default_content_setting_values.automatic_downloads=1
	options.experimental.profile.content_settings.pattern_pairs.*.multiple-automatic-downloads=1
	options.experimental.profile.default_content_settings.popups=0
	options.experimental.download.prompt_for_download=1

15:53:29 INFO : WebDriverConfig - ===============================================================
15:53:29 INFO : WebDriverConfig - |          Open Selenium Web Driver 
15:53:29 INFO : WebDriverConfig - ===============================================================

15:53:37 INFO : WebLocator - click on menu-item-231
15:53:38 ERROR: WebLocatorDriverExecutor - WebDriverException in doClick: item isotope-item testing
15:53:38 INFO : WebLocator - click on item isotope-item testing
15:53:48 DEBUG: Hooks - ***** END of Scenario: SeniorSoftware successfully *****
15:53:48 INFO : WebDriverConfig - ===============================================================
15:53:48 INFO : WebDriverConfig - |          Stopping driver (closing browser)                   |
15:53:48 INFO : WebDriverConfig - ===============================================================
15:53:49 DEBUG: WebDriverConfig - ===============================================================
15:53:49 DEBUG: WebDriverConfig - |         Driver stopped (browser closed)                     |
15:53:49 DEBUG: WebDriverConfig - ===============================================================

15:54:11 DEBUG: Hooks - ***** START of Scenario: SeniorSoftware successfully *****
15:54:11 INFO : InitDriver - ===============================================================
15:54:11 INFO : InitDriver - |          Environment : ft
15:54:11 INFO : InitDriver - |          Operating System : Windows 10
15:54:11 INFO : InitDriver - |          Browser: chrome
15:54:11 INFO : InitDriver - |          Browser config file: chrome.properties
15:54:11 INFO : InitDriver - ===============================================================

15:54:11 DEBUG: WebDriverConfig - File: chrome.properties exists
15:54:11 INFO : WebLocatorConfig - 
	weblocator.log.containers=false
	weblocator.log.useClassName=false
	weblocator.log.xPath=true
	weblocator.log.retryException=true
	weblocator.log.suggestions=true
	weblocator.highlight=true
	weblocator.generateCssSelector=false
	weblocator.defaults.renderMillis=5000
	weblocator.defaults.searchType=contains
	weblocator.defaults.labelPosition=/parent::*/following-sibling::div[1]//
	weblocator.min.chars.toType=-1
	driver.autoClose=true
	driver.implicitlyWait=150
	upload.exe.path=src\test\resources\upload\upload.exe
	weblocator.log.logXPathEnabled=true

15:54:11 INFO : WebDriverConfig - Browser is: chrome
15:54:11 INFO : WebDriverConfig - 
	browser=chrome
	browser.driver.path=src\test\resources\drivers\chromedriver.exe
	browser.download.dir=src/test/resources/downloads/
	options.arguments=--lang=en --allow-running-insecure-content --enable-logging --v=1 --test-type
	options.experimental.profile.default_content_setting_values.automatic_downloads=1
	options.experimental.profile.content_settings.pattern_pairs.*.multiple-automatic-downloads=1
	options.experimental.profile.default_content_settings.popups=0
	options.experimental.download.prompt_for_download=1

15:54:11 INFO : ChromeConfigReader - The properties was load with success: 
	browser=chrome
	browser.driver.path=src\test\resources\drivers\chromedriver.exe
	browser.download.dir=src/test/resources/downloads/
	options.arguments=--lang=en --allow-running-insecure-content --enable-logging --v=1 --test-type
	options.experimental.profile.default_content_setting_values.automatic_downloads=1
	options.experimental.profile.content_settings.pattern_pairs.*.multiple-automatic-downloads=1
	options.experimental.profile.default_content_settings.popups=0
	options.experimental.download.prompt_for_download=1

15:54:16 INFO : WebDriverConfig - ===============================================================
15:54:16 INFO : WebDriverConfig - |          Open Selenium Web Driver 
15:54:16 INFO : WebDriverConfig - ===============================================================

15:54:28 INFO : WebLocator - click on menu-item-231
15:54:28 ERROR: WebLocatorDriverExecutor - WebDriverException in doClick: item isotope-item testing
15:54:28 WARN : Hooks - "SeniorSoftware successfully" scenario has failed! Screenshot embedded in the report.
15:54:28 DEBUG: Hooks - ***** END of Scenario: SeniorSoftware successfully *****
15:54:28 INFO : WebDriverConfig - ===============================================================
15:54:28 INFO : WebDriverConfig - |          Stopping driver (closing browser)                   |
15:54:28 INFO : WebDriverConfig - ===============================================================
15:54:30 DEBUG: WebDriverConfig - ===============================================================
15:54:30 DEBUG: WebDriverConfig - |         Driver stopped (browser closed)                     |
15:54:30 DEBUG: WebDriverConfig - ===============================================================

15:54:43 DEBUG: Hooks - ***** START of Scenario: SeniorSoftware successfully *****
15:54:43 INFO : InitDriver - ===============================================================
15:54:43 INFO : InitDriver - |          Environment : ft
15:54:43 INFO : InitDriver - |          Operating System : Windows 10
15:54:43 INFO : InitDriver - |          Browser: chrome
15:54:43 INFO : InitDriver - |          Browser config file: chrome.properties
15:54:43 INFO : InitDriver - ===============================================================

15:54:43 DEBUG: WebDriverConfig - File: chrome.properties exists
15:54:43 INFO : WebLocatorConfig - 
	weblocator.log.containers=false
	weblocator.log.useClassName=false
	weblocator.log.xPath=true
	weblocator.log.retryException=true
	weblocator.log.suggestions=true
	weblocator.highlight=true
	weblocator.generateCssSelector=false
	weblocator.defaults.renderMillis=5000
	weblocator.defaults.searchType=contains
	weblocator.defaults.labelPosition=/parent::*/following-sibling::div[1]//
	weblocator.min.chars.toType=-1
	driver.autoClose=true
	driver.implicitlyWait=150
	upload.exe.path=src\test\resources\upload\upload.exe
	weblocator.log.logXPathEnabled=true

15:54:43 INFO : WebDriverConfig - Browser is: chrome
15:54:43 INFO : WebDriverConfig - 
	browser=chrome
	browser.driver.path=src\test\resources\drivers\chromedriver.exe
	browser.download.dir=src/test/resources/downloads/
	options.arguments=--lang=en --allow-running-insecure-content --enable-logging --v=1 --test-type
	options.experimental.profile.default_content_setting_values.automatic_downloads=1
	options.experimental.profile.content_settings.pattern_pairs.*.multiple-automatic-downloads=1
	options.experimental.profile.default_content_settings.popups=0
	options.experimental.download.prompt_for_download=1

15:54:43 INFO : ChromeConfigReader - The properties was load with success: 
	browser=chrome
	browser.driver.path=src\test\resources\drivers\chromedriver.exe
	browser.download.dir=src/test/resources/downloads/
	options.arguments=--lang=en --allow-running-insecure-content --enable-logging --v=1 --test-type
	options.experimental.profile.default_content_setting_values.automatic_downloads=1
	options.experimental.profile.content_settings.pattern_pairs.*.multiple-automatic-downloads=1
	options.experimental.profile.default_content_settings.popups=0
	options.experimental.download.prompt_for_download=1

15:54:47 INFO : WebDriverConfig - ===============================================================
15:54:47 INFO : WebDriverConfig - |          Open Selenium Web Driver 
15:54:47 INFO : WebDriverConfig - ===============================================================

15:54:56 INFO : WebLocator - click on menu-item-231
15:54:56 ERROR: WebLocatorDriverExecutor - WebDriverException in doClick: item isotope-item testing
15:54:56 WARN : Hooks - "SeniorSoftware successfully" scenario has failed! Screenshot embedded in the report.
15:54:57 DEBUG: Hooks - ***** END of Scenario: SeniorSoftware successfully *****
15:54:57 INFO : WebDriverConfig - ===============================================================
15:54:57 INFO : WebDriverConfig - |          Stopping driver (closing browser)                   |
15:54:57 INFO : WebDriverConfig - ===============================================================
15:54:58 DEBUG: WebDriverConfig - ===============================================================
15:54:58 DEBUG: WebDriverConfig - |         Driver stopped (browser closed)                     |
15:54:58 DEBUG: WebDriverConfig - ===============================================================

15:55:23 DEBUG: Hooks - ***** START of Scenario: SeniorSoftware successfully *****
15:55:23 INFO : InitDriver - ===============================================================
15:55:23 INFO : InitDriver - |          Environment : ft
15:55:23 INFO : InitDriver - |          Operating System : Windows 10
15:55:23 INFO : InitDriver - |          Browser: chrome
15:55:23 INFO : InitDriver - |          Browser config file: chrome.properties
15:55:23 INFO : InitDriver - ===============================================================

15:55:23 DEBUG: WebDriverConfig - File: chrome.properties exists
15:55:23 INFO : WebLocatorConfig - 
	weblocator.log.containers=false
	weblocator.log.useClassName=false
	weblocator.log.xPath=true
	weblocator.log.retryException=true
	weblocator.log.suggestions=true
	weblocator.highlight=true
	weblocator.generateCssSelector=false
	weblocator.defaults.renderMillis=5000
	weblocator.defaults.searchType=contains
	weblocator.defaults.labelPosition=/parent::*/following-sibling::div[1]//
	weblocator.min.chars.toType=-1
	driver.autoClose=true
	driver.implicitlyWait=150
	upload.exe.path=src\test\resources\upload\upload.exe
	weblocator.log.logXPathEnabled=true

15:55:23 INFO : WebDriverConfig - Browser is: chrome
15:55:23 INFO : WebDriverConfig - 
	browser=chrome
	browser.driver.path=src\test\resources\drivers\chromedriver.exe
	browser.download.dir=src/test/resources/downloads/
	options.arguments=--lang=en --allow-running-insecure-content --enable-logging --v=1 --test-type
	options.experimental.profile.default_content_setting_values.automatic_downloads=1
	options.experimental.profile.content_settings.pattern_pairs.*.multiple-automatic-downloads=1
	options.experimental.profile.default_content_settings.popups=0
	options.experimental.download.prompt_for_download=1

15:55:23 INFO : ChromeConfigReader - The properties was load with success: 
	browser=chrome
	browser.driver.path=src\test\resources\drivers\chromedriver.exe
	browser.download.dir=src/test/resources/downloads/
	options.arguments=--lang=en --allow-running-insecure-content --enable-logging --v=1 --test-type
	options.experimental.profile.default_content_setting_values.automatic_downloads=1
	options.experimental.profile.content_settings.pattern_pairs.*.multiple-automatic-downloads=1
	options.experimental.profile.default_content_settings.popups=0
	options.experimental.download.prompt_for_download=1

15:55:25 INFO : WebDriverConfig - ===============================================================
15:55:25 INFO : WebDriverConfig - |          Open Selenium Web Driver 
15:55:25 INFO : WebDriverConfig - ===============================================================

15:55:34 INFO : WebLocator - click on menu-item-231
15:55:36 INFO : WebLocator - click on item isotope-item testing
15:55:46 DEBUG: Hooks - ***** END of Scenario: SeniorSoftware successfully *****
15:55:46 INFO : WebDriverConfig - ===============================================================
15:55:46 INFO : WebDriverConfig - |          Stopping driver (closing browser)                   |
15:55:46 INFO : WebDriverConfig - ===============================================================
15:55:48 DEBUG: WebDriverConfig - ===============================================================
15:55:48 DEBUG: WebDriverConfig - |         Driver stopped (browser closed)                     |
15:55:48 DEBUG: WebDriverConfig - ===============================================================

16:16:14 DEBUG: Hooks - ***** START of Scenario: SeniorSoftware successfully *****
16:16:14 INFO : InitDriver - ===============================================================
16:16:14 INFO : InitDriver - |          Environment : ft
16:16:14 INFO : InitDriver - |          Operating System : Windows 10
16:16:14 INFO : InitDriver - |          Browser: chrome
16:16:14 INFO : InitDriver - |          Browser config file: chrome.properties
16:16:14 INFO : InitDriver - ===============================================================

16:16:14 DEBUG: WebDriverConfig - File: chrome.properties exists
16:16:14 INFO : WebLocatorConfig - 
	weblocator.log.containers=false
	weblocator.log.useClassName=false
	weblocator.log.xPath=true
	weblocator.log.retryException=true
	weblocator.log.suggestions=true
	weblocator.highlight=true
	weblocator.generateCssSelector=false
	weblocator.defaults.renderMillis=5000
	weblocator.defaults.searchType=contains
	weblocator.defaults.labelPosition=/parent::*/following-sibling::div[1]//
	weblocator.min.chars.toType=-1
	driver.autoClose=true
	driver.implicitlyWait=150
	upload.exe.path=src\test\resources\upload\upload.exe
	weblocator.log.logXPathEnabled=true

16:16:14 INFO : WebDriverConfig - Browser is: chrome
16:16:14 INFO : WebDriverConfig - 
	browser=chrome
	browser.driver.path=src\test\resources\drivers\chromedriver.exe
	browser.download.dir=src/test/resources/downloads/
	options.arguments=--lang=en --allow-running-insecure-content --enable-logging --v=1 --test-type
	options.experimental.profile.default_content_setting_values.automatic_downloads=1
	options.experimental.profile.content_settings.pattern_pairs.*.multiple-automatic-downloads=1
	options.experimental.profile.default_content_settings.popups=0
	options.experimental.download.prompt_for_download=1

16:16:14 INFO : ChromeConfigReader - The properties was load with success: 
	browser=chrome
	browser.driver.path=src\test\resources\drivers\chromedriver.exe
	browser.download.dir=src/test/resources/downloads/
	options.arguments=--lang=en --allow-running-insecure-content --enable-logging --v=1 --test-type
	options.experimental.profile.default_content_setting_values.automatic_downloads=1
	options.experimental.profile.content_settings.pattern_pairs.*.multiple-automatic-downloads=1
	options.experimental.profile.default_content_settings.popups=0
	options.experimental.download.prompt_for_download=1

16:16:16 INFO : WebDriverConfig - ===============================================================
16:16:16 INFO : WebDriverConfig - |          Open Selenium Web Driver 
16:16:16 INFO : WebDriverConfig - ===============================================================

16:16:25 INFO : WebLocator - click on menu-item-231
16:16:26 INFO : WebLocator - click on item isotope-item testing
16:16:31 WARN : WebLocatorDriverExecutor - Element not found after 5000 millis; your-name
16:16:31 DEBUG: WebLocatorDriverExecutor - 	$x("//*//label[text()='your-name']//following::input[count(ancestor-or-self::*[contains(@style, 'display: none')]) = 0]")
16:16:31 DEBUG: WebLocatorSuggestions - getSuggestion >> enter
16:16:32 INFO : WebLocatorSuggestions - Could not find the label 'your-name' using  tag 'label' and search type '[EQUALS]'
16:16:37 DEBUG: WebLocatorSuggestions - No suggestions found for your-name
16:16:37 DEBUG: WebLocatorSuggestions - getSuggestion << exit
16:16:37 WARN : Hooks - "SeniorSoftware successfully" scenario has failed! Screenshot embedded in the report.
16:16:37 INFO : WebDriverConfig - ===============================================================
16:16:37 INFO : WebDriverConfig - |          Stopping driver (closing browser)                   |
16:16:37 INFO : WebDriverConfig - ===============================================================
16:16:38 DEBUG: WebDriverConfig - ===============================================================
16:16:38 DEBUG: WebDriverConfig - |         Driver stopped (browser closed)                     |
16:16:38 DEBUG: WebDriverConfig - ===============================================================

16:17:39 DEBUG: Hooks - ***** START of Scenario: SeniorSoftware successfully *****
16:17:39 INFO : InitDriver - ===============================================================
16:17:39 INFO : InitDriver - |          Environment : ft
16:17:39 INFO : InitDriver - |          Operating System : Windows 10
16:17:39 INFO : InitDriver - |          Browser: chrome
16:17:39 INFO : InitDriver - |          Browser config file: chrome.properties
16:17:39 INFO : InitDriver - ===============================================================

16:17:40 DEBUG: WebDriverConfig - File: chrome.properties exists
16:17:40 INFO : WebLocatorConfig - 
	weblocator.log.containers=false
	weblocator.log.useClassName=false
	weblocator.log.xPath=true
	weblocator.log.retryException=true
	weblocator.log.suggestions=true
	weblocator.highlight=true
	weblocator.generateCssSelector=false
	weblocator.defaults.renderMillis=5000
	weblocator.defaults.searchType=contains
	weblocator.defaults.labelPosition=/parent::*/following-sibling::div[1]//
	weblocator.min.chars.toType=-1
	driver.autoClose=true
	driver.implicitlyWait=150
	upload.exe.path=src\test\resources\upload\upload.exe
	weblocator.log.logXPathEnabled=true

16:17:40 INFO : WebDriverConfig - Browser is: chrome
16:17:40 INFO : WebDriverConfig - 
	browser=chrome
	browser.driver.path=src\test\resources\drivers\chromedriver.exe
	browser.download.dir=src/test/resources/downloads/
	options.arguments=--lang=en --allow-running-insecure-content --enable-logging --v=1 --test-type
	options.experimental.profile.default_content_setting_values.automatic_downloads=1
	options.experimental.profile.content_settings.pattern_pairs.*.multiple-automatic-downloads=1
	options.experimental.profile.default_content_settings.popups=0
	options.experimental.download.prompt_for_download=1

16:17:40 INFO : ChromeConfigReader - The properties was load with success: 
	browser=chrome
	browser.driver.path=src\test\resources\drivers\chromedriver.exe
	browser.download.dir=src/test/resources/downloads/
	options.arguments=--lang=en --allow-running-insecure-content --enable-logging --v=1 --test-type
	options.experimental.profile.default_content_setting_values.automatic_downloads=1
	options.experimental.profile.content_settings.pattern_pairs.*.multiple-automatic-downloads=1
	options.experimental.profile.default_content_settings.popups=0
	options.experimental.download.prompt_for_download=1

16:17:42 INFO : WebDriverConfig - ===============================================================
16:17:42 INFO : WebDriverConfig - |          Open Selenium Web Driver 
16:17:42 INFO : WebDriverConfig - ===============================================================

16:17:49 INFO : WebLocator - click on menu-item-231
16:17:50 INFO : WebLocator - click on item isotope-item testing
16:17:50 INFO : WebLocatorDriverExecutor - Set value(@placeholder=Name): 'hapte coll'
16:18:00 DEBUG: Hooks - ***** END of Scenario: SeniorSoftware successfully *****
16:18:00 INFO : WebDriverConfig - ===============================================================
16:18:00 INFO : WebDriverConfig - |          Stopping driver (closing browser)                   |
16:18:00 INFO : WebDriverConfig - ===============================================================
16:18:01 DEBUG: WebDriverConfig - ===============================================================
16:18:01 DEBUG: WebDriverConfig - |         Driver stopped (browser closed)                     |
16:18:01 DEBUG: WebDriverConfig - ===============================================================

16:18:28 DEBUG: Hooks - ***** START of Scenario: SeniorSoftware successfully *****
16:18:28 INFO : InitDriver - ===============================================================
16:18:28 INFO : InitDriver - |          Environment : ft
16:18:28 INFO : InitDriver - |          Operating System : Windows 10
16:18:28 INFO : InitDriver - |          Browser: chrome
16:18:28 INFO : InitDriver - |          Browser config file: chrome.properties
16:18:28 INFO : InitDriver - ===============================================================

16:18:28 DEBUG: WebDriverConfig - File: chrome.properties exists
16:18:28 INFO : WebLocatorConfig - 
	weblocator.log.containers=false
	weblocator.log.useClassName=false
	weblocator.log.xPath=true
	weblocator.log.retryException=true
	weblocator.log.suggestions=true
	weblocator.highlight=true
	weblocator.generateCssSelector=false
	weblocator.defaults.renderMillis=5000
	weblocator.defaults.searchType=contains
	weblocator.defaults.labelPosition=/parent::*/following-sibling::div[1]//
	weblocator.min.chars.toType=-1
	driver.autoClose=true
	driver.implicitlyWait=150
	upload.exe.path=src\test\resources\upload\upload.exe
	weblocator.log.logXPathEnabled=true

16:18:28 INFO : WebDriverConfig - Browser is: chrome
16:18:28 INFO : WebDriverConfig - 
	browser=chrome
	browser.driver.path=src\test\resources\drivers\chromedriver.exe
	browser.download.dir=src/test/resources/downloads/
	options.arguments=--lang=en --allow-running-insecure-content --enable-logging --v=1 --test-type
	options.experimental.profile.default_content_setting_values.automatic_downloads=1
	options.experimental.profile.content_settings.pattern_pairs.*.multiple-automatic-downloads=1
	options.experimental.profile.default_content_settings.popups=0
	options.experimental.download.prompt_for_download=1

16:18:28 INFO : ChromeConfigReader - The properties was load with success: 
	browser=chrome
	browser.driver.path=src\test\resources\drivers\chromedriver.exe
	browser.download.dir=src/test/resources/downloads/
	options.arguments=--lang=en --allow-running-insecure-content --enable-logging --v=1 --test-type
	options.experimental.profile.default_content_setting_values.automatic_downloads=1
	options.experimental.profile.content_settings.pattern_pairs.*.multiple-automatic-downloads=1
	options.experimental.profile.default_content_settings.popups=0
	options.experimental.download.prompt_for_download=1

16:18:30 INFO : WebDriverConfig - ===============================================================
16:18:30 INFO : WebDriverConfig - |          Open Selenium Web Driver 
16:18:30 INFO : WebDriverConfig - ===============================================================

16:18:41 INFO : WebLocator - click on menu-item-231
16:18:42 INFO : WebLocator - click on item isotope-item testing
16:18:48 WARN : WebLocatorDriverExecutor - Element not found after 5000 millis; @placeholder=Name (required)
16:18:48 DEBUG: WebLocatorDriverExecutor - 	$x("//input[@placeholder='Name (required)']")
16:18:48 DEBUG: WebLocatorSuggestions - getSuggestion >> enter
16:18:57 DEBUG: WebLocatorSuggestions - No suggestions found for @placeholder=Name (required)
16:18:57 DEBUG: WebLocatorSuggestions - getSuggestion << exit
16:18:57 WARN : Hooks - "SeniorSoftware successfully" scenario has failed! Screenshot embedded in the report.
16:18:57 DEBUG: Hooks - ***** END of Scenario: SeniorSoftware successfully *****
16:18:57 INFO : WebDriverConfig - ===============================================================
16:18:57 INFO : WebDriverConfig - |          Stopping driver (closing browser)                   |
16:18:57 INFO : WebDriverConfig - ===============================================================
16:18:58 DEBUG: WebDriverConfig - ===============================================================
16:18:58 DEBUG: WebDriverConfig - |         Driver stopped (browser closed)                     |
16:18:58 DEBUG: WebDriverConfig - ===============================================================

16:19:11 DEBUG: Hooks - ***** START of Scenario: SeniorSoftware successfully *****
16:19:11 INFO : InitDriver - ===============================================================
16:19:11 INFO : InitDriver - |          Environment : ft
16:19:11 INFO : InitDriver - |          Operating System : Windows 10
16:19:11 INFO : InitDriver - |          Browser: chrome
16:19:11 INFO : InitDriver - |          Browser config file: chrome.properties
16:19:11 INFO : InitDriver - ===============================================================

16:19:11 DEBUG: WebDriverConfig - File: chrome.properties exists
16:19:11 INFO : WebLocatorConfig - 
	weblocator.log.containers=false
	weblocator.log.useClassName=false
	weblocator.log.xPath=true
	weblocator.log.retryException=true
	weblocator.log.suggestions=true
	weblocator.highlight=true
	weblocator.generateCssSelector=false
	weblocator.defaults.renderMillis=5000
	weblocator.defaults.searchType=contains
	weblocator.defaults.labelPosition=/parent::*/following-sibling::div[1]//
	weblocator.min.chars.toType=-1
	driver.autoClose=true
	driver.implicitlyWait=150
	upload.exe.path=src\test\resources\upload\upload.exe
	weblocator.log.logXPathEnabled=true

16:19:11 INFO : WebDriverConfig - Browser is: chrome
16:19:11 INFO : WebDriverConfig - 
	browser=chrome
	browser.driver.path=src\test\resources\drivers\chromedriver.exe
	browser.download.dir=src/test/resources/downloads/
	options.arguments=--lang=en --allow-running-insecure-content --enable-logging --v=1 --test-type
	options.experimental.profile.default_content_setting_values.automatic_downloads=1
	options.experimental.profile.content_settings.pattern_pairs.*.multiple-automatic-downloads=1
	options.experimental.profile.default_content_settings.popups=0
	options.experimental.download.prompt_for_download=1

16:19:11 INFO : ChromeConfigReader - The properties was load with success: 
	browser=chrome
	browser.driver.path=src\test\resources\drivers\chromedriver.exe
	browser.download.dir=src/test/resources/downloads/
	options.arguments=--lang=en --allow-running-insecure-content --enable-logging --v=1 --test-type
	options.experimental.profile.default_content_setting_values.automatic_downloads=1
	options.experimental.profile.content_settings.pattern_pairs.*.multiple-automatic-downloads=1
	options.experimental.profile.default_content_settings.popups=0
	options.experimental.download.prompt_for_download=1

16:19:13 INFO : WebDriverConfig - ===============================================================
16:19:13 INFO : WebDriverConfig - |          Open Selenium Web Driver 
16:19:13 INFO : WebDriverConfig - ===============================================================

16:19:21 INFO : WebLocator - click on menu-item-231
16:19:22 INFO : WebLocator - click on item isotope-item testing
16:19:22 INFO : WebLocatorDriverExecutor - Set value(@placeholder=Name): 'hapte coll'
16:19:32 DEBUG: Hooks - ***** END of Scenario: SeniorSoftware successfully *****
16:19:32 INFO : WebDriverConfig - ===============================================================
16:19:32 INFO : WebDriverConfig - |          Stopping driver (closing browser)                   |
16:19:32 INFO : WebDriverConfig - ===============================================================
16:19:33 DEBUG: WebDriverConfig - ===============================================================
16:19:33 DEBUG: WebDriverConfig - |         Driver stopped (browser closed)                     |
16:19:33 DEBUG: WebDriverConfig - ===============================================================

16:21:34 DEBUG: Hooks - ***** START of Scenario: SeniorSoftware successfully *****
16:21:34 INFO : InitDriver - ===============================================================
16:21:34 INFO : InitDriver - |          Environment : ft
16:21:34 INFO : InitDriver - |          Operating System : Windows 10
16:21:34 INFO : InitDriver - |          Browser: chrome
16:21:34 INFO : InitDriver - |          Browser config file: chrome.properties
16:21:34 INFO : InitDriver - ===============================================================

16:21:34 DEBUG: WebDriverConfig - File: chrome.properties exists
16:21:34 INFO : WebLocatorConfig - 
	weblocator.log.containers=false
	weblocator.log.useClassName=false
	weblocator.log.xPath=true
	weblocator.log.retryException=true
	weblocator.log.suggestions=true
	weblocator.highlight=true
	weblocator.generateCssSelector=false
	weblocator.defaults.renderMillis=5000
	weblocator.defaults.searchType=contains
	weblocator.defaults.labelPosition=/parent::*/following-sibling::div[1]//
	weblocator.min.chars.toType=-1
	driver.autoClose=true
	driver.implicitlyWait=150
	upload.exe.path=src\test\resources\upload\upload.exe
	weblocator.log.logXPathEnabled=true

16:21:34 INFO : WebDriverConfig - Browser is: chrome
16:21:34 INFO : WebDriverConfig - 
	browser=chrome
	browser.driver.path=src\test\resources\drivers\chromedriver.exe
	browser.download.dir=src/test/resources/downloads/
	options.arguments=--lang=en --allow-running-insecure-content --enable-logging --v=1 --test-type
	options.experimental.profile.default_content_setting_values.automatic_downloads=1
	options.experimental.profile.content_settings.pattern_pairs.*.multiple-automatic-downloads=1
	options.experimental.profile.default_content_settings.popups=0
	options.experimental.download.prompt_for_download=1

16:21:34 INFO : ChromeConfigReader - The properties was load with success: 
	browser=chrome
	browser.driver.path=src\test\resources\drivers\chromedriver.exe
	browser.download.dir=src/test/resources/downloads/
	options.arguments=--lang=en --allow-running-insecure-content --enable-logging --v=1 --test-type
	options.experimental.profile.default_content_setting_values.automatic_downloads=1
	options.experimental.profile.content_settings.pattern_pairs.*.multiple-automatic-downloads=1
	options.experimental.profile.default_content_settings.popups=0
	options.experimental.download.prompt_for_download=1

16:21:36 INFO : WebDriverConfig - ===============================================================
16:21:36 INFO : WebDriverConfig - |          Open Selenium Web Driver 
16:21:36 INFO : WebDriverConfig - ===============================================================

16:21:44 INFO : WebLocator - click on menu-item-231
16:21:45 INFO : WebLocator - click on item isotope-item testing
16:21:50 WARN : WebLocatorDriverExecutor - Element not found after 5000 millis; Name (required)
16:21:50 DEBUG: WebLocatorDriverExecutor - 	$x("//*//label[text()='Name (required)']//following::input[count(ancestor-or-self::*[contains(@style, 'display: none')]) = 0]")
16:21:50 DEBUG: WebLocatorSuggestions - getSuggestion >> enter
16:21:50 INFO : WebLocatorSuggestions - Could not find the label 'Name (required)' using  tag 'label' and search type '[EQUALS]'
16:21:54 WARN : WebLocatorSuggestions - But found it using tag *.
16:21:54 DEBUG: WebLocatorSuggestions - getSuggestion << exit
16:21:54 WARN : Hooks - "SeniorSoftware successfully" scenario has failed! Screenshot embedded in the report.
16:21:54 DEBUG: Hooks - ***** END of Scenario: SeniorSoftware successfully *****
16:21:54 INFO : WebDriverConfig - ===============================================================
16:21:54 INFO : WebDriverConfig - |          Stopping driver (closing browser)                   |
16:21:54 INFO : WebDriverConfig - ===============================================================
16:21:56 DEBUG: WebDriverConfig - ===============================================================
16:21:56 DEBUG: WebDriverConfig - |         Driver stopped (browser closed)                     |
16:21:56 DEBUG: WebDriverConfig - ===============================================================

16:22:07 DEBUG: Hooks - ***** START of Scenario: SeniorSoftware successfully *****
16:22:07 INFO : InitDriver - ===============================================================
16:22:07 INFO : InitDriver - |          Environment : ft
16:22:07 INFO : InitDriver - |          Operating System : Windows 10
16:22:07 INFO : InitDriver - |          Browser: chrome
16:22:07 INFO : InitDriver - |          Browser config file: chrome.properties
16:22:07 INFO : InitDriver - ===============================================================

16:22:07 DEBUG: WebDriverConfig - File: chrome.properties exists
16:22:07 INFO : WebLocatorConfig - 
	weblocator.log.containers=false
	weblocator.log.useClassName=false
	weblocator.log.xPath=true
	weblocator.log.retryException=true
	weblocator.log.suggestions=true
	weblocator.highlight=true
	weblocator.generateCssSelector=false
	weblocator.defaults.renderMillis=5000
	weblocator.defaults.searchType=contains
	weblocator.defaults.labelPosition=/parent::*/following-sibling::div[1]//
	weblocator.min.chars.toType=-1
	driver.autoClose=true
	driver.implicitlyWait=150
	upload.exe.path=src\test\resources\upload\upload.exe
	weblocator.log.logXPathEnabled=true

16:22:07 INFO : WebDriverConfig - Browser is: chrome
16:22:07 INFO : WebDriverConfig - 
	browser=chrome
	browser.driver.path=src\test\resources\drivers\chromedriver.exe
	browser.download.dir=src/test/resources/downloads/
	options.arguments=--lang=en --allow-running-insecure-content --enable-logging --v=1 --test-type
	options.experimental.profile.default_content_setting_values.automatic_downloads=1
	options.experimental.profile.content_settings.pattern_pairs.*.multiple-automatic-downloads=1
	options.experimental.profile.default_content_settings.popups=0
	options.experimental.download.prompt_for_download=1

16:22:07 INFO : ChromeConfigReader - The properties was load with success: 
	browser=chrome
	browser.driver.path=src\test\resources\drivers\chromedriver.exe
	browser.download.dir=src/test/resources/downloads/
	options.arguments=--lang=en --allow-running-insecure-content --enable-logging --v=1 --test-type
	options.experimental.profile.default_content_setting_values.automatic_downloads=1
	options.experimental.profile.content_settings.pattern_pairs.*.multiple-automatic-downloads=1
	options.experimental.profile.default_content_settings.popups=0
	options.experimental.download.prompt_for_download=1

16:22:09 INFO : WebDriverConfig - ===============================================================
16:22:09 INFO : WebDriverConfig - |          Open Selenium Web Driver 
16:22:09 INFO : WebDriverConfig - ===============================================================

16:22:15 INFO : WebLocator - click on menu-item-231
16:22:17 INFO : WebLocator - click on item isotope-item testing
16:22:22 WARN : WebLocatorDriverExecutor - Element not found after 5000 millis; Name
16:22:22 DEBUG: WebLocatorDriverExecutor - 	$x("//*//label[text()='Name']//following::input[count(ancestor-or-self::*[contains(@style, 'display: none')]) = 0]")
16:22:22 DEBUG: WebLocatorSuggestions - getSuggestion >> enter
16:22:22 INFO : WebLocatorSuggestions - Could not find the label 'Name' using  tag 'label' and search type '[EQUALS]'
16:22:29 WARN : WebLocatorSuggestions - But found it using tag * and search types [STARTS_WITH, TRIM]
16:22:29 DEBUG: WebLocatorSuggestions - getSuggestion << exit
16:22:29 WARN : Hooks - "SeniorSoftware successfully" scenario has failed! Screenshot embedded in the report.
16:22:29 DEBUG: Hooks - ***** END of Scenario: SeniorSoftware successfully *****
16:22:29 INFO : WebDriverConfig - ===============================================================
16:22:29 INFO : WebDriverConfig - |          Stopping driver (closing browser)                   |
16:22:29 INFO : WebDriverConfig - ===============================================================
16:22:30 DEBUG: WebDriverConfig - ===============================================================
16:22:30 DEBUG: WebDriverConfig - |         Driver stopped (browser closed)                     |
16:22:30 DEBUG: WebDriverConfig - ===============================================================

16:45:35 DEBUG: Hooks - ***** START of Scenario: SeniorSoftware successfully *****
16:45:35 INFO : InitDriver - ===============================================================
16:45:35 INFO : InitDriver - |          Environment : ft
16:45:35 INFO : InitDriver - |          Operating System : Windows 10
16:45:35 INFO : InitDriver - |          Browser: chrome
16:45:35 INFO : InitDriver - |          Browser config file: chrome.properties
16:45:35 INFO : InitDriver - ===============================================================

16:45:35 DEBUG: WebDriverConfig - File: chrome.properties exists
16:45:35 INFO : WebLocatorConfig - 
	weblocator.log.containers=false
	weblocator.log.useClassName=false
	weblocator.log.xPath=true
	weblocator.log.retryException=true
	weblocator.log.suggestions=true
	weblocator.highlight=true
	weblocator.generateCssSelector=false
	weblocator.defaults.renderMillis=5000
	weblocator.defaults.searchType=contains
	weblocator.defaults.labelPosition=/parent::*/following-sibling::div[1]//
	weblocator.min.chars.toType=-1
	driver.autoClose=true
	driver.implicitlyWait=150
	upload.exe.path=src\test\resources\upload\upload.exe
	weblocator.log.logXPathEnabled=true

16:45:35 INFO : WebDriverConfig - Browser is: chrome
16:45:35 INFO : WebDriverConfig - 
	browser=chrome
	browser.driver.path=src\test\resources\drivers\chromedriver.exe
	browser.download.dir=src/test/resources/downloads/
	options.arguments=--lang=en --allow-running-insecure-content --enable-logging --v=1 --test-type
	options.experimental.profile.default_content_setting_values.automatic_downloads=1
	options.experimental.profile.content_settings.pattern_pairs.*.multiple-automatic-downloads=1
	options.experimental.profile.default_content_settings.popups=0
	options.experimental.download.prompt_for_download=1

16:45:35 INFO : ChromeConfigReader - The properties was load with success: 
	browser=chrome
	browser.driver.path=src\test\resources\drivers\chromedriver.exe
	browser.download.dir=src/test/resources/downloads/
	options.arguments=--lang=en --allow-running-insecure-content --enable-logging --v=1 --test-type
	options.experimental.profile.default_content_setting_values.automatic_downloads=1
	options.experimental.profile.content_settings.pattern_pairs.*.multiple-automatic-downloads=1
	options.experimental.profile.default_content_settings.popups=0
	options.experimental.download.prompt_for_download=1

16:45:37 INFO : WebDriverConfig - ===============================================================
16:45:37 INFO : WebDriverConfig - |          Open Selenium Web Driver 
16:45:37 INFO : WebDriverConfig - ===============================================================

16:45:44 INFO : WebLocator - click on menu-item-231
16:45:45 INFO : WebLocator - click on item isotope-item testing
16:45:46 ERROR: WebLocatorDriverExecutor - final ElementNotVisibleException in sendKeys: your-name
org.openqa.selenium.ElementNotVisibleException: element not visible
  (Session info: chrome=52.0.2743.116)
  (Driver info: chromedriver=2.18.343845 (73dd713ba7fbfb73cbb514e62641d8c96a94682a),platform=Windows NT 10.0 x86_64) (WARNING: The server did not provide any stacktrace information)
Command duration or timeout: 238 milliseconds
Build info: version: '2.53.0', revision: '35ae25b1534ae328c771e0856c93e187490ca824', time: '2016-03-15 10:43:46'
System info: host: 'DESKTOP-925GGRL', ip: '192.168.1.45', os.name: 'Windows 10', os.arch: 'amd64', os.version: '10.0', java.version: '1.8.0_91'
Driver info: org.openqa.selenium.chrome.ChromeDriver
Capabilities [{applicationCacheEnabled=false, rotatable=false, mobileEmulationEnabled=false, chrome={userDataDir=C:\Users\SICA-S~1\AppData\Local\Temp\scoped_dir8460_19817}, takesHeapSnapshot=true, databaseEnabled=false, handlesAlerts=true, hasTouchScreen=false, version=52.0.2743.116, platform=XP, browserConnectionEnabled=false, nativeEvents=true, acceptSslCerts=true, locationContextEnabled=true, webStorageEnabled=true, browserName=chrome, takesScreenshot=true, javascriptEnabled=true, cssSelectorsEnabled=true}]
Session ID: 60f95de3accbe744cf8df4036718c9f4
	at sun.reflect.NativeConstructorAccessorImpl.newInstance0(Native Method)
	at sun.reflect.NativeConstructorAccessorImpl.newInstance(NativeConstructorAccessorImpl.java:62)
	at sun.reflect.DelegatingConstructorAccessorImpl.newInstance(DelegatingConstructorAccessorImpl.java:45)
	at java.lang.reflect.Constructor.newInstance(Constructor.java:423)
	at org.openqa.selenium.remote.ErrorHandler.createThrowable(ErrorHandler.java:206)
	at org.openqa.selenium.remote.ErrorHandler.throwIfResponseFailed(ErrorHandler.java:158)
	at org.openqa.selenium.remote.RemoteWebDriver.execute(RemoteWebDriver.java:678)
	at org.openqa.selenium.remote.RemoteWebElement.execute(RemoteWebElement.java:327)
	at org.openqa.selenium.remote.RemoteWebElement.sendKeys(RemoteWebElement.java:122)
	at com.sdl.selenium.web.WebLocatorDriverExecutor.tryAgainDoSendKeys(WebLocatorDriverExecutor.java:208)
	at com.sdl.selenium.web.WebLocatorDriverExecutor.sendKeys(WebLocatorDriverExecutor.java:178)
	at com.sdl.selenium.web.WebLocator.sendKeys(WebLocator.java:241)
	at com.zikyo.utils.Recogroup.SeniorSoftwareView.setValues(SeniorSoftwareView.java:24)
	at com.zikyo.steps.seniorSoftwareSteps.SeniorSoftwareSteps.iFillInAllFieldsForApplyForThisJob(SeniorSoftwareSteps.java:25)
	at sun.reflect.NativeMethodAccessorImpl.invoke0(Native Method)
	at sun.reflect.NativeMethodAccessorImpl.invoke(NativeMethodAccessorImpl.java:62)
	at sun.reflect.DelegatingMethodAccessorImpl.invoke(DelegatingMethodAccessorImpl.java:43)
	at java.lang.reflect.Method.invoke(Method.java:498)
	at cucumber.runtime.Utils$1.call(Utils.java:37)
	at cucumber.runtime.Timeout.timeout(Timeout.java:13)
	at cucumber.runtime.Utils.invoke(Utils.java:31)
	at cucumber.runtime.java.JavaStepDefinition.execute(JavaStepDefinition.java:38)
	at cucumber.runtime.StepDefinitionMatch.runStep(StepDefinitionMatch.java:37)
	at cucumber.runtime.Runtime.runStep(Runtime.java:299)
	at cucumber.runtime.model.StepContainer.runStep(StepContainer.java:44)
	at cucumber.runtime.model.StepContainer.runSteps(StepContainer.java:39)
	at cucumber.runtime.model.CucumberScenario.run(CucumberScenario.java:44)
	at cucumber.runtime.model.CucumberFeature.run(CucumberFeature.java:165)
	at cucumber.runtime.Runtime.run(Runtime.java:121)
	at cucumber.api.cli.Main.run(Main.java:36)
	at cucumber.api.cli.Main.main(Main.java:18)
	at sun.reflect.NativeMethodAccessorImpl.invoke0(Native Method)
	at sun.reflect.NativeMethodAccessorImpl.invoke(NativeMethodAccessorImpl.java:62)
	at sun.reflect.DelegatingMethodAccessorImpl.invoke(DelegatingMethodAccessorImpl.java:43)
	at java.lang.reflect.Method.invoke(Method.java:498)
	at com.intellij.rt.execution.application.AppMain.main(AppMain.java:144)
16:45:46 WARN : Hooks - "SeniorSoftware successfully" scenario has failed! Screenshot embedded in the report.
16:45:46 DEBUG: Hooks - ***** END of Scenario: SeniorSoftware successfully *****
16:45:46 INFO : WebDriverConfig - ===============================================================
16:45:46 INFO : WebDriverConfig - |          Stopping driver (closing browser)                   |
16:45:46 INFO : WebDriverConfig - ===============================================================
16:45:47 DEBUG: WebDriverConfig - ===============================================================
16:45:47 DEBUG: WebDriverConfig - |         Driver stopped (browser closed)                     |
16:45:47 DEBUG: WebDriverConfig - ===============================================================

16:46:15 DEBUG: Hooks - ***** START of Scenario: SeniorSoftware successfully *****
16:46:15 INFO : InitDriver - ===============================================================
16:46:15 INFO : InitDriver - |          Environment : ft
16:46:15 INFO : InitDriver - |          Operating System : Windows 10
16:46:15 INFO : InitDriver - |          Browser: chrome
16:46:15 INFO : InitDriver - |          Browser config file: chrome.properties
16:46:15 INFO : InitDriver - ===============================================================

16:46:16 DEBUG: WebDriverConfig - File: chrome.properties exists
16:46:16 INFO : WebLocatorConfig - 
	weblocator.log.containers=false
	weblocator.log.useClassName=false
	weblocator.log.xPath=true
	weblocator.log.retryException=true
	weblocator.log.suggestions=true
	weblocator.highlight=true
	weblocator.generateCssSelector=false
	weblocator.defaults.renderMillis=5000
	weblocator.defaults.searchType=contains
	weblocator.defaults.labelPosition=/parent::*/following-sibling::div[1]//
	weblocator.min.chars.toType=-1
	driver.autoClose=true
	driver.implicitlyWait=150
	upload.exe.path=src\test\resources\upload\upload.exe
	weblocator.log.logXPathEnabled=true

16:46:16 INFO : WebDriverConfig - Browser is: chrome
16:46:16 INFO : WebDriverConfig - 
	browser=chrome
	browser.driver.path=src\test\resources\drivers\chromedriver.exe
	browser.download.dir=src/test/resources/downloads/
	options.arguments=--lang=en --allow-running-insecure-content --enable-logging --v=1 --test-type
	options.experimental.profile.default_content_setting_values.automatic_downloads=1
	options.experimental.profile.content_settings.pattern_pairs.*.multiple-automatic-downloads=1
	options.experimental.profile.default_content_settings.popups=0
	options.experimental.download.prompt_for_download=1

16:46:16 INFO : ChromeConfigReader - The properties was load with success: 
	browser=chrome
	browser.driver.path=src\test\resources\drivers\chromedriver.exe
	browser.download.dir=src/test/resources/downloads/
	options.arguments=--lang=en --allow-running-insecure-content --enable-logging --v=1 --test-type
	options.experimental.profile.default_content_setting_values.automatic_downloads=1
	options.experimental.profile.content_settings.pattern_pairs.*.multiple-automatic-downloads=1
	options.experimental.profile.default_content_settings.popups=0
	options.experimental.download.prompt_for_download=1

16:46:18 INFO : WebDriverConfig - ===============================================================
16:46:18 INFO : WebDriverConfig - |          Open Selenium Web Driver 
16:46:18 INFO : WebDriverConfig - ===============================================================

16:46:27 INFO : WebLocator - click on menu-item-231
16:46:28 INFO : WebLocator - click on item isotope-item testing
16:46:29 INFO : WebLocator - sendKeys value(your-name): 'Hapte'
16:46:39 DEBUG: Hooks - ***** END of Scenario: SeniorSoftware successfully *****
16:46:39 INFO : WebDriverConfig - ===============================================================
16:46:39 INFO : WebDriverConfig - |          Stopping driver (closing browser)                   |
16:46:39 INFO : WebDriverConfig - ===============================================================
16:46:40 DEBUG: WebDriverConfig - ===============================================================
16:46:40 DEBUG: WebDriverConfig - |         Driver stopped (browser closed)                     |
16:46:40 DEBUG: WebDriverConfig - ===============================================================

